
MA2000_Firmware_v_0_25.elf:     file format elf32-littlearm

Sections:
Idx Name          Size      VMA       LMA       File off  Algn
  0 .reset        00000190  00000000  00000000  00008000  2**4
                  CONTENTS, ALLOC, LOAD, READONLY, CODE
  1 .ramvect      00000040  40000000  40000000  00018000  2**0
                  ALLOC
  2 .text         00001e44  00000190  00000190  00008190  2**2
                  CONTENTS, ALLOC, LOAD, READONLY, CODE
  3 .data         00000008  40000040  00001fd4  00010040  2**2
                  CONTENTS, ALLOC, LOAD, DATA
  4 .bss          00000078  40000048  00001fdc  00010048  2**2
                  ALLOC
  5 .stack        00000400  400000c0  00001fdc  000100c0  2**0
                  ALLOC
  6 .comment      00000011  00000000  00000000  00010048  2**0
                  CONTENTS, READONLY
  7 .debug_aranges 000001c0  00000000  00000000  00010060  2**3
                  CONTENTS, READONLY, DEBUGGING
  8 .debug_pubnames 000003c6  00000000  00000000  00010220  2**0
                  CONTENTS, READONLY, DEBUGGING
  9 .debug_info   0000104b  00000000  00000000  000105e6  2**0
                  CONTENTS, READONLY, DEBUGGING
 10 .debug_abbrev 0000066d  00000000  00000000  00011631  2**0
                  CONTENTS, READONLY, DEBUGGING
 11 .debug_line   000012a1  00000000  00000000  00011c9e  2**0
                  CONTENTS, READONLY, DEBUGGING
 12 .debug_frame  0000053c  00000000  00000000  00012f40  2**2
                  CONTENTS, READONLY, DEBUGGING
 13 .debug_str    0000056c  00000000  00000000  0001347c  2**0
                  CONTENTS, READONLY, DEBUGGING
 14 .debug_loc    000005f0  00000000  00000000  000139e8  2**0
                  CONTENTS, READONLY, DEBUGGING
 15 .debug_macinfo 0004ad0b  00000000  00000000  00013fd8  2**0
                  CONTENTS, READONLY, DEBUGGING
 16 .ARM.attributes 0000002e  00000000  00000000  0005ece3  2**0
                  CONTENTS, READONLY
 17 .debug_pubtypes 0000010c  00000000  00000000  0005ed11  2**0
                  CONTENTS, READONLY, DEBUGGING

Disassembly of section .reset:

00000000 <_start>:
   0:	e59ff018 	ldr	pc, [pc, #24]	; 20 <ResetAddr>
   4:	e59ff018 	ldr	pc, [pc, #24]	; 24 <UndefAddr>
   8:	e59ff018 	ldr	pc, [pc, #24]	; 28 <SWIAddr>
   c:	e59ff018 	ldr	pc, [pc, #24]	; 2c <PAbortAddr>
  10:	e59ff018 	ldr	pc, [pc, #24]	; 30 <DAbortAddr>
  14:	e59ff018 	ldr	pc, [pc, #24]	; 34 <ReservedAddr>
  18:	e51ffff0 	ldr	pc, [pc, #-4080]	; fffff030 <STACK_FILL+0x55554586>
  1c:	e59ff018 	ldr	pc, [pc, #24]	; 3c <FIQAddr>

00000020 <ResetAddr>:
  20:	00000040 	.word	0x00000040

00000024 <UndefAddr>:
  24:	00000128 	.word	0x00000128

00000028 <SWIAddr>:
  28:	0000012c 	.word	0x0000012c

0000002c <PAbortAddr>:
  2c:	00000130 	.word	0x00000130

00000030 <DAbortAddr>:
  30:	0000041c 	.word	0x0000041c

00000034 <ReservedAddr>:
  34:	00000000 	.word	0x00000000

00000038 <IRQAddr>:
  38:	00000138 	.word	0x00000138

0000003c <FIQAddr>:
  3c:	0000013c 	.word	0x0000013c

00000040 <_reset>:
  40:	e1a00000 	nop			; (mov r0, r0)
  44:	e1a00000 	nop			; (mov r0, r0)
  48:	e1a00000 	nop			; (mov r0, r0)
  4c:	e1a00000 	nop			; (mov r0, r0)
  50:	e1a00000 	nop			; (mov r0, r0)
  54:	e1a00000 	nop			; (mov r0, r0)
  58:	e1a00000 	nop			; (mov r0, r0)
  5c:	e1a00000 	nop			; (mov r0, r0)
  60:	e59f00d8 	ldr	r0, [pc, #216]	; 140 <FIQHandler+0x4>
  64:	e59f10d8 	ldr	r1, [pc, #216]	; 144 <FIQHandler+0x8>
  68:	e1a0e001 	mov	lr, r1
  6c:	e59fd0d4 	ldr	sp, [pc, #212]	; 148 <FIQHandler+0xc>
  70:	ea000086 	b	290 <low_level_init>

00000074 <_cstartup>:
  74:	e59f00d0 	ldr	r0, [pc, #208]	; 14c <FIQHandler+0x10>
  78:	e59f10d0 	ldr	r1, [pc, #208]	; 150 <FIQHandler+0x14>
  7c:	e59f20d0 	ldr	r2, [pc, #208]	; 154 <FIQHandler+0x18>
  80:	e1510002 	cmp	r1, r2
  84:	b8b00008 	ldmlt	r0!, {r3}
  88:	b8a10008 	stmialt	r1!, {r3}
  8c:	bafffffb 	blt	80 <_cstartup+0xc>
  90:	e59f00c0 	ldr	r0, [pc, #192]	; 158 <FIQHandler+0x1c>
  94:	e59f10c0 	ldr	r1, [pc, #192]	; 15c <FIQHandler+0x20>
  98:	e59f20c0 	ldr	r2, [pc, #192]	; 160 <FIQHandler+0x24>
  9c:	e1510002 	cmp	r1, r2
  a0:	b8b00008 	ldmlt	r0!, {r3}
  a4:	b8a10008 	stmialt	r1!, {r3}
  a8:	bafffffb 	blt	9c <_cstartup+0x28>
  ac:	e59f10b0 	ldr	r1, [pc, #176]	; 164 <FIQHandler+0x28>
  b0:	e59f20b0 	ldr	r2, [pc, #176]	; 168 <FIQHandler+0x2c>
  b4:	e3a03000 	mov	r3, #0
  b8:	e1510002 	cmp	r1, r2
  bc:	b8a10008 	stmialt	r1!, {r3}
  c0:	bafffffc 	blt	b8 <_cstartup+0x44>
  c4:	e59f10a0 	ldr	r1, [pc, #160]	; 16c <FIQHandler+0x30>
  c8:	e59f2078 	ldr	r2, [pc, #120]	; 148 <FIQHandler+0xc>
  cc:	e59f309c 	ldr	r3, [pc, #156]	; 170 <FIQHandler+0x34>
  d0:	e1520002 	cmp	r2, r2
  d4:	b8a10008 	stmialt	r1!, {r3}
  d8:	bafffffc 	blt	d0 <_cstartup+0x5c>
  dc:	e321f052 	msr	CPSR_c, #82	; 0x52
  e0:	e59fd08c 	ldr	sp, [pc, #140]	; 174 <FIQHandler+0x38>
  e4:	e321f051 	msr	CPSR_c, #81	; 0x51
  e8:	e59fd088 	ldr	sp, [pc, #136]	; 178 <FIQHandler+0x3c>
  ec:	e321f053 	msr	CPSR_c, #83	; 0x53
  f0:	e59fd084 	ldr	sp, [pc, #132]	; 17c <FIQHandler+0x40>
  f4:	e321f057 	msr	CPSR_c, #87	; 0x57
  f8:	e59fd080 	ldr	sp, [pc, #128]	; 180 <FIQHandler+0x44>
  fc:	e321f05b 	msr	CPSR_c, #91	; 0x5b
 100:	e59fd07c 	ldr	sp, [pc, #124]	; 184 <FIQHandler+0x48>
 104:	e321f05f 	msr	CPSR_c, #95	; 0x5f
 108:	e59fd078 	ldr	sp, [pc, #120]	; 188 <FIQHandler+0x4c>
 10c:	e59fc078 	ldr	ip, [pc, #120]	; 18c <FIQHandler+0x50>
 110:	e1a0e00f 	mov	lr, pc
 114:	e12fff1c 	bx	ip

00000118 <ExitFunction>:
 118:	e1a00000 	nop			; (mov r0, r0)
 11c:	e1a00000 	nop			; (mov r0, r0)
 120:	e1a00000 	nop			; (mov r0, r0)
 124:	eafffffb 	b	118 <ExitFunction>

00000128 <UndefHandler>:
 128:	eafffffe 	b	128 <UndefHandler>

0000012c <SWIHandler>:
 12c:	eafffffe 	b	12c <SWIHandler>

00000130 <PAbortHandler>:
 130:	eafffffe 	b	130 <PAbortHandler>
 134:	ea0000b8 	b	41c <DAbortHandler>

00000138 <IRQHandler>:
 138:	eafffffe 	b	138 <IRQHandler>

0000013c <FIQHandler>:
 13c:	eafffffe 	b	13c <FIQHandler>
 140:	00000040 	.word	0x00000040
 144:	00000074 	.word	0x00000074
 148:	400004c0 	.word	0x400004c0
 14c:	00000190 	.word	0x00000190
 150:	40000040 	.word	0x40000040
 154:	40000040 	.word	0x40000040
 158:	00001fd4 	.word	0x00001fd4
 15c:	40000040 	.word	0x40000040
 160:	40000048 	.word	0x40000048
 164:	40000048 	.word	0x40000048
 168:	400000c0 	.word	0x400000c0
 16c:	400000c0 	.word	0x400000c0
 170:	aaaaaaaa 	.word	0xaaaaaaaa
 174:	400002c0 	.word	0x400002c0
 178:	400002c0 	.word	0x400002c0
 17c:	400002c0 	.word	0x400002c0
 180:	400002c0 	.word	0x400002c0
 184:	400002c0 	.word	0x400002c0
 188:	400004c0 	.word	0x400004c0
 18c:	00000718 	.word	0x00000718

Disassembly of section .text:

00000190 <cpu_init>:
     190:	e92d4800 	push	{fp, lr}
     194:	e28db004 	add	fp, sp, #4
     198:	e3a0320e 	mov	r3, #-536870912	; 0xe0000000
     19c:	e283397f 	add	r3, r3, #2080768	; 0x1fc000
     1a0:	e2833084 	add	r3, r3, #132	; 0x84
     1a4:	e3a02024 	mov	r2, #36	; 0x24
     1a8:	e5832000 	str	r2, [r3]
     1ac:	eb000028 	bl	254 <feed>
     1b0:	e3a0320e 	mov	r3, #-536870912	; 0xe0000000
     1b4:	e283397f 	add	r3, r3, #2080768	; 0x1fc000
     1b8:	e2833080 	add	r3, r3, #128	; 0x80
     1bc:	e3a02001 	mov	r2, #1
     1c0:	e5832000 	str	r2, [r3]
     1c4:	eb000022 	bl	254 <feed>
     1c8:	e1a00000 	nop			; (mov r0, r0)
     1cc:	e3a0320e 	mov	r3, #-536870912	; 0xe0000000
     1d0:	e283397f 	add	r3, r3, #2080768	; 0x1fc000
     1d4:	e2833088 	add	r3, r3, #136	; 0x88
     1d8:	e5933000 	ldr	r3, [r3]
     1dc:	e2033b01 	and	r3, r3, #1024	; 0x400
     1e0:	e3530000 	cmp	r3, #0
     1e4:	0afffff8 	beq	1cc <cpu_init+0x3c>
     1e8:	e3a0320e 	mov	r3, #-536870912	; 0xe0000000
     1ec:	e283397f 	add	r3, r3, #2080768	; 0x1fc000
     1f0:	e2833080 	add	r3, r3, #128	; 0x80
     1f4:	e3a02003 	mov	r2, #3
     1f8:	e5832000 	str	r2, [r3]
     1fc:	eb000014 	bl	254 <feed>
     200:	e3a0320e 	mov	r3, #-536870912	; 0xe0000000
     204:	e283397f 	add	r3, r3, #2080768	; 0x1fc000
     208:	e3a02002 	mov	r2, #2
     20c:	e5832000 	str	r2, [r3]
     210:	e3a0324e 	mov	r3, #-536870908	; 0xe0000004
     214:	e283397f 	add	r3, r3, #2080768	; 0x1fc000
     218:	e3a02004 	mov	r2, #4
     21c:	e5832000 	str	r2, [r3]
     220:	e3a0320e 	mov	r3, #-536870912	; 0xe0000000
     224:	e283397f 	add	r3, r3, #2080768	; 0x1fc000
     228:	e2833c01 	add	r3, r3, #256	; 0x100
     22c:	e3a02001 	mov	r2, #1
     230:	e5832000 	str	r2, [r3]
     234:	e3a0320e 	mov	r3, #-536870912	; 0xe0000000
     238:	e283397f 	add	r3, r3, #2080768	; 0x1fc000
     23c:	e2833040 	add	r3, r3, #64	; 0x40
     240:	e3a02001 	mov	r2, #1
     244:	e5832000 	str	r2, [r3]
     248:	e24bd004 	sub	sp, fp, #4
     24c:	e8bd4800 	pop	{fp, lr}
     250:	e12fff1e 	bx	lr

00000254 <feed>:
     254:	e52db004 	push	{fp}		; (str fp, [sp, #-4]!)
     258:	e28db000 	add	fp, sp, #0
     25c:	e3a0320e 	mov	r3, #-536870912	; 0xe0000000
     260:	e283397f 	add	r3, r3, #2080768	; 0x1fc000
     264:	e283308c 	add	r3, r3, #140	; 0x8c
     268:	e3a020aa 	mov	r2, #170	; 0xaa
     26c:	e5832000 	str	r2, [r3]
     270:	e3a0320e 	mov	r3, #-536870912	; 0xe0000000
     274:	e283397f 	add	r3, r3, #2080768	; 0x1fc000
     278:	e283308c 	add	r3, r3, #140	; 0x8c
     27c:	e3a02055 	mov	r2, #85	; 0x55
     280:	e5832000 	str	r2, [r3]
     284:	e28bd000 	add	sp, fp, #0
     288:	e8bd0800 	pop	{fp}
     28c:	e12fff1e 	bx	lr

00000290 <low_level_init>:
/*  application a chance to perform early initializations of the hardware. */
/*  This function cannot rely on initialization of any static variables,   */
/*  because these have not yet been initialized in RAM.                    */
/***************************************************************************/
void low_level_init (void *reset_addr, void *return_addr) 
{
     290:	e52db004 	push	{fp}		; (str fp, [sp, #-4]!)
     294:	e28db000 	add	fp, sp, #0
     298:	e24dd00c 	sub	sp, sp, #12
     29c:	e50b0008 	str	r0, [fp, #-8]
     2a0:	e50b100c 	str	r1, [fp, #-12]
   /*  In this case __ram_start is set to the RAM start address       */
   /*  of the LPC, which is 0x40000000.                           */
   /*                                                                 */
   /*  Only than, we can map the exception vectors from RAM to Flash. */
   /*******************************************************************/
   if ((uint32_t)&__ram_start == 0x40000000)
     2a4:	e59f3154 	ldr	r3, [pc, #340]	; 400 <low_level_init+0x170>
     2a8:	e3530101 	cmp	r3, #1073741824	; 0x40000000
     2ac:	1a000050 	bne	3f4 <low_level_init+0x164>
       * in order to guarantee that the ARM core is provided with valid vectors
       * during the remap operation.
       */
       
      /* Setup the primary vector table in RAM */
      *(uint32_t volatile *)(&__ram_start + 0x00) = LDR_PC_PC;
     2b0:	e59f2148 	ldr	r2, [pc, #328]	; 400 <low_level_init+0x170>
     2b4:	e3e03efe 	mvn	r3, #4064	; 0xfe0
     2b8:	e2433271 	sub	r3, r3, #268435463	; 0x10000007
     2bc:	e24336a6 	sub	r3, r3, #174063616	; 0xa600000
     2c0:	e5823000 	str	r3, [r2]
      *(uint32_t volatile *)(&__ram_start + 0x04) = LDR_PC_PC;
     2c4:	e59f3134 	ldr	r3, [pc, #308]	; 400 <low_level_init+0x170>
     2c8:	e2832004 	add	r2, r3, #4
     2cc:	e3e03efe 	mvn	r3, #4064	; 0xfe0
     2d0:	e2433271 	sub	r3, r3, #268435463	; 0x10000007
     2d4:	e24336a6 	sub	r3, r3, #174063616	; 0xa600000
     2d8:	e5823000 	str	r3, [r2]
      *(uint32_t volatile *)(&__ram_start + 0x08) = LDR_PC_PC;
     2dc:	e59f311c 	ldr	r3, [pc, #284]	; 400 <low_level_init+0x170>
     2e0:	e2832008 	add	r2, r3, #8
     2e4:	e3e03efe 	mvn	r3, #4064	; 0xfe0
     2e8:	e2433271 	sub	r3, r3, #268435463	; 0x10000007
     2ec:	e24336a6 	sub	r3, r3, #174063616	; 0xa600000
     2f0:	e5823000 	str	r3, [r2]
      *(uint32_t volatile *)(&__ram_start + 0x0C) = LDR_PC_PC;
     2f4:	e59f3104 	ldr	r3, [pc, #260]	; 400 <low_level_init+0x170>
     2f8:	e283200c 	add	r2, r3, #12
     2fc:	e3e03efe 	mvn	r3, #4064	; 0xfe0
     300:	e2433271 	sub	r3, r3, #268435463	; 0x10000007
     304:	e24336a6 	sub	r3, r3, #174063616	; 0xa600000
     308:	e5823000 	str	r3, [r2]
      *(uint32_t volatile *)(&__ram_start + 0x10) = LDR_PC_PC;
     30c:	e59f30ec 	ldr	r3, [pc, #236]	; 400 <low_level_init+0x170>
     310:	e2832010 	add	r2, r3, #16
     314:	e3e03efe 	mvn	r3, #4064	; 0xfe0
     318:	e2433271 	sub	r3, r3, #268435463	; 0x10000007
     31c:	e24336a6 	sub	r3, r3, #174063616	; 0xa600000
     320:	e5823000 	str	r3, [r2]
      *(uint32_t volatile *)(&__ram_start + 0x14) = MAGIC;
     324:	e59f30d4 	ldr	r3, [pc, #212]	; 400 <low_level_init+0x170>
     328:	e2832014 	add	r2, r3, #20
     32c:	e3e03585 	mvn	r3, #557842432	; 0x21400000
     330:	e2433949 	sub	r3, r3, #1196032	; 0x124000
     334:	e2433e11 	sub	r3, r3, #272	; 0x110
     338:	e5823000 	str	r3, [r2]
      *(uint32_t volatile *)(&__ram_start + 0x18) = LDR_PC_PC;
     33c:	e59f30bc 	ldr	r3, [pc, #188]	; 400 <low_level_init+0x170>
     340:	e2832018 	add	r2, r3, #24
     344:	e3e03efe 	mvn	r3, #4064	; 0xfe0
     348:	e2433271 	sub	r3, r3, #268435463	; 0x10000007
     34c:	e24336a6 	sub	r3, r3, #174063616	; 0xa600000
     350:	e5823000 	str	r3, [r2]
      *(uint32_t volatile *)(&__ram_start + 0x1C) = LDR_PC_PC;
     354:	e59f30a4 	ldr	r3, [pc, #164]	; 400 <low_level_init+0x170>
     358:	e283201c 	add	r2, r3, #28
     35c:	e3e03efe 	mvn	r3, #4064	; 0xfe0
     360:	e2433271 	sub	r3, r3, #268435463	; 0x10000007
     364:	e24336a6 	sub	r3, r3, #174063616	; 0xa600000
     368:	e5823000 	str	r3, [r2]

      /* setup the secondary vector table in RAM */
      *(uint32_t volatile *)(&__ram_start + 0x20) = (uint32_t)reset_addr;
     36c:	e59f308c 	ldr	r3, [pc, #140]	; 400 <low_level_init+0x170>
     370:	e2833020 	add	r3, r3, #32
     374:	e51b2008 	ldr	r2, [fp, #-8]
     378:	e5832000 	str	r2, [r3]
      *(uint32_t volatile *)(&__ram_start + 0x24) = (uint32_t)UndefHandler;
     37c:	e59f307c 	ldr	r3, [pc, #124]	; 400 <low_level_init+0x170>
     380:	e2833024 	add	r3, r3, #36	; 0x24
     384:	e59f2078 	ldr	r2, [pc, #120]	; 404 <low_level_init+0x174>
     388:	e5832000 	str	r2, [r3]
      *(uint32_t volatile *)(&__ram_start + 0x28) = (uint32_t)SWIHandler;
     38c:	e59f306c 	ldr	r3, [pc, #108]	; 400 <low_level_init+0x170>
     390:	e2833028 	add	r3, r3, #40	; 0x28
     394:	e59f206c 	ldr	r2, [pc, #108]	; 408 <low_level_init+0x178>
     398:	e5832000 	str	r2, [r3]
      *(uint32_t volatile *)(&__ram_start + 0x2C) = (uint32_t)PAbortHandler;
     39c:	e59f305c 	ldr	r3, [pc, #92]	; 400 <low_level_init+0x170>
     3a0:	e283302c 	add	r3, r3, #44	; 0x2c
     3a4:	e59f2060 	ldr	r2, [pc, #96]	; 40c <low_level_init+0x17c>
     3a8:	e5832000 	str	r2, [r3]
      *(uint32_t volatile *)(&__ram_start + 0x30) = (uint32_t)DAbortHandler;
     3ac:	e59f304c 	ldr	r3, [pc, #76]	; 400 <low_level_init+0x170>
     3b0:	e2833030 	add	r3, r3, #48	; 0x30
     3b4:	e59f2054 	ldr	r2, [pc, #84]	; 410 <low_level_init+0x180>
     3b8:	e5832000 	str	r2, [r3]
      *(uint32_t volatile *)(&__ram_start + 0x34) = 0;
     3bc:	e59f303c 	ldr	r3, [pc, #60]	; 400 <low_level_init+0x170>
     3c0:	e2833034 	add	r3, r3, #52	; 0x34
     3c4:	e3a02000 	mov	r2, #0
     3c8:	e5832000 	str	r2, [r3]
      *(uint32_t volatile *)(&__ram_start + 0x38) = (uint32_t)IRQHandler;
     3cc:	e59f302c 	ldr	r3, [pc, #44]	; 400 <low_level_init+0x170>
     3d0:	e2833038 	add	r3, r3, #56	; 0x38
     3d4:	e59f2038 	ldr	r2, [pc, #56]	; 414 <low_level_init+0x184>
     3d8:	e5832000 	str	r2, [r3]
      *(uint32_t volatile *)(&__ram_start + 0x3C) = (uint32_t)FIQHandler;
     3dc:	e59f301c 	ldr	r3, [pc, #28]	; 400 <low_level_init+0x170>
     3e0:	e283303c 	add	r3, r3, #60	; 0x3c
     3e4:	e59f202c 	ldr	r2, [pc, #44]	; 418 <low_level_init+0x188>
     3e8:	e5832000 	str	r2, [r3]

      /* 
       * Check if the Memory Controller has been remapped already 
       */
      if (MAGIC != (*(uint32_t volatile *)0x14)) 
     3ec:	e3a03014 	mov	r3, #20
     3f0:	e5933000 	ldr	r3, [r3]
         /* perform Memory Controller remapping */
         // Add command here
      }
   }      
   
} /* low_level_init */
     3f4:	e28bd000 	add	sp, fp, #0
     3f8:	e8bd0800 	pop	{fp}
     3fc:	e12fff1e 	bx	lr
     400:	40000000 	.word	0x40000000
     404:	00000128 	.word	0x00000128
     408:	0000012c 	.word	0x0000012c
     40c:	00000130 	.word	0x00000130
     410:	0000041c 	.word	0x0000041c
     414:	00000138 	.word	0x00000138
     418:	0000013c 	.word	0x0000013c

0000041c <DAbortHandler>:


void DAbortHandler (void)
{
     41c:	e52db004 	push	{fp}		; (str fp, [sp, #-4]!)
     420:	e28db000 	add	fp, sp, #0
	while(!(U0LSR & 0x40)){}
     424:	e1a00000 	nop			; (mov r0, r0)
     428:	e3a0320e 	mov	r3, #-536870912	; 0xe0000000
     42c:	e2833903 	add	r3, r3, #49152	; 0xc000
     430:	e2833014 	add	r3, r3, #20
     434:	e5933000 	ldr	r3, [r3]
     438:	e2033040 	and	r3, r3, #64	; 0x40
     43c:	e3530000 	cmp	r3, #0
     440:	0afffff8 	beq	428 <DAbortHandler+0xc>
	U0THR = 'D';
     444:	e3a0320e 	mov	r3, #-536870912	; 0xe0000000
     448:	e2833903 	add	r3, r3, #49152	; 0xc000
     44c:	e3a02044 	mov	r2, #68	; 0x44
     450:	e5832000 	str	r2, [r3]
	while(!(U0LSR & 0x40)){}
     454:	e1a00000 	nop			; (mov r0, r0)
     458:	e3a0320e 	mov	r3, #-536870912	; 0xe0000000
     45c:	e2833903 	add	r3, r3, #49152	; 0xc000
     460:	e2833014 	add	r3, r3, #20
     464:	e5933000 	ldr	r3, [r3]
     468:	e2033040 	and	r3, r3, #64	; 0x40
     46c:	e3530000 	cmp	r3, #0
     470:	0afffff8 	beq	458 <DAbortHandler+0x3c>
	U0THR = 'A';
     474:	e3a0320e 	mov	r3, #-536870912	; 0xe0000000
     478:	e2833903 	add	r3, r3, #49152	; 0xc000
     47c:	e3a02041 	mov	r2, #65	; 0x41
     480:	e5832000 	str	r2, [r3]
	while(!(U0LSR & 0x40)){}
     484:	e1a00000 	nop			; (mov r0, r0)
     488:	e3a0320e 	mov	r3, #-536870912	; 0xe0000000
     48c:	e2833903 	add	r3, r3, #49152	; 0xc000
     490:	e2833014 	add	r3, r3, #20
     494:	e5933000 	ldr	r3, [r3]
     498:	e2033040 	and	r3, r3, #64	; 0x40
     49c:	e3530000 	cmp	r3, #0
     4a0:	0afffff8 	beq	488 <DAbortHandler+0x6c>
	U0THR = 'B';
     4a4:	e3a0320e 	mov	r3, #-536870912	; 0xe0000000
     4a8:	e2833903 	add	r3, r3, #49152	; 0xc000
     4ac:	e3a02042 	mov	r2, #66	; 0x42
     4b0:	e5832000 	str	r2, [r3]

	while(1);
     4b4:	eafffffe 	b	4b4 <DAbortHandler+0x98>

000004b8 <PWM_InterruptControl>:
 *	  Parameters:
 * 	 	 Returns: Void
 * 	 Description: Function called by a timer interruption to control PWM 4, 5 and 6
***************************************************************************************/
void PWM_InterruptControl(void)
{
     4b8:	e52db004 	push	{fp}		; (str fp, [sp, #-4]!)
     4bc:	e28db000 	add	fp, sp, #0
	if(iCountTimer0 >= DOF4_PWM_DC)
     4c0:	e59f30b4 	ldr	r3, [pc, #180]	; 57c <PWM_InterruptControl+0xc4>
     4c4:	e5933000 	ldr	r3, [r3]
     4c8:	e1a02003 	mov	r2, r3
     4cc:	e59f30ac 	ldr	r3, [pc, #172]	; 580 <PWM_InterruptControl+0xc8>
     4d0:	e5933000 	ldr	r3, [r3]
     4d4:	e1520003 	cmp	r2, r3
     4d8:	3a000003 	bcc	4ec <PWM_InterruptControl+0x34>
		IOCLR0 = (1<<18); //Sets low for GPIO 0.18
     4dc:	e3a032ce 	mov	r3, #-536870900	; 0xe000000c
     4e0:	e283390a 	add	r3, r3, #163840	; 0x28000
     4e4:	e3a02701 	mov	r2, #262144	; 0x40000
     4e8:	e5832000 	str	r2, [r3]

	if(iCountTimer0 >= DOF5_PWM_DC)
     4ec:	e59f3088 	ldr	r3, [pc, #136]	; 57c <PWM_InterruptControl+0xc4>
     4f0:	e5933000 	ldr	r3, [r3]
     4f4:	e1a02003 	mov	r2, r3
     4f8:	e59f3084 	ldr	r3, [pc, #132]	; 584 <PWM_InterruptControl+0xcc>
     4fc:	e5933000 	ldr	r3, [r3]
     500:	e1520003 	cmp	r2, r3
     504:	3a000003 	bcc	518 <PWM_InterruptControl+0x60>
		IOCLR0 = (1<<19); //Sets low for GPIO 0.19
     508:	e3a032ce 	mov	r3, #-536870900	; 0xe000000c
     50c:	e283390a 	add	r3, r3, #163840	; 0x28000
     510:	e3a02702 	mov	r2, #524288	; 0x80000
     514:	e5832000 	str	r2, [r3]

	if(iCountTimer0 >= PWMSERVO_COUNT)
     518:	e59f305c 	ldr	r3, [pc, #92]	; 57c <PWM_InterruptControl+0xc4>
     51c:	e5932000 	ldr	r2, [r3]
     520:	e3a03d43 	mov	r3, #4288	; 0x10c0
     524:	e2833001 	add	r3, r3, #1
     528:	e1520003 	cmp	r2, r3
     52c:	da00000a 	ble	55c <PWM_InterruptControl+0xa4>
	{
		IOSET0 = (1<<18); //Sets high for GPIO 0.18
     530:	e3a0324e 	mov	r3, #-536870908	; 0xe0000004
     534:	e283390a 	add	r3, r3, #163840	; 0x28000
     538:	e3a02701 	mov	r2, #262144	; 0x40000
     53c:	e5832000 	str	r2, [r3]
 		IOSET0 = (1<<19); //Sets high for GPIO 0.19
     540:	e3a0324e 	mov	r3, #-536870908	; 0xe0000004
     544:	e283390a 	add	r3, r3, #163840	; 0x28000
     548:	e3a02702 	mov	r2, #524288	; 0x80000
     54c:	e5832000 	str	r2, [r3]
		iCountTimer0 = 0;
     550:	e59f3024 	ldr	r3, [pc, #36]	; 57c <PWM_InterruptControl+0xc4>
     554:	e3a02000 	mov	r2, #0
     558:	e5832000 	str	r2, [r3]
	}
	iCountTimer0++;
     55c:	e59f3018 	ldr	r3, [pc, #24]	; 57c <PWM_InterruptControl+0xc4>
     560:	e5933000 	ldr	r3, [r3]
     564:	e2832001 	add	r2, r3, #1
     568:	e59f300c 	ldr	r3, [pc, #12]	; 57c <PWM_InterruptControl+0xc4>
     56c:	e5832000 	str	r2, [r3]
}
     570:	e28bd000 	add	sp, fp, #0
     574:	e8bd0800 	pop	{fp}
     578:	e12fff1e 	bx	lr
     57c:	40000060 	.word	0x40000060
     580:	40000050 	.word	0x40000050
     584:	40000054 	.word	0x40000054

00000588 <Modules_Init>:
 * 	 Description: Initiates CPU configurations,
 * 				  Configure Timer, PWM, ADC, UART Modules,
 * 				  Sets GPIO Pins.
***************************************************************************************/
void Modules_Init(void)
{
     588:	e92d4800 	push	{fp, lr}
     58c:	e28db004 	add	fp, sp, #4
	cpu_init();
     590:	ebfffefe 	bl	190 <cpu_init>

	PWMInit();
     594:	eb000346 	bl	12b4 <PWMInit>
	ADCInit(ADC_CLK);
     598:	e3a0093d 	mov	r0, #999424	; 0xf4000
     59c:	e2800d09 	add	r0, r0, #576	; 0x240
     5a0:	eb000075 	bl	77c <ADCInit>
	Timer_Init();
     5a4:	eb0004bc 	bl	189c <Timer_Init>
	Timer_RegisterCallback(PWM_InterruptControl);
     5a8:	e59f0020 	ldr	r0, [pc, #32]	; 5d0 <Modules_Init+0x48>
     5ac:	eb0004e6 	bl	194c <Timer_RegisterCallback>
	Timer_Enable();
     5b0:	eb0004f0 	bl	1978 <Timer_Enable>
	UART_Init(0,9600);
     5b4:	e3a00000 	mov	r0, #0
     5b8:	e3a01d96 	mov	r1, #9600	; 0x2580
     5bc:	eb000501 	bl	19c8 <UART_Init>
	GPIOInit();
     5c0:	eb000152 	bl	b10 <GPIOInit>
}
     5c4:	e24bd004 	sub	sp, fp, #4
     5c8:	e8bd4800 	pop	{fp, lr}
     5cc:	e12fff1e 	bx	lr
     5d0:	000004b8 	.word	0x000004b8

000005d4 <IdleState>:
 *	  Parameters:
 * 		 Returns:
 * 	 Description:
***************************************************************************************/
STATE IdleState(void)
{
     5d4:	e92d4800 	push	{fp, lr}
     5d8:	e28db004 	add	fp, sp, #4
	if(iCountUart>=20000)
     5dc:	e59f3084 	ldr	r3, [pc, #132]	; 668 <IdleState+0x94>
     5e0:	e5932000 	ldr	r2, [r3]
     5e4:	e3a03c4e 	mov	r3, #19968	; 0x4e00
     5e8:	e283301f 	add	r3, r3, #31
     5ec:	e1520003 	cmp	r2, r3
     5f0:	da000012 	ble	640 <IdleState+0x6c>
	{
		iCountUart=0;
     5f4:	e59f306c 	ldr	r3, [pc, #108]	; 668 <IdleState+0x94>
     5f8:	e3a02000 	mov	r2, #0
     5fc:	e5832000 	str	r2, [r3]
		iprintf("DOF1_ADC_POT: %d In: %d\r\n",DOF1_ADC_POT, tBuffer_In);
     600:	e59f3064 	ldr	r3, [pc, #100]	; 66c <IdleState+0x98>
     604:	e5932000 	ldr	r2, [r3]
     608:	e59f3060 	ldr	r3, [pc, #96]	; 670 <IdleState+0x9c>
     60c:	e5d33000 	ldrb	r3, [r3]
     610:	e59f005c 	ldr	r0, [pc, #92]	; 674 <IdleState+0xa0>
     614:	e1a01002 	mov	r1, r2
     618:	e1a02003 	mov	r2, r3
     61c:	eb000302 	bl	122c <iprintf>


		UART_SendBuffer('0',Test,(sizeof Test));
     620:	e3a00030 	mov	r0, #48	; 0x30
     624:	e59f104c 	ldr	r1, [pc, #76]	; 678 <IdleState+0xa4>
     628:	e3a02005 	mov	r2, #5
     62c:	eb00052f 	bl	1af0 <UART_SendBuffer>

		UART_ReceiveBuffer('0',&tBuffer_In,4);
     630:	e3a00030 	mov	r0, #48	; 0x30
     634:	e59f1034 	ldr	r1, [pc, #52]	; 670 <IdleState+0x9c>
     638:	e3a02004 	mov	r2, #4
     63c:	eb000565 	bl	1bd8 <UART_ReceiveBuffer>
//		memcpy(&y, &data[idx], sizeof(int)); idx += sizeof(int);

//		iprintf("x: %f\r\n",x);
		//iprintf("x: %f y: %d\r\n",x, y);
	}
	iCountUart++;
     640:	e59f3020 	ldr	r3, [pc, #32]	; 668 <IdleState+0x94>
     644:	e5933000 	ldr	r3, [r3]
     648:	e2832001 	add	r2, r3, #1
     64c:	e59f3014 	ldr	r3, [pc, #20]	; 668 <IdleState+0x94>
     650:	e5832000 	str	r2, [r3]
//	{
//		iCountTest=0;
//	}
//	iCountTest++;

	return RECEIVING_DATA;
     654:	e3a03001 	mov	r3, #1
}
     658:	e1a00003 	mov	r0, r3
     65c:	e24bd004 	sub	sp, fp, #4
     660:	e8bd4800 	pop	{fp, lr}
     664:	e12fff1e 	bx	lr
     668:	40000064 	.word	0x40000064
     66c:	40000058 	.word	0x40000058
     670:	40000075 	.word	0x40000075
     674:	00001fb0 	.word	0x00001fb0
     678:	40000040 	.word	0x40000040

0000067c <ReceivingDataState>:
  *	  Parameters:
 * 		 Returns:
 * 	 Description:
***************************************************************************************/
STATE ReceivingDataState(void)
{
     67c:	e92d4800 	push	{fp, lr}
     680:	e28db004 	add	fp, sp, #4
	//UART_ReceiveBuffer(0,teste,1);
	DOF1_SETPOINT = 1000;
     684:	e59f302c 	ldr	r3, [pc, #44]	; 6b8 <ReceivingDataState+0x3c>
     688:	e3a02ffa 	mov	r2, #1000	; 0x3e8
     68c:	e5832000 	str	r2, [r3]
	DOF1_ADC_POT = ADC0Read(1);
     690:	e3a00001 	mov	r0, #1
     694:	eb00009f 	bl	918 <ADC0Read>
     698:	e1a02000 	mov	r2, r0
     69c:	e59f3018 	ldr	r3, [pc, #24]	; 6bc <ReceivingDataState+0x40>
     6a0:	e5832000 	str	r2, [r3]
	return DEF_SETPOINT;
     6a4:	e3a03002 	mov	r3, #2
}
     6a8:	e1a00003 	mov	r0, r3
     6ac:	e24bd004 	sub	sp, fp, #4
     6b0:	e8bd4800 	pop	{fp, lr}
     6b4:	e12fff1e 	bx	lr
     6b8:	40000048 	.word	0x40000048
     6bc:	40000058 	.word	0x40000058

000006c0 <DefSetPointState>:
 *	  Parameters:
 * 		 Returns:
 * 	 Description:
***************************************************************************************/
STATE DefSetPointState(void)
{
     6c0:	e92d4800 	push	{fp, lr}
     6c4:	e28db004 	add	fp, sp, #4
	DOF4_PWM_DC = tBuffer_In;
     6c8:	e59f303c 	ldr	r3, [pc, #60]	; 70c <DefSetPointState+0x4c>
     6cc:	e5d33000 	ldrb	r3, [r3]
     6d0:	e1a02003 	mov	r2, r3
     6d4:	e59f3034 	ldr	r3, [pc, #52]	; 710 <DefSetPointState+0x50>
     6d8:	e5832000 	str	r2, [r3]
	DOF5_PWM_DC = 450;
     6dc:	e59f2030 	ldr	r2, [pc, #48]	; 714 <DefSetPointState+0x54>
     6e0:	e3a03d07 	mov	r3, #448	; 0x1c0
     6e4:	e2833002 	add	r3, r3, #2
     6e8:	e5823000 	str	r3, [r2]
	setDutyCycle(2,(unsigned int)150);
     6ec:	e3a00002 	mov	r0, #2
     6f0:	e3a01096 	mov	r1, #150	; 0x96
     6f4:	eb00034c 	bl	142c <setDutyCycle>
//		IOCLR0 = (1<<19);
//		IOSET0 = (1<<18);
//		DOF1_ERROR = DOF1_ADC_POT - DOF1_SETPOINT;
//	}
//	setDutyCycle(2,DOF1_ERROR);
	return IDLE;
     6f8:	e3a03000 	mov	r3, #0
}
     6fc:	e1a00003 	mov	r0, r3
     700:	e24bd004 	sub	sp, fp, #4
     704:	e8bd4800 	pop	{fp, lr}
     708:	e12fff1e 	bx	lr
     70c:	40000075 	.word	0x40000075
     710:	40000050 	.word	0x40000050
     714:	40000054 	.word	0x40000054

00000718 <main>:
 *	  Parameters:
 * 		 Returns: 0
 * 	 Description: Main function for firmware
***************************************************************************************/
int main (void)
{
     718:	e92d4800 	push	{fp, lr}
     71c:	e28db004 	add	fp, sp, #4
     720:	e24dd008 	sub	sp, sp, #8
	STATE nextState = IDLE; //Creates a variable of STATE type, and attributes its initial value
     724:	e3a03000 	mov	r3, #0
     728:	e54b3005 	strb	r3, [fp, #-5]
	Modules_Init(); //Calls function Modules_Init()
     72c:	ebffff95 	bl	588 <Modules_Init>
     730:	ea000000 	b	738 <main+0x20>
			case RECEIVING_DATA:
				nextState = ReceivingDataState();
			case DEF_SETPOINT:
				nextState = DefSetPointState();
		}
	}
     734:	e1a00000 	nop			; (mov r0, r0)
	STATE nextState = IDLE; //Creates a variable of STATE type, and attributes its initial value
	Modules_Init(); //Calls function Modules_Init()

	while (1)
	{
		switch(nextState)
     738:	e55b3005 	ldrb	r3, [fp, #-5]
     73c:	e3530001 	cmp	r3, #1
     740:	0a000006 	beq	760 <main+0x48>
     744:	e3530002 	cmp	r3, #2
     748:	0a000007 	beq	76c <main+0x54>
     74c:	e3530000 	cmp	r3, #0
     750:	1afffff7 	bne	734 <main+0x1c>
		{
			case IDLE:
				nextState = IdleState();
     754:	ebffff9e 	bl	5d4 <IdleState>
     758:	e1a03000 	mov	r3, r0
     75c:	e54b3005 	strb	r3, [fp, #-5]
			case RECEIVING_DATA:
				nextState = ReceivingDataState();
     760:	ebffffc5 	bl	67c <ReceivingDataState>
     764:	e1a03000 	mov	r3, r0
     768:	e54b3005 	strb	r3, [fp, #-5]
			case DEF_SETPOINT:
				nextState = DefSetPointState();
     76c:	ebffffd3 	bl	6c0 <DefSetPointState>
     770:	e1a03000 	mov	r3, r0
     774:	e54b3005 	strb	r3, [fp, #-5]
		}
	}
     778:	eaffffee 	b	738 <main+0x20>

0000077c <ADCInit>:
     77c:	e92d4810 	push	{r4, fp, lr}
     780:	e28db008 	add	fp, sp, #8
     784:	e24dd00c 	sub	sp, sp, #12
     788:	e50b0010 	str	r0, [fp, #-16]
     78c:	e3a0324e 	mov	r3, #-536870908	; 0xe0000004
     790:	e283390b 	add	r3, r3, #180224	; 0x2c000
     794:	e3a0224e 	mov	r2, #-536870908	; 0xe0000004
     798:	e282290b 	add	r2, r2, #180224	; 0x2c000
     79c:	e5922000 	ldr	r2, [r2]
     7a0:	e3c22402 	bic	r2, r2, #33554432	; 0x2000000
     7a4:	e5832000 	str	r2, [r3]
     7a8:	e3a0324e 	mov	r3, #-536870908	; 0xe0000004
     7ac:	e283390b 	add	r3, r3, #180224	; 0x2c000
     7b0:	e3a0224e 	mov	r2, #-536870908	; 0xe0000004
     7b4:	e282290b 	add	r2, r2, #180224	; 0x2c000
     7b8:	e5922000 	ldr	r2, [r2]
     7bc:	e3822401 	orr	r2, r2, #16777216	; 0x1000000
     7c0:	e5832000 	str	r2, [r3]
     7c4:	e3a0324e 	mov	r3, #-536870908	; 0xe0000004
     7c8:	e283390b 	add	r3, r3, #180224	; 0x2c000
     7cc:	e3a0224e 	mov	r2, #-536870908	; 0xe0000004
     7d0:	e282290b 	add	r2, r2, #180224	; 0x2c000
     7d4:	e5922000 	ldr	r2, [r2]
     7d8:	e3c22302 	bic	r2, r2, #134217728	; 0x8000000
     7dc:	e5832000 	str	r2, [r3]
     7e0:	e3a0324e 	mov	r3, #-536870908	; 0xe0000004
     7e4:	e283390b 	add	r3, r3, #180224	; 0x2c000
     7e8:	e3a0224e 	mov	r2, #-536870908	; 0xe0000004
     7ec:	e282290b 	add	r2, r2, #180224	; 0x2c000
     7f0:	e5922000 	ldr	r2, [r2]
     7f4:	e3822301 	orr	r2, r2, #67108864	; 0x4000000
     7f8:	e5832000 	str	r2, [r3]
     7fc:	e3a0324e 	mov	r3, #-536870908	; 0xe0000004
     800:	e283390b 	add	r3, r3, #180224	; 0x2c000
     804:	e3a0224e 	mov	r2, #-536870908	; 0xe0000004
     808:	e282290b 	add	r2, r2, #180224	; 0x2c000
     80c:	e5922000 	ldr	r2, [r2]
     810:	e3c22202 	bic	r2, r2, #536870912	; 0x20000000
     814:	e5832000 	str	r2, [r3]
     818:	e3a0324e 	mov	r3, #-536870908	; 0xe0000004
     81c:	e283390b 	add	r3, r3, #180224	; 0x2c000
     820:	e3a0224e 	mov	r2, #-536870908	; 0xe0000004
     824:	e282290b 	add	r2, r2, #180224	; 0x2c000
     828:	e5922000 	ldr	r2, [r2]
     82c:	e3822201 	orr	r2, r2, #268435456	; 0x10000000
     830:	e5832000 	str	r2, [r3]
     834:	e3a0324e 	mov	r3, #-536870908	; 0xe0000004
     838:	e283390b 	add	r3, r3, #180224	; 0x2c000
     83c:	e3a0224e 	mov	r2, #-536870908	; 0xe0000004
     840:	e282290b 	add	r2, r2, #180224	; 0x2c000
     844:	e5922000 	ldr	r2, [r2]
     848:	e3c22702 	bic	r2, r2, #524288	; 0x80000
     84c:	e5832000 	str	r2, [r3]
     850:	e3a0324e 	mov	r3, #-536870908	; 0xe0000004
     854:	e283390b 	add	r3, r3, #180224	; 0x2c000
     858:	e3a0224e 	mov	r2, #-536870908	; 0xe0000004
     85c:	e282290b 	add	r2, r2, #180224	; 0x2c000
     860:	e5922000 	ldr	r2, [r2]
     864:	e3822701 	orr	r2, r2, #262144	; 0x40000
     868:	e5832000 	str	r2, [r3]
     86c:	e3a0320e 	mov	r3, #-536870912	; 0xe0000000
     870:	e283390b 	add	r3, r3, #180224	; 0x2c000
     874:	e3a0220e 	mov	r2, #-536870912	; 0xe0000000
     878:	e282290b 	add	r2, r2, #180224	; 0x2c000
     87c:	e5922000 	ldr	r2, [r2]
     880:	e3822c03 	orr	r2, r2, #768	; 0x300
     884:	e5832000 	str	r2, [r3]
     888:	e3a0320e 	mov	r3, #-536870912	; 0xe0000000
     88c:	e283390b 	add	r3, r3, #180224	; 0x2c000
     890:	e3a0220e 	mov	r2, #-536870912	; 0xe0000000
     894:	e282290b 	add	r2, r2, #180224	; 0x2c000
     898:	e5922000 	ldr	r2, [r2]
     89c:	e3822001 	orr	r2, r2, #1
     8a0:	e5832000 	str	r2, [r3]
     8a4:	e3a0420e 	mov	r4, #-536870912	; 0xe0000000
     8a8:	e284490d 	add	r4, r4, #212992	; 0x34000
     8ac:	e3a007e5 	mov	r0, #60030976	; 0x3940000
     8b0:	e2400c79 	sub	r0, r0, #30976	; 0x7900
     8b4:	e51b1010 	ldr	r1, [fp, #-16]
     8b8:	eb000524 	bl	1d50 <__aeabi_uidiv>
     8bc:	e1a03000 	mov	r3, r0
     8c0:	e2433001 	sub	r3, r3, #1
     8c4:	e1a03403 	lsl	r3, r3, #8
     8c8:	e3833602 	orr	r3, r3, #2097152	; 0x200000
     8cc:	e3833001 	orr	r3, r3, #1
     8d0:	e5843000 	str	r3, [r4]
     8d4:	e3a0420e 	mov	r4, #-536870912	; 0xe0000000
     8d8:	e2844806 	add	r4, r4, #393216	; 0x60000
     8dc:	e3a007e5 	mov	r0, #60030976	; 0x3940000
     8e0:	e2400c79 	sub	r0, r0, #30976	; 0x7900
     8e4:	e51b1010 	ldr	r1, [fp, #-16]
     8e8:	eb000518 	bl	1d50 <__aeabi_uidiv>
     8ec:	e1a03000 	mov	r3, r0
     8f0:	e2433001 	sub	r3, r3, #1
     8f4:	e1a03403 	lsl	r3, r3, #8
     8f8:	e3833602 	orr	r3, r3, #2097152	; 0x200000
     8fc:	e3833001 	orr	r3, r3, #1
     900:	e5843000 	str	r3, [r4]
     904:	e3a03001 	mov	r3, #1
     908:	e1a00003 	mov	r0, r3
     90c:	e24bd008 	sub	sp, fp, #8
     910:	e8bd4810 	pop	{r4, fp, lr}
     914:	e12fff1e 	bx	lr

00000918 <ADC0Read>:
     918:	e52db004 	push	{fp}		; (str fp, [sp, #-4]!)
     91c:	e28db000 	add	fp, sp, #0
     920:	e24dd014 	sub	sp, sp, #20
     924:	e1a03000 	mov	r3, r0
     928:	e54b300d 	strb	r3, [fp, #-13]
     92c:	e55b300d 	ldrb	r3, [fp, #-13]
     930:	e3530007 	cmp	r3, #7
     934:	9a000001 	bls	940 <ADC0Read+0x28>
     938:	e3a03000 	mov	r3, #0
     93c:	e54b300d 	strb	r3, [fp, #-13]
     940:	e3a0320e 	mov	r3, #-536870912	; 0xe0000000
     944:	e283390d 	add	r3, r3, #212992	; 0x34000
     948:	e3a0220e 	mov	r2, #-536870912	; 0xe0000000
     94c:	e282290d 	add	r2, r2, #212992	; 0x34000
     950:	e5922000 	ldr	r2, [r2]
     954:	e3c220ff 	bic	r2, r2, #255	; 0xff
     958:	e5832000 	str	r2, [r3]
     95c:	e3a0320e 	mov	r3, #-536870912	; 0xe0000000
     960:	e283390d 	add	r3, r3, #212992	; 0x34000
     964:	e3a0220e 	mov	r2, #-536870912	; 0xe0000000
     968:	e282290d 	add	r2, r2, #212992	; 0x34000
     96c:	e5921000 	ldr	r1, [r2]
     970:	e55b200d 	ldrb	r2, [fp, #-13]
     974:	e3a00001 	mov	r0, #1
     978:	e1a02210 	lsl	r2, r0, r2
     97c:	e1812002 	orr	r2, r1, r2
     980:	e3822401 	orr	r2, r2, #16777216	; 0x1000000
     984:	e5832000 	str	r2, [r3]
     988:	ea000000 	b	990 <ADC0Read+0x78>
     98c:	e1a00000 	nop			; (mov r0, r0)
     990:	e55b300d 	ldrb	r3, [fp, #-13]
     994:	e283330e 	add	r3, r3, #939524096	; 0x38000000
     998:	e2833a0d 	add	r3, r3, #53248	; 0xd000
     99c:	e2833004 	add	r3, r3, #4
     9a0:	e1a03103 	lsl	r3, r3, #2
     9a4:	e5933000 	ldr	r3, [r3]
     9a8:	e50b3008 	str	r3, [fp, #-8]
     9ac:	e51b3008 	ldr	r3, [fp, #-8]
     9b0:	e3530000 	cmp	r3, #0
     9b4:	aafffff4 	bge	98c <ADC0Read+0x74>
     9b8:	e3a0320e 	mov	r3, #-536870912	; 0xe0000000
     9bc:	e283390d 	add	r3, r3, #212992	; 0x34000
     9c0:	e3a0220e 	mov	r2, #-536870912	; 0xe0000000
     9c4:	e282290d 	add	r2, r2, #212992	; 0x34000
     9c8:	e5922000 	ldr	r2, [r2]
     9cc:	e3c22407 	bic	r2, r2, #117440512	; 0x7000000
     9d0:	e5832000 	str	r2, [r3]
     9d4:	e51b3008 	ldr	r3, [fp, #-8]
     9d8:	e2033101 	and	r3, r3, #1073741824	; 0x40000000
     9dc:	e3530000 	cmp	r3, #0
     9e0:	0a000001 	beq	9ec <ADC0Read+0xd4>
     9e4:	e3a03000 	mov	r3, #0
     9e8:	ea000005 	b	a04 <ADC0Read+0xec>
     9ec:	e51b3008 	ldr	r3, [fp, #-8]
     9f0:	e1a03323 	lsr	r3, r3, #6
     9f4:	e1a03b03 	lsl	r3, r3, #22
     9f8:	e1a03b23 	lsr	r3, r3, #22
     9fc:	e50b300c 	str	r3, [fp, #-12]
     a00:	e51b300c 	ldr	r3, [fp, #-12]
     a04:	e1a00003 	mov	r0, r3
     a08:	e28bd000 	add	sp, fp, #0
     a0c:	e8bd0800 	pop	{fp}
     a10:	e12fff1e 	bx	lr

00000a14 <ADC1Read>:
     a14:	e52db004 	push	{fp}		; (str fp, [sp, #-4]!)
     a18:	e28db000 	add	fp, sp, #0
     a1c:	e24dd014 	sub	sp, sp, #20
     a20:	e1a03000 	mov	r3, r0
     a24:	e54b300d 	strb	r3, [fp, #-13]
     a28:	e55b300d 	ldrb	r3, [fp, #-13]
     a2c:	e3530007 	cmp	r3, #7
     a30:	9a000001 	bls	a3c <ADC1Read+0x28>
     a34:	e3a03000 	mov	r3, #0
     a38:	e54b300d 	strb	r3, [fp, #-13]
     a3c:	e3a0320e 	mov	r3, #-536870912	; 0xe0000000
     a40:	e2833806 	add	r3, r3, #393216	; 0x60000
     a44:	e3a0220e 	mov	r2, #-536870912	; 0xe0000000
     a48:	e2822806 	add	r2, r2, #393216	; 0x60000
     a4c:	e5922000 	ldr	r2, [r2]
     a50:	e3c220ff 	bic	r2, r2, #255	; 0xff
     a54:	e5832000 	str	r2, [r3]
     a58:	e3a0320e 	mov	r3, #-536870912	; 0xe0000000
     a5c:	e2833806 	add	r3, r3, #393216	; 0x60000
     a60:	e3a0220e 	mov	r2, #-536870912	; 0xe0000000
     a64:	e2822806 	add	r2, r2, #393216	; 0x60000
     a68:	e5921000 	ldr	r1, [r2]
     a6c:	e55b200d 	ldrb	r2, [fp, #-13]
     a70:	e3a00001 	mov	r0, #1
     a74:	e1a02210 	lsl	r2, r0, r2
     a78:	e1812002 	orr	r2, r1, r2
     a7c:	e3822401 	orr	r2, r2, #16777216	; 0x1000000
     a80:	e5832000 	str	r2, [r3]
     a84:	ea000000 	b	a8c <ADC1Read+0x78>
     a88:	e1a00000 	nop			; (mov r0, r0)
     a8c:	e55b300d 	ldrb	r3, [fp, #-13]
     a90:	e283330e 	add	r3, r3, #939524096	; 0x38000000
     a94:	e2833906 	add	r3, r3, #98304	; 0x18000
     a98:	e2833004 	add	r3, r3, #4
     a9c:	e1a03103 	lsl	r3, r3, #2
     aa0:	e5933000 	ldr	r3, [r3]
     aa4:	e50b3008 	str	r3, [fp, #-8]
     aa8:	e51b3008 	ldr	r3, [fp, #-8]
     aac:	e3530000 	cmp	r3, #0
     ab0:	aafffff4 	bge	a88 <ADC1Read+0x74>
     ab4:	e3a0320e 	mov	r3, #-536870912	; 0xe0000000
     ab8:	e2833806 	add	r3, r3, #393216	; 0x60000
     abc:	e3a0220e 	mov	r2, #-536870912	; 0xe0000000
     ac0:	e2822806 	add	r2, r2, #393216	; 0x60000
     ac4:	e5922000 	ldr	r2, [r2]
     ac8:	e3c22407 	bic	r2, r2, #117440512	; 0x7000000
     acc:	e5832000 	str	r2, [r3]
     ad0:	e51b3008 	ldr	r3, [fp, #-8]
     ad4:	e2033101 	and	r3, r3, #1073741824	; 0x40000000
     ad8:	e3530000 	cmp	r3, #0
     adc:	0a000001 	beq	ae8 <ADC1Read+0xd4>
     ae0:	e3a03000 	mov	r3, #0
     ae4:	ea000005 	b	b00 <ADC1Read+0xec>
     ae8:	e51b3008 	ldr	r3, [fp, #-8]
     aec:	e1a03323 	lsr	r3, r3, #6
     af0:	e1a03b03 	lsl	r3, r3, #22
     af4:	e1a03b23 	lsr	r3, r3, #22
     af8:	e50b300c 	str	r3, [fp, #-12]
     afc:	e51b300c 	ldr	r3, [fp, #-12]
     b00:	e1a00003 	mov	r0, r3
     b04:	e28bd000 	add	sp, fp, #0
     b08:	e8bd0800 	pop	{fp}
     b0c:	e12fff1e 	bx	lr

00000b10 <GPIOInit>:
     b10:	e52db004 	push	{fp}		; (str fp, [sp, #-4]!)
     b14:	e28db000 	add	fp, sp, #0
     b18:	e3a0324e 	mov	r3, #-536870908	; 0xe0000004
     b1c:	e283390b 	add	r3, r3, #180224	; 0x2c000
     b20:	e3a0224e 	mov	r2, #-536870908	; 0xe0000004
     b24:	e282290b 	add	r2, r2, #180224	; 0x2c000
     b28:	e5922000 	ldr	r2, [r2]
     b2c:	e3c22030 	bic	r2, r2, #48	; 0x30
     b30:	e5832000 	str	r2, [r3]
     b34:	e3a0328e 	mov	r3, #-536870904	; 0xe0000008
     b38:	e283390a 	add	r3, r3, #163840	; 0x28000
     b3c:	e3a0228e 	mov	r2, #-536870904	; 0xe0000008
     b40:	e282290a 	add	r2, r2, #163840	; 0x28000
     b44:	e5922000 	ldr	r2, [r2]
     b48:	e3822701 	orr	r2, r2, #262144	; 0x40000
     b4c:	e5832000 	str	r2, [r3]
     b50:	e3a0324e 	mov	r3, #-536870908	; 0xe0000004
     b54:	e283390b 	add	r3, r3, #180224	; 0x2c000
     b58:	e3a0224e 	mov	r2, #-536870908	; 0xe0000004
     b5c:	e282290b 	add	r2, r2, #180224	; 0x2c000
     b60:	e5922000 	ldr	r2, [r2]
     b64:	e3c220c0 	bic	r2, r2, #192	; 0xc0
     b68:	e5832000 	str	r2, [r3]
     b6c:	e3a0328e 	mov	r3, #-536870904	; 0xe0000008
     b70:	e283390a 	add	r3, r3, #163840	; 0x28000
     b74:	e3a0228e 	mov	r2, #-536870904	; 0xe0000008
     b78:	e282290a 	add	r2, r2, #163840	; 0x28000
     b7c:	e5922000 	ldr	r2, [r2]
     b80:	e3822702 	orr	r2, r2, #524288	; 0x80000
     b84:	e5832000 	str	r2, [r3]
     b88:	e28bd000 	add	sp, fp, #0
     b8c:	e8bd0800 	pop	{fp}
     b90:	e12fff1e 	bx	lr

00000b94 <printchar>:
     b94:	e92d4800 	push	{fp, lr}
     b98:	e28db004 	add	fp, sp, #4
     b9c:	e24dd008 	sub	sp, sp, #8
     ba0:	e50b0008 	str	r0, [fp, #-8]
     ba4:	e50b100c 	str	r1, [fp, #-12]
     ba8:	e51b3008 	ldr	r3, [fp, #-8]
     bac:	e3530000 	cmp	r3, #0
     bb0:	0a00000a 	beq	be0 <printchar+0x4c>
     bb4:	e51b3008 	ldr	r3, [fp, #-8]
     bb8:	e5933000 	ldr	r3, [r3]
     bbc:	e51b200c 	ldr	r2, [fp, #-12]
     bc0:	e20220ff 	and	r2, r2, #255	; 0xff
     bc4:	e5c32000 	strb	r2, [r3]
     bc8:	e51b3008 	ldr	r3, [fp, #-8]
     bcc:	e5933000 	ldr	r3, [r3]
     bd0:	e2832001 	add	r2, r3, #1
     bd4:	e51b3008 	ldr	r3, [fp, #-8]
     bd8:	e5832000 	str	r2, [r3]
     bdc:	ea000003 	b	bf0 <printchar+0x5c>
     be0:	e51b300c 	ldr	r3, [fp, #-12]
     be4:	e20330ff 	and	r3, r3, #255	; 0xff
     be8:	e1a00003 	mov	r0, r3
     bec:	eb0003e5 	bl	1b88 <UART_putc>
     bf0:	e24bd004 	sub	sp, fp, #4
     bf4:	e8bd4800 	pop	{fp, lr}
     bf8:	e12fff1e 	bx	lr

00000bfc <prints>:
     bfc:	e92d48f0 	push	{r4, r5, r6, r7, fp, lr}
     c00:	e28db014 	add	fp, sp, #20
     c04:	e24dd010 	sub	sp, sp, #16
     c08:	e50b0018 	str	r0, [fp, #-24]
     c0c:	e50b101c 	str	r1, [fp, #-28]
     c10:	e50b2020 	str	r2, [fp, #-32]
     c14:	e50b3024 	str	r3, [fp, #-36]	; 0x24
     c18:	e3a04000 	mov	r4, #0
     c1c:	e3a06020 	mov	r6, #32
     c20:	e51b3020 	ldr	r3, [fp, #-32]
     c24:	e3530000 	cmp	r3, #0
     c28:	da000015 	ble	c84 <prints+0x88>
     c2c:	e3a05000 	mov	r5, #0
     c30:	e51b701c 	ldr	r7, [fp, #-28]
     c34:	ea000001 	b	c40 <prints+0x44>
     c38:	e2855001 	add	r5, r5, #1
     c3c:	e2877001 	add	r7, r7, #1
     c40:	e5d73000 	ldrb	r3, [r7]
     c44:	e3530000 	cmp	r3, #0
     c48:	1afffffa 	bne	c38 <prints+0x3c>
     c4c:	e51b3020 	ldr	r3, [fp, #-32]
     c50:	e1550003 	cmp	r5, r3
     c54:	ba000002 	blt	c64 <prints+0x68>
     c58:	e3a03000 	mov	r3, #0
     c5c:	e50b3020 	str	r3, [fp, #-32]
     c60:	ea000002 	b	c70 <prints+0x74>
     c64:	e51b3020 	ldr	r3, [fp, #-32]
     c68:	e0653003 	rsb	r3, r5, r3
     c6c:	e50b3020 	str	r3, [fp, #-32]
     c70:	e51b3024 	ldr	r3, [fp, #-36]	; 0x24
     c74:	e2033002 	and	r3, r3, #2
     c78:	e3530000 	cmp	r3, #0
     c7c:	0a000000 	beq	c84 <prints+0x88>
     c80:	e3a06030 	mov	r6, #48	; 0x30
     c84:	e51b3024 	ldr	r3, [fp, #-36]	; 0x24
     c88:	e2033001 	and	r3, r3, #1
     c8c:	e3530000 	cmp	r3, #0
     c90:	1a000015 	bne	cec <prints+0xf0>
     c94:	ea000006 	b	cb4 <prints+0xb8>
     c98:	e51b0018 	ldr	r0, [fp, #-24]
     c9c:	e1a01006 	mov	r1, r6
     ca0:	ebffffbb 	bl	b94 <printchar>
     ca4:	e2844001 	add	r4, r4, #1
     ca8:	e51b3020 	ldr	r3, [fp, #-32]
     cac:	e2433001 	sub	r3, r3, #1
     cb0:	e50b3020 	str	r3, [fp, #-32]
     cb4:	e51b3020 	ldr	r3, [fp, #-32]
     cb8:	e3530000 	cmp	r3, #0
     cbc:	cafffff5 	bgt	c98 <prints+0x9c>
     cc0:	ea00000a 	b	cf0 <prints+0xf4>
     cc4:	e51b301c 	ldr	r3, [fp, #-28]
     cc8:	e5d33000 	ldrb	r3, [r3]
     ccc:	e51b0018 	ldr	r0, [fp, #-24]
     cd0:	e1a01003 	mov	r1, r3
     cd4:	ebffffae 	bl	b94 <printchar>
     cd8:	e2844001 	add	r4, r4, #1
     cdc:	e51b301c 	ldr	r3, [fp, #-28]
     ce0:	e2833001 	add	r3, r3, #1
     ce4:	e50b301c 	str	r3, [fp, #-28]
     ce8:	ea000000 	b	cf0 <prints+0xf4>
     cec:	e1a00000 	nop			; (mov r0, r0)
     cf0:	e51b301c 	ldr	r3, [fp, #-28]
     cf4:	e5d33000 	ldrb	r3, [r3]
     cf8:	e3530000 	cmp	r3, #0
     cfc:	1afffff0 	bne	cc4 <prints+0xc8>
     d00:	ea000006 	b	d20 <prints+0x124>
     d04:	e51b0018 	ldr	r0, [fp, #-24]
     d08:	e1a01006 	mov	r1, r6
     d0c:	ebffffa0 	bl	b94 <printchar>
     d10:	e2844001 	add	r4, r4, #1
     d14:	e51b3020 	ldr	r3, [fp, #-32]
     d18:	e2433001 	sub	r3, r3, #1
     d1c:	e50b3020 	str	r3, [fp, #-32]
     d20:	e51b3020 	ldr	r3, [fp, #-32]
     d24:	e3530000 	cmp	r3, #0
     d28:	cafffff5 	bgt	d04 <prints+0x108>
     d2c:	e1a03004 	mov	r3, r4
     d30:	e1a00003 	mov	r0, r3
     d34:	e24bd014 	sub	sp, fp, #20
     d38:	e8bd48f0 	pop	{r4, r5, r6, r7, fp, lr}
     d3c:	e12fff1e 	bx	lr

00000d40 <printi>:
     d40:	e92d49f0 	push	{r4, r5, r6, r7, r8, fp, lr}
     d44:	e28db018 	add	fp, sp, #24
     d48:	e24dd024 	sub	sp, sp, #36	; 0x24
     d4c:	e50b0030 	str	r0, [fp, #-48]	; 0x30
     d50:	e50b1034 	str	r1, [fp, #-52]	; 0x34
     d54:	e50b2038 	str	r2, [fp, #-56]	; 0x38
     d58:	e50b303c 	str	r3, [fp, #-60]	; 0x3c
     d5c:	e3a08000 	mov	r8, #0
     d60:	e3a07000 	mov	r7, #0
     d64:	e51b5034 	ldr	r5, [fp, #-52]	; 0x34
     d68:	e51b3034 	ldr	r3, [fp, #-52]	; 0x34
     d6c:	e3530000 	cmp	r3, #0
     d70:	1a00000b 	bne	da4 <printi+0x64>
     d74:	e3a03030 	mov	r3, #48	; 0x30
     d78:	e54b3028 	strb	r3, [fp, #-40]	; 0x28
     d7c:	e3a03000 	mov	r3, #0
     d80:	e54b3027 	strb	r3, [fp, #-39]	; 0x27
     d84:	e24b3028 	sub	r3, fp, #40	; 0x28
     d88:	e51b0030 	ldr	r0, [fp, #-48]	; 0x30
     d8c:	e1a01003 	mov	r1, r3
     d90:	e59b2004 	ldr	r2, [fp, #4]
     d94:	e59b3008 	ldr	r3, [fp, #8]
     d98:	ebffff97 	bl	bfc <prints>
     d9c:	e1a03000 	mov	r3, r0
     da0:	ea000044 	b	eb8 <printi+0x178>
     da4:	e51b303c 	ldr	r3, [fp, #-60]	; 0x3c
     da8:	e3530000 	cmp	r3, #0
     dac:	0a000009 	beq	dd8 <printi+0x98>
     db0:	e51b3038 	ldr	r3, [fp, #-56]	; 0x38
     db4:	e353000a 	cmp	r3, #10
     db8:	1a000006 	bne	dd8 <printi+0x98>
     dbc:	e51b3034 	ldr	r3, [fp, #-52]	; 0x34
     dc0:	e3530000 	cmp	r3, #0
     dc4:	aa000003 	bge	dd8 <printi+0x98>
     dc8:	e3a08001 	mov	r8, #1
     dcc:	e51b3034 	ldr	r3, [fp, #-52]	; 0x34
     dd0:	e2633000 	rsb	r3, r3, #0
     dd4:	e1a05003 	mov	r5, r3
     dd8:	e24b3028 	sub	r3, fp, #40	; 0x28
     ddc:	e283400b 	add	r4, r3, #11
     de0:	e3a03000 	mov	r3, #0
     de4:	e5c43000 	strb	r3, [r4]
     de8:	ea000015 	b	e44 <printi+0x104>
     dec:	e51b3038 	ldr	r3, [fp, #-56]	; 0x38
     df0:	e1a00005 	mov	r0, r5
     df4:	e1a01003 	mov	r1, r3
     df8:	eb000411 	bl	1e44 <__aeabi_uidivmod>
     dfc:	e1a03001 	mov	r3, r1
     e00:	e1a06003 	mov	r6, r3
     e04:	e3560009 	cmp	r6, #9
     e08:	da000002 	ble	e18 <printi+0xd8>
     e0c:	e59b300c 	ldr	r3, [fp, #12]
     e10:	e243303a 	sub	r3, r3, #58	; 0x3a
     e14:	e0866003 	add	r6, r6, r3
     e18:	e2444001 	sub	r4, r4, #1
     e1c:	e20630ff 	and	r3, r6, #255	; 0xff
     e20:	e2833030 	add	r3, r3, #48	; 0x30
     e24:	e20330ff 	and	r3, r3, #255	; 0xff
     e28:	e5c43000 	strb	r3, [r4]
     e2c:	e51b3038 	ldr	r3, [fp, #-56]	; 0x38
     e30:	e1a00005 	mov	r0, r5
     e34:	e1a01003 	mov	r1, r3
     e38:	eb0003c4 	bl	1d50 <__aeabi_uidiv>
     e3c:	e1a03000 	mov	r3, r0
     e40:	e1a05003 	mov	r5, r3
     e44:	e3550000 	cmp	r5, #0
     e48:	1affffe7 	bne	dec <printi+0xac>
     e4c:	e3580000 	cmp	r8, #0
     e50:	0a000011 	beq	e9c <printi+0x15c>
     e54:	e59b3004 	ldr	r3, [fp, #4]
     e58:	e3530000 	cmp	r3, #0
     e5c:	0a00000b 	beq	e90 <printi+0x150>
     e60:	e59b3008 	ldr	r3, [fp, #8]
     e64:	e2033002 	and	r3, r3, #2
     e68:	e3530000 	cmp	r3, #0
     e6c:	0a000007 	beq	e90 <printi+0x150>
     e70:	e51b0030 	ldr	r0, [fp, #-48]	; 0x30
     e74:	e3a0102d 	mov	r1, #45	; 0x2d
     e78:	ebffff45 	bl	b94 <printchar>
     e7c:	e2877001 	add	r7, r7, #1
     e80:	e59b3004 	ldr	r3, [fp, #4]
     e84:	e2433001 	sub	r3, r3, #1
     e88:	e58b3004 	str	r3, [fp, #4]
     e8c:	ea000002 	b	e9c <printi+0x15c>
     e90:	e2444001 	sub	r4, r4, #1
     e94:	e3a0302d 	mov	r3, #45	; 0x2d
     e98:	e5c43000 	strb	r3, [r4]
     e9c:	e51b0030 	ldr	r0, [fp, #-48]	; 0x30
     ea0:	e1a01004 	mov	r1, r4
     ea4:	e59b2004 	ldr	r2, [fp, #4]
     ea8:	e59b3008 	ldr	r3, [fp, #8]
     eac:	ebffff52 	bl	bfc <prints>
     eb0:	e1a03000 	mov	r3, r0
     eb4:	e0833007 	add	r3, r3, r7
     eb8:	e1a00003 	mov	r0, r3
     ebc:	e24bd018 	sub	sp, fp, #24
     ec0:	e8bd49f0 	pop	{r4, r5, r6, r7, r8, fp, lr}
     ec4:	e12fff1e 	bx	lr

00000ec8 <print>:
     ec8:	e92d48f0 	push	{r4, r5, r6, r7, fp, lr}
     ecc:	e28db014 	add	fp, sp, #20
     ed0:	e24dd028 	sub	sp, sp, #40	; 0x28
     ed4:	e50b0020 	str	r0, [fp, #-32]
     ed8:	e50b1024 	str	r1, [fp, #-36]	; 0x24
     edc:	e50b2028 	str	r2, [fp, #-40]	; 0x28
     ee0:	e3a04000 	mov	r4, #0
     ee4:	ea0000bd 	b	11e0 <print+0x318>
     ee8:	e51b3024 	ldr	r3, [fp, #-36]	; 0x24
     eec:	e5d33000 	ldrb	r3, [r3]
     ef0:	e3530025 	cmp	r3, #37	; 0x25
     ef4:	1a0000b0 	bne	11bc <print+0x2f4>
     ef8:	e51b3024 	ldr	r3, [fp, #-36]	; 0x24
     efc:	e2833001 	add	r3, r3, #1
     f00:	e50b3024 	str	r3, [fp, #-36]	; 0x24
     f04:	e3a06000 	mov	r6, #0
     f08:	e1a05006 	mov	r5, r6
     f0c:	e51b3024 	ldr	r3, [fp, #-36]	; 0x24
     f10:	e5d33000 	ldrb	r3, [r3]
     f14:	e3530000 	cmp	r3, #0
     f18:	0a0000b5 	beq	11f4 <print+0x32c>
     f1c:	e51b3024 	ldr	r3, [fp, #-36]	; 0x24
     f20:	e5d33000 	ldrb	r3, [r3]
     f24:	e3530025 	cmp	r3, #37	; 0x25
     f28:	0a0000a2 	beq	11b8 <print+0x2f0>
     f2c:	e51b3024 	ldr	r3, [fp, #-36]	; 0x24
     f30:	e5d33000 	ldrb	r3, [r3]
     f34:	e353002d 	cmp	r3, #45	; 0x2d
     f38:	1a000009 	bne	f64 <print+0x9c>
     f3c:	e51b3024 	ldr	r3, [fp, #-36]	; 0x24
     f40:	e2833001 	add	r3, r3, #1
     f44:	e50b3024 	str	r3, [fp, #-36]	; 0x24
     f48:	e3a06001 	mov	r6, #1
     f4c:	ea000005 	b	f68 <print+0xa0>
     f50:	e51b3024 	ldr	r3, [fp, #-36]	; 0x24
     f54:	e2833001 	add	r3, r3, #1
     f58:	e50b3024 	str	r3, [fp, #-36]	; 0x24
     f5c:	e3866002 	orr	r6, r6, #2
     f60:	ea000000 	b	f68 <print+0xa0>
     f64:	e1a00000 	nop			; (mov r0, r0)
     f68:	e51b3024 	ldr	r3, [fp, #-36]	; 0x24
     f6c:	e5d33000 	ldrb	r3, [r3]
     f70:	e3530030 	cmp	r3, #48	; 0x30
     f74:	0afffff5 	beq	f50 <print+0x88>
     f78:	ea00000b 	b	fac <print+0xe4>
     f7c:	e1a03005 	mov	r3, r5
     f80:	e1a03103 	lsl	r3, r3, #2
     f84:	e0833005 	add	r3, r3, r5
     f88:	e1a03083 	lsl	r3, r3, #1
     f8c:	e1a05003 	mov	r5, r3
     f90:	e51b3024 	ldr	r3, [fp, #-36]	; 0x24
     f94:	e5d33000 	ldrb	r3, [r3]
     f98:	e2433030 	sub	r3, r3, #48	; 0x30
     f9c:	e0855003 	add	r5, r5, r3
     fa0:	e51b3024 	ldr	r3, [fp, #-36]	; 0x24
     fa4:	e2833001 	add	r3, r3, #1
     fa8:	e50b3024 	str	r3, [fp, #-36]	; 0x24
     fac:	e51b3024 	ldr	r3, [fp, #-36]	; 0x24
     fb0:	e5d33000 	ldrb	r3, [r3]
     fb4:	e353002f 	cmp	r3, #47	; 0x2f
     fb8:	9a000003 	bls	fcc <print+0x104>
     fbc:	e51b3024 	ldr	r3, [fp, #-36]	; 0x24
     fc0:	e5d33000 	ldrb	r3, [r3]
     fc4:	e3530039 	cmp	r3, #57	; 0x39
     fc8:	9affffeb 	bls	f7c <print+0xb4>
     fcc:	e51b3024 	ldr	r3, [fp, #-36]	; 0x24
     fd0:	e5d33000 	ldrb	r3, [r3]
     fd4:	e3530073 	cmp	r3, #115	; 0x73
     fd8:	1a000011 	bne	1024 <print+0x15c>
     fdc:	e51b3028 	ldr	r3, [fp, #-40]	; 0x28
     fe0:	e2832004 	add	r2, r3, #4
     fe4:	e50b2028 	str	r2, [fp, #-40]	; 0x28
     fe8:	e5933000 	ldr	r3, [r3]
     fec:	e1a07003 	mov	r7, r3
     ff0:	e3570000 	cmp	r7, #0
     ff4:	0a000001 	beq	1000 <print+0x138>
     ff8:	e1a03007 	mov	r3, r7
     ffc:	ea000000 	b	1004 <print+0x13c>
    1000:	e59f3220 	ldr	r3, [pc, #544]	; 1228 <print+0x360>
    1004:	e51b0020 	ldr	r0, [fp, #-32]
    1008:	e1a01003 	mov	r1, r3
    100c:	e1a02005 	mov	r2, r5
    1010:	e1a03006 	mov	r3, r6
    1014:	ebfffef8 	bl	bfc <prints>
    1018:	e1a03000 	mov	r3, r0
    101c:	e0844003 	add	r4, r4, r3
    1020:	ea00006b 	b	11d4 <print+0x30c>
    1024:	e51b3024 	ldr	r3, [fp, #-36]	; 0x24
    1028:	e5d33000 	ldrb	r3, [r3]
    102c:	e3530064 	cmp	r3, #100	; 0x64
    1030:	1a00000f 	bne	1074 <print+0x1ac>
    1034:	e51b3028 	ldr	r3, [fp, #-40]	; 0x28
    1038:	e2832004 	add	r2, r3, #4
    103c:	e50b2028 	str	r2, [fp, #-40]	; 0x28
    1040:	e5933000 	ldr	r3, [r3]
    1044:	e58d5000 	str	r5, [sp]
    1048:	e58d6004 	str	r6, [sp, #4]
    104c:	e3a02061 	mov	r2, #97	; 0x61
    1050:	e58d2008 	str	r2, [sp, #8]
    1054:	e51b0020 	ldr	r0, [fp, #-32]
    1058:	e1a01003 	mov	r1, r3
    105c:	e3a0200a 	mov	r2, #10
    1060:	e3a03001 	mov	r3, #1
    1064:	ebffff35 	bl	d40 <printi>
    1068:	e1a03000 	mov	r3, r0
    106c:	e0844003 	add	r4, r4, r3
    1070:	ea000057 	b	11d4 <print+0x30c>
    1074:	e51b3024 	ldr	r3, [fp, #-36]	; 0x24
    1078:	e5d33000 	ldrb	r3, [r3]
    107c:	e3530078 	cmp	r3, #120	; 0x78
    1080:	1a00000f 	bne	10c4 <print+0x1fc>
    1084:	e51b3028 	ldr	r3, [fp, #-40]	; 0x28
    1088:	e2832004 	add	r2, r3, #4
    108c:	e50b2028 	str	r2, [fp, #-40]	; 0x28
    1090:	e5933000 	ldr	r3, [r3]
    1094:	e58d5000 	str	r5, [sp]
    1098:	e58d6004 	str	r6, [sp, #4]
    109c:	e3a02061 	mov	r2, #97	; 0x61
    10a0:	e58d2008 	str	r2, [sp, #8]
    10a4:	e51b0020 	ldr	r0, [fp, #-32]
    10a8:	e1a01003 	mov	r1, r3
    10ac:	e3a02010 	mov	r2, #16
    10b0:	e3a03000 	mov	r3, #0
    10b4:	ebffff21 	bl	d40 <printi>
    10b8:	e1a03000 	mov	r3, r0
    10bc:	e0844003 	add	r4, r4, r3
    10c0:	ea000043 	b	11d4 <print+0x30c>
    10c4:	e51b3024 	ldr	r3, [fp, #-36]	; 0x24
    10c8:	e5d33000 	ldrb	r3, [r3]
    10cc:	e3530058 	cmp	r3, #88	; 0x58
    10d0:	1a00000f 	bne	1114 <print+0x24c>
    10d4:	e51b3028 	ldr	r3, [fp, #-40]	; 0x28
    10d8:	e2832004 	add	r2, r3, #4
    10dc:	e50b2028 	str	r2, [fp, #-40]	; 0x28
    10e0:	e5933000 	ldr	r3, [r3]
    10e4:	e58d5000 	str	r5, [sp]
    10e8:	e58d6004 	str	r6, [sp, #4]
    10ec:	e3a02041 	mov	r2, #65	; 0x41
    10f0:	e58d2008 	str	r2, [sp, #8]
    10f4:	e51b0020 	ldr	r0, [fp, #-32]
    10f8:	e1a01003 	mov	r1, r3
    10fc:	e3a02010 	mov	r2, #16
    1100:	e3a03000 	mov	r3, #0
    1104:	ebffff0d 	bl	d40 <printi>
    1108:	e1a03000 	mov	r3, r0
    110c:	e0844003 	add	r4, r4, r3
    1110:	ea00002f 	b	11d4 <print+0x30c>
    1114:	e51b3024 	ldr	r3, [fp, #-36]	; 0x24
    1118:	e5d33000 	ldrb	r3, [r3]
    111c:	e3530075 	cmp	r3, #117	; 0x75
    1120:	1a00000f 	bne	1164 <print+0x29c>
    1124:	e51b3028 	ldr	r3, [fp, #-40]	; 0x28
    1128:	e2832004 	add	r2, r3, #4
    112c:	e50b2028 	str	r2, [fp, #-40]	; 0x28
    1130:	e5933000 	ldr	r3, [r3]
    1134:	e58d5000 	str	r5, [sp]
    1138:	e58d6004 	str	r6, [sp, #4]
    113c:	e3a02061 	mov	r2, #97	; 0x61
    1140:	e58d2008 	str	r2, [sp, #8]
    1144:	e51b0020 	ldr	r0, [fp, #-32]
    1148:	e1a01003 	mov	r1, r3
    114c:	e3a0200a 	mov	r2, #10
    1150:	e3a03000 	mov	r3, #0
    1154:	ebfffef9 	bl	d40 <printi>
    1158:	e1a03000 	mov	r3, r0
    115c:	e0844003 	add	r4, r4, r3
    1160:	ea00001b 	b	11d4 <print+0x30c>
    1164:	e51b3024 	ldr	r3, [fp, #-36]	; 0x24
    1168:	e5d33000 	ldrb	r3, [r3]
    116c:	e3530063 	cmp	r3, #99	; 0x63
    1170:	1a000017 	bne	11d4 <print+0x30c>
    1174:	e51b3028 	ldr	r3, [fp, #-40]	; 0x28
    1178:	e2832004 	add	r2, r3, #4
    117c:	e50b2028 	str	r2, [fp, #-40]	; 0x28
    1180:	e5933000 	ldr	r3, [r3]
    1184:	e20330ff 	and	r3, r3, #255	; 0xff
    1188:	e54b3018 	strb	r3, [fp, #-24]
    118c:	e3a03000 	mov	r3, #0
    1190:	e54b3017 	strb	r3, [fp, #-23]
    1194:	e24b3018 	sub	r3, fp, #24
    1198:	e51b0020 	ldr	r0, [fp, #-32]
    119c:	e1a01003 	mov	r1, r3
    11a0:	e1a02005 	mov	r2, r5
    11a4:	e1a03006 	mov	r3, r6
    11a8:	ebfffe93 	bl	bfc <prints>
    11ac:	e1a03000 	mov	r3, r0
    11b0:	e0844003 	add	r4, r4, r3
    11b4:	ea000006 	b	11d4 <print+0x30c>
    11b8:	e1a00000 	nop			; (mov r0, r0)
    11bc:	e51b3024 	ldr	r3, [fp, #-36]	; 0x24
    11c0:	e5d33000 	ldrb	r3, [r3]
    11c4:	e51b0020 	ldr	r0, [fp, #-32]
    11c8:	e1a01003 	mov	r1, r3
    11cc:	ebfffe70 	bl	b94 <printchar>
    11d0:	e2844001 	add	r4, r4, #1
    11d4:	e51b3024 	ldr	r3, [fp, #-36]	; 0x24
    11d8:	e2833001 	add	r3, r3, #1
    11dc:	e50b3024 	str	r3, [fp, #-36]	; 0x24
    11e0:	e51b3024 	ldr	r3, [fp, #-36]	; 0x24
    11e4:	e5d33000 	ldrb	r3, [r3]
    11e8:	e3530000 	cmp	r3, #0
    11ec:	1affff3d 	bne	ee8 <print+0x20>
    11f0:	ea000000 	b	11f8 <print+0x330>
    11f4:	e1a00000 	nop			; (mov r0, r0)
    11f8:	e51b3020 	ldr	r3, [fp, #-32]
    11fc:	e3530000 	cmp	r3, #0
    1200:	0a000003 	beq	1214 <print+0x34c>
    1204:	e51b3020 	ldr	r3, [fp, #-32]
    1208:	e5933000 	ldr	r3, [r3]
    120c:	e3a02000 	mov	r2, #0
    1210:	e5c32000 	strb	r2, [r3]
    1214:	e1a03004 	mov	r3, r4
    1218:	e1a00003 	mov	r0, r3
    121c:	e24bd014 	sub	sp, fp, #20
    1220:	e8bd48f0 	pop	{r4, r5, r6, r7, fp, lr}
    1224:	e12fff1e 	bx	lr
    1228:	00001fcc 	.word	0x00001fcc

0000122c <iprintf>:
    122c:	e92d000f 	push	{r0, r1, r2, r3}
    1230:	e92d4800 	push	{fp, lr}
    1234:	e28db004 	add	fp, sp, #4
    1238:	e24dd008 	sub	sp, sp, #8
    123c:	e28b3008 	add	r3, fp, #8
    1240:	e50b3008 	str	r3, [fp, #-8]
    1244:	e3a00000 	mov	r0, #0
    1248:	e59b1004 	ldr	r1, [fp, #4]
    124c:	e51b2008 	ldr	r2, [fp, #-8]
    1250:	ebffff1c 	bl	ec8 <print>
    1254:	e1a03000 	mov	r3, r0
    1258:	e1a00003 	mov	r0, r3
    125c:	e24bd004 	sub	sp, fp, #4
    1260:	e8bd4800 	pop	{fp, lr}
    1264:	e28dd010 	add	sp, sp, #16
    1268:	e12fff1e 	bx	lr

0000126c <isprintf>:
    126c:	e92d000e 	push	{r1, r2, r3}
    1270:	e92d4800 	push	{fp, lr}
    1274:	e28db004 	add	fp, sp, #4
    1278:	e24dd014 	sub	sp, sp, #20
    127c:	e50b0014 	str	r0, [fp, #-20]
    1280:	e28b3008 	add	r3, fp, #8
    1284:	e50b300c 	str	r3, [fp, #-12]
    1288:	e24b3014 	sub	r3, fp, #20
    128c:	e1a00003 	mov	r0, r3
    1290:	e59b1004 	ldr	r1, [fp, #4]
    1294:	e51b200c 	ldr	r2, [fp, #-12]
    1298:	ebffff0a 	bl	ec8 <print>
    129c:	e1a03000 	mov	r3, r0
    12a0:	e1a00003 	mov	r0, r3
    12a4:	e24bd004 	sub	sp, fp, #4
    12a8:	e8bd4800 	pop	{fp, lr}
    12ac:	e28dd00c 	add	sp, sp, #12
    12b0:	e12fff1e 	bx	lr

000012b4 <PWMInit>:
    12b4:	e52db004 	push	{fp}		; (str fp, [sp, #-4]!)
    12b8:	e28db000 	add	fp, sp, #0
    12bc:	e3a0320e 	mov	r3, #-536870912	; 0xe0000000
    12c0:	e283390b 	add	r3, r3, #180224	; 0x2c000
    12c4:	e3a0220e 	mov	r2, #-536870912	; 0xe0000000
    12c8:	e282290b 	add	r2, r2, #180224	; 0x2c000
    12cc:	e5922000 	ldr	r2, [r2]
    12d0:	e3c22903 	bic	r2, r2, #49152	; 0xc000
    12d4:	e5832000 	str	r2, [r3]
    12d8:	e3a0320e 	mov	r3, #-536870912	; 0xe0000000
    12dc:	e283390b 	add	r3, r3, #180224	; 0x2c000
    12e0:	e3a0220e 	mov	r2, #-536870912	; 0xe0000000
    12e4:	e282290b 	add	r2, r2, #180224	; 0x2c000
    12e8:	e5922000 	ldr	r2, [r2]
    12ec:	e3822902 	orr	r2, r2, #32768	; 0x8000
    12f0:	e5832000 	str	r2, [r3]
    12f4:	e3a0320e 	mov	r3, #-536870912	; 0xe0000000
    12f8:	e283390b 	add	r3, r3, #180224	; 0x2c000
    12fc:	e3a0220e 	mov	r2, #-536870912	; 0xe0000000
    1300:	e282290b 	add	r2, r2, #180224	; 0x2c000
    1304:	e5922000 	ldr	r2, [r2]
    1308:	e3c22803 	bic	r2, r2, #196608	; 0x30000
    130c:	e5832000 	str	r2, [r3]
    1310:	e3a0320e 	mov	r3, #-536870912	; 0xe0000000
    1314:	e283390b 	add	r3, r3, #180224	; 0x2c000
    1318:	e3a0220e 	mov	r2, #-536870912	; 0xe0000000
    131c:	e282290b 	add	r2, r2, #180224	; 0x2c000
    1320:	e5922000 	ldr	r2, [r2]
    1324:	e3822802 	orr	r2, r2, #131072	; 0x20000
    1328:	e5832000 	str	r2, [r3]
    132c:	e3a0324e 	mov	r3, #-536870908	; 0xe0000004
    1330:	e283390b 	add	r3, r3, #180224	; 0x2c000
    1334:	e3a0224e 	mov	r2, #-536870908	; 0xe0000004
    1338:	e282290b 	add	r2, r2, #180224	; 0x2c000
    133c:	e5922000 	ldr	r2, [r2]
    1340:	e3c22b06 	bic	r2, r2, #6144	; 0x1800
    1344:	e5832000 	str	r2, [r3]
    1348:	e3a0324e 	mov	r3, #-536870908	; 0xe0000004
    134c:	e283390b 	add	r3, r3, #180224	; 0x2c000
    1350:	e3a0224e 	mov	r2, #-536870908	; 0xe0000004
    1354:	e282290b 	add	r2, r2, #180224	; 0x2c000
    1358:	e5922000 	ldr	r2, [r2]
    135c:	e3822b01 	orr	r2, r2, #1024	; 0x400
    1360:	e5832000 	str	r2, [r3]
    1364:	e3a0324e 	mov	r3, #-536870908	; 0xe0000004
    1368:	e2833905 	add	r3, r3, #81920	; 0x14000
    136c:	e3a02002 	mov	r2, #2
    1370:	e5832000 	str	r2, [r3]
    1374:	e3a0320e 	mov	r3, #-536870912	; 0xe0000000
    1378:	e2833905 	add	r3, r3, #81920	; 0x14000
    137c:	e2833018 	add	r3, r3, #24
    1380:	e3a02949 	mov	r2, #1196032	; 0x124000
    1384:	e2822d3e 	add	r2, r2, #3968	; 0xf80
    1388:	e5832000 	str	r2, [r3]
    138c:	e3a032ce 	mov	r3, #-536870900	; 0xe000000c
    1390:	e2833905 	add	r3, r3, #81920	; 0x14000
    1394:	e3a02000 	mov	r2, #0
    1398:	e5832000 	str	r2, [r3]
    139c:	e3a0320e 	mov	r3, #-536870912	; 0xe0000000
    13a0:	e2833905 	add	r3, r3, #81920	; 0x14000
    13a4:	e283304c 	add	r3, r3, #76	; 0x4c
    13a8:	e3a0220e 	mov	r2, #-536870912	; 0xe0000000
    13ac:	e2822905 	add	r2, r2, #81920	; 0x14000
    13b0:	e282204c 	add	r2, r2, #76	; 0x4c
    13b4:	e5922000 	ldr	r2, [r2]
    13b8:	e3c22034 	bic	r2, r2, #52	; 0x34
    13bc:	e5832000 	str	r2, [r3]
    13c0:	e3a0320e 	mov	r3, #-536870912	; 0xe0000000
    13c4:	e2833905 	add	r3, r3, #81920	; 0x14000
    13c8:	e283304c 	add	r3, r3, #76	; 0x4c
    13cc:	e3a0220e 	mov	r2, #-536870912	; 0xe0000000
    13d0:	e2822905 	add	r2, r2, #81920	; 0x14000
    13d4:	e282204c 	add	r2, r2, #76	; 0x4c
    13d8:	e5922000 	ldr	r2, [r2]
    13dc:	e3822b0d 	orr	r2, r2, #13312	; 0x3400
    13e0:	e5832000 	str	r2, [r3]
    13e4:	e3a0324e 	mov	r3, #-536870908	; 0xe0000004
    13e8:	e2833905 	add	r3, r3, #81920	; 0x14000
    13ec:	e3a02c02 	mov	r2, #512	; 0x200
    13f0:	e2822001 	add	r2, r2, #1
    13f4:	e5832000 	str	r2, [r3]
    13f8:	e3a0320e 	mov	r3, #-536870912	; 0xe0000000
    13fc:	e2833905 	add	r3, r3, #81920	; 0x14000
    1400:	e2833014 	add	r3, r3, #20
    1404:	e3a02003 	mov	r2, #3
    1408:	e5832000 	str	r2, [r3]
    140c:	e3a0320e 	mov	r3, #-536870912	; 0xe0000000
    1410:	e2833905 	add	r3, r3, #81920	; 0x14000
    1414:	e2833014 	add	r3, r3, #20
    1418:	e3a02003 	mov	r2, #3
    141c:	e5832000 	str	r2, [r3]
    1420:	e28bd000 	add	sp, fp, #0
    1424:	e8bd0800 	pop	{fp}
    1428:	e12fff1e 	bx	lr

0000142c <setDutyCycle>:
    142c:	e52db004 	push	{fp}		; (str fp, [sp, #-4]!)
    1430:	e28db000 	add	fp, sp, #0
    1434:	e24dd00c 	sub	sp, sp, #12
    1438:	e50b0008 	str	r0, [fp, #-8]
    143c:	e50b100c 	str	r1, [fp, #-12]
    1440:	e51b3008 	ldr	r3, [fp, #-8]
    1444:	e3530001 	cmp	r3, #1
    1448:	1a000018 	bne	14b0 <setDutyCycle+0x84>
    144c:	e3a0220e 	mov	r2, #-536870912	; 0xe0000000
    1450:	e2822905 	add	r2, r2, #81920	; 0x14000
    1454:	e282201c 	add	r2, r2, #28
    1458:	e51b100c 	ldr	r1, [fp, #-12]
    145c:	e1a03001 	mov	r3, r1
    1460:	e1a03283 	lsl	r3, r3, #5
    1464:	e0613003 	rsb	r3, r1, r3
    1468:	e1a03103 	lsl	r3, r3, #2
    146c:	e0833001 	add	r3, r3, r1
    1470:	e1a01103 	lsl	r1, r3, #2
    1474:	e0833001 	add	r3, r3, r1
    1478:	e1a01203 	lsl	r1, r3, #4
    147c:	e0631001 	rsb	r1, r3, r1
    1480:	e1a03381 	lsl	r3, r1, #7
    1484:	e1a01003 	mov	r1, r3
    1488:	e3a03501 	mov	r3, #4194304	; 0x400000
    148c:	e2833a01 	add	r3, r3, #4096	; 0x1000
    1490:	e2833005 	add	r3, r3, #5
    1494:	e0830391 	umull	r0, r3, r1, r3
    1498:	e0631001 	rsb	r1, r3, r1
    149c:	e1a010a1 	lsr	r1, r1, #1
    14a0:	e0833001 	add	r3, r3, r1
    14a4:	e1a034a3 	lsr	r3, r3, #9
    14a8:	e5823000 	str	r3, [r2]
    14ac:	ea00008a 	b	16dc <setDutyCycle+0x2b0>
    14b0:	e51b3008 	ldr	r3, [fp, #-8]
    14b4:	e3530002 	cmp	r3, #2
    14b8:	1a000018 	bne	1520 <setDutyCycle+0xf4>
    14bc:	e3a0220e 	mov	r2, #-536870912	; 0xe0000000
    14c0:	e2822905 	add	r2, r2, #81920	; 0x14000
    14c4:	e2822020 	add	r2, r2, #32
    14c8:	e51b100c 	ldr	r1, [fp, #-12]
    14cc:	e1a03001 	mov	r3, r1
    14d0:	e1a03283 	lsl	r3, r3, #5
    14d4:	e0613003 	rsb	r3, r1, r3
    14d8:	e1a03103 	lsl	r3, r3, #2
    14dc:	e0833001 	add	r3, r3, r1
    14e0:	e1a01103 	lsl	r1, r3, #2
    14e4:	e0833001 	add	r3, r3, r1
    14e8:	e1a01203 	lsl	r1, r3, #4
    14ec:	e0631001 	rsb	r1, r3, r1
    14f0:	e1a03381 	lsl	r3, r1, #7
    14f4:	e1a01003 	mov	r1, r3
    14f8:	e3a03501 	mov	r3, #4194304	; 0x400000
    14fc:	e2833a01 	add	r3, r3, #4096	; 0x1000
    1500:	e2833005 	add	r3, r3, #5
    1504:	e0830391 	umull	r0, r3, r1, r3
    1508:	e0631001 	rsb	r1, r3, r1
    150c:	e1a010a1 	lsr	r1, r1, #1
    1510:	e0833001 	add	r3, r3, r1
    1514:	e1a034a3 	lsr	r3, r3, #9
    1518:	e5823000 	str	r3, [r2]
    151c:	ea00006e 	b	16dc <setDutyCycle+0x2b0>
    1520:	e51b3008 	ldr	r3, [fp, #-8]
    1524:	e3530003 	cmp	r3, #3
    1528:	1a000018 	bne	1590 <setDutyCycle+0x164>
    152c:	e3a0220e 	mov	r2, #-536870912	; 0xe0000000
    1530:	e2822905 	add	r2, r2, #81920	; 0x14000
    1534:	e2822024 	add	r2, r2, #36	; 0x24
    1538:	e51b100c 	ldr	r1, [fp, #-12]
    153c:	e1a03001 	mov	r3, r1
    1540:	e1a03283 	lsl	r3, r3, #5
    1544:	e0613003 	rsb	r3, r1, r3
    1548:	e1a03103 	lsl	r3, r3, #2
    154c:	e0833001 	add	r3, r3, r1
    1550:	e1a01103 	lsl	r1, r3, #2
    1554:	e0833001 	add	r3, r3, r1
    1558:	e1a01203 	lsl	r1, r3, #4
    155c:	e0631001 	rsb	r1, r3, r1
    1560:	e1a03381 	lsl	r3, r1, #7
    1564:	e1a01003 	mov	r1, r3
    1568:	e3a03501 	mov	r3, #4194304	; 0x400000
    156c:	e2833a01 	add	r3, r3, #4096	; 0x1000
    1570:	e2833005 	add	r3, r3, #5
    1574:	e0830391 	umull	r0, r3, r1, r3
    1578:	e0631001 	rsb	r1, r3, r1
    157c:	e1a010a1 	lsr	r1, r1, #1
    1580:	e0833001 	add	r3, r3, r1
    1584:	e1a034a3 	lsr	r3, r3, #9
    1588:	e5823000 	str	r3, [r2]
    158c:	ea000052 	b	16dc <setDutyCycle+0x2b0>
    1590:	e51b3008 	ldr	r3, [fp, #-8]
    1594:	e3530004 	cmp	r3, #4
    1598:	1a000018 	bne	1600 <setDutyCycle+0x1d4>
    159c:	e3a0220e 	mov	r2, #-536870912	; 0xe0000000
    15a0:	e2822905 	add	r2, r2, #81920	; 0x14000
    15a4:	e2822040 	add	r2, r2, #64	; 0x40
    15a8:	e51b100c 	ldr	r1, [fp, #-12]
    15ac:	e1a03001 	mov	r3, r1
    15b0:	e1a03283 	lsl	r3, r3, #5
    15b4:	e0613003 	rsb	r3, r1, r3
    15b8:	e1a03103 	lsl	r3, r3, #2
    15bc:	e0833001 	add	r3, r3, r1
    15c0:	e1a01103 	lsl	r1, r3, #2
    15c4:	e0833001 	add	r3, r3, r1
    15c8:	e1a01203 	lsl	r1, r3, #4
    15cc:	e0631001 	rsb	r1, r3, r1
    15d0:	e1a03381 	lsl	r3, r1, #7
    15d4:	e1a01003 	mov	r1, r3
    15d8:	e3a03501 	mov	r3, #4194304	; 0x400000
    15dc:	e2833a01 	add	r3, r3, #4096	; 0x1000
    15e0:	e2833005 	add	r3, r3, #5
    15e4:	e0830391 	umull	r0, r3, r1, r3
    15e8:	e0631001 	rsb	r1, r3, r1
    15ec:	e1a010a1 	lsr	r1, r1, #1
    15f0:	e0833001 	add	r3, r3, r1
    15f4:	e1a034a3 	lsr	r3, r3, #9
    15f8:	e5823000 	str	r3, [r2]
    15fc:	ea000036 	b	16dc <setDutyCycle+0x2b0>
    1600:	e51b3008 	ldr	r3, [fp, #-8]
    1604:	e3530005 	cmp	r3, #5
    1608:	1a000018 	bne	1670 <setDutyCycle+0x244>
    160c:	e3a0220e 	mov	r2, #-536870912	; 0xe0000000
    1610:	e2822905 	add	r2, r2, #81920	; 0x14000
    1614:	e2822044 	add	r2, r2, #68	; 0x44
    1618:	e51b100c 	ldr	r1, [fp, #-12]
    161c:	e1a03001 	mov	r3, r1
    1620:	e1a03283 	lsl	r3, r3, #5
    1624:	e0613003 	rsb	r3, r1, r3
    1628:	e1a03103 	lsl	r3, r3, #2
    162c:	e0833001 	add	r3, r3, r1
    1630:	e1a01103 	lsl	r1, r3, #2
    1634:	e0833001 	add	r3, r3, r1
    1638:	e1a01203 	lsl	r1, r3, #4
    163c:	e0631001 	rsb	r1, r3, r1
    1640:	e1a03381 	lsl	r3, r1, #7
    1644:	e1a01003 	mov	r1, r3
    1648:	e3a03501 	mov	r3, #4194304	; 0x400000
    164c:	e2833a01 	add	r3, r3, #4096	; 0x1000
    1650:	e2833005 	add	r3, r3, #5
    1654:	e0830391 	umull	r0, r3, r1, r3
    1658:	e0631001 	rsb	r1, r3, r1
    165c:	e1a010a1 	lsr	r1, r1, #1
    1660:	e0833001 	add	r3, r3, r1
    1664:	e1a034a3 	lsr	r3, r3, #9
    1668:	e5823000 	str	r3, [r2]
    166c:	ea00001a 	b	16dc <setDutyCycle+0x2b0>
    1670:	e51b3008 	ldr	r3, [fp, #-8]
    1674:	e3530006 	cmp	r3, #6
    1678:	1a000017 	bne	16dc <setDutyCycle+0x2b0>
    167c:	e3a0220e 	mov	r2, #-536870912	; 0xe0000000
    1680:	e2822905 	add	r2, r2, #81920	; 0x14000
    1684:	e2822048 	add	r2, r2, #72	; 0x48
    1688:	e51b100c 	ldr	r1, [fp, #-12]
    168c:	e1a03001 	mov	r3, r1
    1690:	e1a03283 	lsl	r3, r3, #5
    1694:	e0613003 	rsb	r3, r1, r3
    1698:	e1a03103 	lsl	r3, r3, #2
    169c:	e0833001 	add	r3, r3, r1
    16a0:	e1a01103 	lsl	r1, r3, #2
    16a4:	e0833001 	add	r3, r3, r1
    16a8:	e1a01203 	lsl	r1, r3, #4
    16ac:	e0631001 	rsb	r1, r3, r1
    16b0:	e1a03381 	lsl	r3, r1, #7
    16b4:	e1a01003 	mov	r1, r3
    16b8:	e3a03501 	mov	r3, #4194304	; 0x400000
    16bc:	e2833a01 	add	r3, r3, #4096	; 0x1000
    16c0:	e2833005 	add	r3, r3, #5
    16c4:	e0830391 	umull	r0, r3, r1, r3
    16c8:	e0631001 	rsb	r1, r3, r1
    16cc:	e1a010a1 	lsr	r1, r1, #1
    16d0:	e0833001 	add	r3, r3, r1
    16d4:	e1a034a3 	lsr	r3, r3, #9
    16d8:	e5823000 	str	r3, [r2]
    16dc:	e28bd000 	add	sp, fp, #0
    16e0:	e8bd0800 	pop	{fp}
    16e4:	e12fff1e 	bx	lr

000016e8 <setDOF1_PWM>:
    16e8:	e92d4810 	push	{r4, fp, lr}
    16ec:	e28db008 	add	fp, sp, #8
    16f0:	e24dd00c 	sub	sp, sp, #12
    16f4:	e50b0010 	str	r0, [fp, #-16]
    16f8:	e3a0320e 	mov	r3, #-536870912	; 0xe0000000
    16fc:	e283390b 	add	r3, r3, #180224	; 0x2c000
    1700:	e3a0220e 	mov	r2, #-536870912	; 0xe0000000
    1704:	e282290b 	add	r2, r2, #180224	; 0x2c000
    1708:	e5922000 	ldr	r2, [r2]
    170c:	e3c22903 	bic	r2, r2, #49152	; 0xc000
    1710:	e5832000 	str	r2, [r3]
    1714:	e3a0320e 	mov	r3, #-536870912	; 0xe0000000
    1718:	e283390b 	add	r3, r3, #180224	; 0x2c000
    171c:	e3a0220e 	mov	r2, #-536870912	; 0xe0000000
    1720:	e282290b 	add	r2, r2, #180224	; 0x2c000
    1724:	e5922000 	ldr	r2, [r2]
    1728:	e3822902 	orr	r2, r2, #32768	; 0x8000
    172c:	e5832000 	str	r2, [r3]
    1730:	e3a0324e 	mov	r3, #-536870908	; 0xe0000004
    1734:	e2833905 	add	r3, r3, #81920	; 0x14000
    1738:	e3a02002 	mov	r2, #2
    173c:	e5832000 	str	r2, [r3]
    1740:	e3a0420e 	mov	r4, #-536870912	; 0xe0000000
    1744:	e2844905 	add	r4, r4, #81920	; 0x14000
    1748:	e2844018 	add	r4, r4, #24
    174c:	e3a007e5 	mov	r0, #60030976	; 0x3940000
    1750:	e2400c79 	sub	r0, r0, #30976	; 0x7900
    1754:	e51b1010 	ldr	r1, [fp, #-16]
    1758:	eb00017c 	bl	1d50 <__aeabi_uidiv>
    175c:	e1a03000 	mov	r3, r0
    1760:	e5843000 	str	r3, [r4]
    1764:	e3a032ce 	mov	r3, #-536870900	; 0xe000000c
    1768:	e2833905 	add	r3, r3, #81920	; 0x14000
    176c:	e3a02000 	mov	r2, #0
    1770:	e5832000 	str	r2, [r3]
    1774:	e3a0320e 	mov	r3, #-536870912	; 0xe0000000
    1778:	e2833905 	add	r3, r3, #81920	; 0x14000
    177c:	e283304c 	add	r3, r3, #76	; 0x4c
    1780:	e3a0220e 	mov	r2, #-536870912	; 0xe0000000
    1784:	e2822905 	add	r2, r2, #81920	; 0x14000
    1788:	e282204c 	add	r2, r2, #76	; 0x4c
    178c:	e5922000 	ldr	r2, [r2]
    1790:	e3c22034 	bic	r2, r2, #52	; 0x34
    1794:	e5832000 	str	r2, [r3]
    1798:	e3a0320e 	mov	r3, #-536870912	; 0xe0000000
    179c:	e2833905 	add	r3, r3, #81920	; 0x14000
    17a0:	e283304c 	add	r3, r3, #76	; 0x4c
    17a4:	e3a0220e 	mov	r2, #-536870912	; 0xe0000000
    17a8:	e2822905 	add	r2, r2, #81920	; 0x14000
    17ac:	e282204c 	add	r2, r2, #76	; 0x4c
    17b0:	e5922000 	ldr	r2, [r2]
    17b4:	e3822b0d 	orr	r2, r2, #13312	; 0x3400
    17b8:	e5832000 	str	r2, [r3]
    17bc:	e3a0324e 	mov	r3, #-536870908	; 0xe0000004
    17c0:	e2833905 	add	r3, r3, #81920	; 0x14000
    17c4:	e3a02c02 	mov	r2, #512	; 0x200
    17c8:	e2822001 	add	r2, r2, #1
    17cc:	e5832000 	str	r2, [r3]
    17d0:	e3a0320e 	mov	r3, #-536870912	; 0xe0000000
    17d4:	e2833905 	add	r3, r3, #81920	; 0x14000
    17d8:	e2833014 	add	r3, r3, #20
    17dc:	e3a02003 	mov	r2, #3
    17e0:	e5832000 	str	r2, [r3]
    17e4:	e24bd008 	sub	sp, fp, #8
    17e8:	e8bd4810 	pop	{r4, fp, lr}
    17ec:	e12fff1e 	bx	lr

000017f0 <setDOF1_DutyCycle>:
    17f0:	e52db004 	push	{fp}		; (str fp, [sp, #-4]!)
    17f4:	e28db000 	add	fp, sp, #0
    17f8:	e24dd00c 	sub	sp, sp, #12
    17fc:	e50b0008 	str	r0, [fp, #-8]
    1800:	e3a0220e 	mov	r2, #-536870912	; 0xe0000000
    1804:	e2822905 	add	r2, r2, #81920	; 0x14000
    1808:	e2822020 	add	r2, r2, #32
    180c:	e51b1008 	ldr	r1, [fp, #-8]
    1810:	e1a03001 	mov	r3, r1
    1814:	e1a03103 	lsl	r3, r3, #2
    1818:	e0833001 	add	r3, r3, r1
    181c:	e1a01203 	lsl	r1, r3, #4
    1820:	e0631001 	rsb	r1, r3, r1
    1824:	e1a03181 	lsl	r3, r1, #3
    1828:	e5823000 	str	r3, [r2]
    182c:	e28bd000 	add	sp, fp, #0
    1830:	e8bd0800 	pop	{fp}
    1834:	e12fff1e 	bx	lr

00001838 <T0isr>:
 *	  Parameters: None
 * 		 Returns: None
 * 	 Description:
***************************************************************************************/
void T0isr(void)
{
    1838:	e24ee004 	sub	lr, lr, #4
    183c:	e92d581f 	push	{r0, r1, r2, r3, r4, fp, ip, lr}
    1840:	e28db01c 	add	fp, sp, #28
	if(mptrfunc != NULL)
    1844:	e59f304c 	ldr	r3, [pc, #76]	; 1898 <T0isr+0x60>
    1848:	e5933000 	ldr	r3, [r3]
    184c:	e3530000 	cmp	r3, #0
    1850:	0a000003 	beq	1864 <T0isr+0x2c>
	{
		mptrfunc();
    1854:	e59f303c 	ldr	r3, [pc, #60]	; 1898 <T0isr+0x60>
    1858:	e5933000 	ldr	r3, [r3]
    185c:	e1a0e00f 	mov	lr, pc
    1860:	e12fff13 	bx	r3
	}

	T0IR 		|= 0x00000001;			//Clear match 0 interrupt
    1864:	e3a0320e 	mov	r3, #-536870912	; 0xe0000000
    1868:	e2833901 	add	r3, r3, #16384	; 0x4000
    186c:	e3a0220e 	mov	r2, #-536870912	; 0xe0000000
    1870:	e2822901 	add	r2, r2, #16384	; 0x4000
    1874:	e5922000 	ldr	r2, [r2]
    1878:	e3822001 	orr	r2, r2, #1
    187c:	e5832000 	str	r2, [r3]
	VICVectAddr  = 0x00000000;			//Dummy write to signal end of interrupt
    1880:	e3a03000 	mov	r3, #0
    1884:	e2433efd 	sub	r3, r3, #4048	; 0xfd0
    1888:	e3a02000 	mov	r2, #0
    188c:	e5832000 	str	r2, [r3]
}
    1890:	e24bd01c 	sub	sp, fp, #28
    1894:	e8fd981f 	ldm	sp!, {r0, r1, r2, r3, r4, fp, ip, pc}^
    1898:	400000b8 	.word	0x400000b8

0000189c <Timer_Init>:
 *	  Parameters: None
 * 		 Returns: None
 * 	 Description: Initiate Timer Module
***************************************************************************************/
void Timer_Init(void)
{
    189c:	e52db004 	push	{fp}		; (str fp, [sp, #-4]!)
    18a0:	e28db000 	add	fp, sp, #0
	T0PR = PRESCALEREGISTER; //incrementa o contador, quando o contador prescale atinge o valor de PR.
    18a4:	e3a03901 	mov	r3, #16384	; 0x4000
    18a8:	e28332ce 	add	r3, r3, #-536870900	; 0xe000000c
    18ac:	e3a0201e 	mov	r2, #30
    18b0:	e5832000 	str	r2, [r3]

	T0TCR = 0x00000002;	    //desabilita o contador e reseta o
    18b4:	e3a03901 	mov	r3, #16384	; 0x4000
    18b8:	e283324e 	add	r3, r3, #-536870908	; 0xe0000004
    18bc:	e3a02002 	mov	r2, #2
    18c0:	e5832000 	str	r2, [r3]
	T0MCR = 0x00000003;	    //On match reset the counter and generate an interrupt
    18c4:	e3a0320e 	mov	r3, #-536870912	; 0xe0000000
    18c8:	e2833901 	add	r3, r3, #16384	; 0x4000
    18cc:	e2833014 	add	r3, r3, #20
    18d0:	e3a02003 	mov	r2, #3
    18d4:	e5832000 	str	r2, [r3]
	T0MR0 = MATCHREGISTER0;  // T0MR0 = Match Register 0,
    18d8:	e3a0320e 	mov	r3, #-536870912	; 0xe0000000
    18dc:	e2833901 	add	r3, r3, #16384	; 0x4000
    18e0:	e2833018 	add	r3, r3, #24
    18e4:	e3a02008 	mov	r2, #8
    18e8:	e5832000 	str	r2, [r3]
						    // Tempo = (CLOCK dos perifricos (PCLK) / Prescaler (T0PR)) *  Match Register (T0MR0)

	//T0MR1 = 0x00000000;		// Set duty cycle to zero
	T0MR1 = MATCHREGISTER1;
    18ec:	e3a0320e 	mov	r3, #-536870912	; 0xe0000000
    18f0:	e2833901 	add	r3, r3, #16384	; 0x4000
    18f4:	e283301c 	add	r3, r3, #28
    18f8:	e3a02004 	mov	r2, #4
    18fc:	e5832000 	str	r2, [r3]
//	T0TCR = 0x00000001;		//enable timer

	VICVectAddr4 = (unsigned)T0isr;		//Set the timer ISR vector address
    1900:	e3a03000 	mov	r3, #0
    1904:	e2433eef 	sub	r3, r3, #3824	; 0xef0
    1908:	e59f2038 	ldr	r2, [pc, #56]	; 1948 <Timer_Init+0xac>
    190c:	e5832000 	str	r2, [r3]
	VICVectCntl4 = 0x00000024;			//Set channel
    1910:	e3a03000 	mov	r3, #0
    1914:	e2433edf 	sub	r3, r3, #3568	; 0xdf0
    1918:	e3a02024 	mov	r2, #36	; 0x24
    191c:	e5832000 	str	r2, [r3]
	VICIntSelect &= ~(1<<4);			//seleciona a se a interrupo sera FIQ ou IRQ para o timmer0
    1920:	e3e03eff 	mvn	r3, #4080	; 0xff0
    1924:	e2433003 	sub	r3, r3, #3
    1928:	e3e02eff 	mvn	r2, #4080	; 0xff0
    192c:	e2422003 	sub	r2, r2, #3
    1930:	e5922000 	ldr	r2, [r2]
    1934:	e3c22010 	bic	r2, r2, #16
    1938:	e5832000 	str	r2, [r3]
	//VICIntEnable |= 0x00000010;			//habilita a interrupo de timer 0
}
    193c:	e28bd000 	add	sp, fp, #0
    1940:	e8bd0800 	pop	{fp}
    1944:	e12fff1e 	bx	lr
    1948:	00001838 	.word	0x00001838

0000194c <Timer_RegisterCallback>:
 *	  Parameters: A pointer of a function
 * 		 Returns: Void
 * 	 Description: Initiate Timer Module
***************************************************************************************/
void Timer_RegisterCallback(void (*ptrfunc)(void))
{
    194c:	e52db004 	push	{fp}		; (str fp, [sp, #-4]!)
    1950:	e28db000 	add	fp, sp, #0
    1954:	e24dd00c 	sub	sp, sp, #12
    1958:	e50b0008 	str	r0, [fp, #-8]
	//VICVectaddr4 = ptrfunc;
	mptrfunc = ptrfunc;
    195c:	e59f3010 	ldr	r3, [pc, #16]	; 1974 <Timer_RegisterCallback+0x28>
    1960:	e51b2008 	ldr	r2, [fp, #-8]
    1964:	e5832000 	str	r2, [r3]
}
    1968:	e28bd000 	add	sp, fp, #0
    196c:	e8bd0800 	pop	{fp}
    1970:	e12fff1e 	bx	lr
    1974:	400000b8 	.word	0x400000b8

00001978 <Timer_Enable>:
 *	  Parameters: None
 * 		 Returns: None
 * 	 Description: Initiate Timer Module
***************************************************************************************/
void Timer_Enable()
{
    1978:	e52db004 	push	{fp}		; (str fp, [sp, #-4]!)
    197c:	e28db000 	add	fp, sp, #0
	VICIntEnable |= 0x00000010;
    1980:	e3a03000 	mov	r3, #0
    1984:	e2433eff 	sub	r3, r3, #4080	; 0xff0
    1988:	e3a02000 	mov	r2, #0
    198c:	e2422eff 	sub	r2, r2, #4080	; 0xff0
    1990:	e5922000 	ldr	r2, [r2]
    1994:	e3822010 	orr	r2, r2, #16
    1998:	e5832000 	str	r2, [r3]
	T0TCR = 0x00000001;
    199c:	e3a03901 	mov	r3, #16384	; 0x4000
    19a0:	e283324e 	add	r3, r3, #-536870908	; 0xe0000004
    19a4:	e3a02001 	mov	r2, #1
    19a8:	e5832000 	str	r2, [r3]
}
    19ac:	e28bd000 	add	sp, fp, #0
    19b0:	e8bd0800 	pop	{fp}
    19b4:	e12fff1e 	bx	lr

000019b8 <vUART_ISR_Wrapper>:
    19b8:	e3a03000 	mov	r3, #0
    19bc:	e2433efd 	sub	r3, r3, #4048	; 0xfd0
    19c0:	e3a02000 	mov	r2, #0
    19c4:	e5832000 	str	r2, [r3]

000019c8 <UART_Init>:
    19c8:	e92d4800 	push	{fp, lr}
    19cc:	e28db004 	add	fp, sp, #4
    19d0:	e24dd010 	sub	sp, sp, #16
    19d4:	e1a02000 	mov	r2, r0
    19d8:	e1a03001 	mov	r3, r1
    19dc:	e54b200d 	strb	r2, [fp, #-13]
    19e0:	e14b31b0 	strh	r3, [fp, #-16]
    19e4:	e3a0320e 	mov	r3, #-536870912	; 0xe0000000
    19e8:	e283390b 	add	r3, r3, #180224	; 0x2c000
    19ec:	e3a0220e 	mov	r2, #-536870912	; 0xe0000000
    19f0:	e282290b 	add	r2, r2, #180224	; 0x2c000
    19f4:	e5922000 	ldr	r2, [r2]
    19f8:	e3c22002 	bic	r2, r2, #2
    19fc:	e5832000 	str	r2, [r3]
    1a00:	e3a0320e 	mov	r3, #-536870912	; 0xe0000000
    1a04:	e283390b 	add	r3, r3, #180224	; 0x2c000
    1a08:	e3a0220e 	mov	r2, #-536870912	; 0xe0000000
    1a0c:	e282290b 	add	r2, r2, #180224	; 0x2c000
    1a10:	e5922000 	ldr	r2, [r2]
    1a14:	e3822001 	orr	r2, r2, #1
    1a18:	e5832000 	str	r2, [r3]
    1a1c:	e3a0320e 	mov	r3, #-536870912	; 0xe0000000
    1a20:	e283390b 	add	r3, r3, #180224	; 0x2c000
    1a24:	e3a0220e 	mov	r2, #-536870912	; 0xe0000000
    1a28:	e282290b 	add	r2, r2, #180224	; 0x2c000
    1a2c:	e5922000 	ldr	r2, [r2]
    1a30:	e3c22008 	bic	r2, r2, #8
    1a34:	e5832000 	str	r2, [r3]
    1a38:	e3a0320e 	mov	r3, #-536870912	; 0xe0000000
    1a3c:	e283390b 	add	r3, r3, #180224	; 0x2c000
    1a40:	e3a0220e 	mov	r2, #-536870912	; 0xe0000000
    1a44:	e282290b 	add	r2, r2, #180224	; 0x2c000
    1a48:	e5922000 	ldr	r2, [r2]
    1a4c:	e3822004 	orr	r2, r2, #4
    1a50:	e5832000 	str	r2, [r3]
    1a54:	e3a03903 	mov	r3, #49152	; 0xc000
    1a58:	e28332ce 	add	r3, r3, #-536870900	; 0xe000000c
    1a5c:	e3a02083 	mov	r2, #131	; 0x83
    1a60:	e5832000 	str	r2, [r3]
    1a64:	e15b31b0 	ldrh	r3, [fp, #-16]
    1a68:	e3a009e5 	mov	r0, #3751936	; 0x394000
    1a6c:	e2400e79 	sub	r0, r0, #1936	; 0x790
    1a70:	e1a01003 	mov	r1, r3
    1a74:	eb0000fa 	bl	1e64 <__aeabi_idiv>
    1a78:	e1a03000 	mov	r3, r0
    1a7c:	e14b30b6 	strh	r3, [fp, #-6]
    1a80:	e3a03903 	mov	r3, #49152	; 0xc000
    1a84:	e283324e 	add	r3, r3, #-536870908	; 0xe0000004
    1a88:	e15b20b6 	ldrh	r2, [fp, #-6]
    1a8c:	e1a02422 	lsr	r2, r2, #8
    1a90:	e1a02802 	lsl	r2, r2, #16
    1a94:	e1a02822 	lsr	r2, r2, #16
    1a98:	e5832000 	str	r2, [r3]
    1a9c:	e3a0320e 	mov	r3, #-536870912	; 0xe0000000
    1aa0:	e2833903 	add	r3, r3, #49152	; 0xc000
    1aa4:	e15b20b6 	ldrh	r2, [fp, #-6]
    1aa8:	e20220ff 	and	r2, r2, #255	; 0xff
    1aac:	e5832000 	str	r2, [r3]
    1ab0:	e3a03903 	mov	r3, #49152	; 0xc000
    1ab4:	e28332ce 	add	r3, r3, #-536870900	; 0xe000000c
    1ab8:	e3a02003 	mov	r2, #3
    1abc:	e5832000 	str	r2, [r3]
    1ac0:	e3a03903 	mov	r3, #49152	; 0xc000
    1ac4:	e283328e 	add	r3, r3, #-536870904	; 0xe0000008
    1ac8:	e3a02007 	mov	r2, #7
    1acc:	e5832000 	str	r2, [r3]
    1ad0:	e3a0320e 	mov	r3, #-536870912	; 0xe0000000
    1ad4:	e2833903 	add	r3, r3, #49152	; 0xc000
    1ad8:	e2833030 	add	r3, r3, #48	; 0x30
    1adc:	e3a02080 	mov	r2, #128	; 0x80
    1ae0:	e5832000 	str	r2, [r3]
    1ae4:	e24bd004 	sub	sp, fp, #4
    1ae8:	e8bd4800 	pop	{fp, lr}
    1aec:	e12fff1e 	bx	lr

00001af0 <UART_SendBuffer>:
    1af0:	e52db004 	push	{fp}		; (str fp, [sp, #-4]!)
    1af4:	e28db000 	add	fp, sp, #0
    1af8:	e24dd014 	sub	sp, sp, #20
    1afc:	e50b100c 	str	r1, [fp, #-12]
    1b00:	e1a03002 	mov	r3, r2
    1b04:	e1a02000 	mov	r2, r0
    1b08:	e54b2005 	strb	r2, [fp, #-5]
    1b0c:	e14b30be 	strh	r3, [fp, #-14]
    1b10:	e15b30be 	ldrh	r3, [fp, #-14]
    1b14:	e3530000 	cmp	r3, #0
    1b18:	0a000017 	beq	1b7c <UART_SendBuffer+0x8c>
    1b1c:	e1a00000 	nop			; (mov r0, r0)
    1b20:	ea000000 	b	1b28 <UART_SendBuffer+0x38>
    1b24:	e1a00000 	nop			; (mov r0, r0)
    1b28:	e3a0320e 	mov	r3, #-536870912	; 0xe0000000
    1b2c:	e2833903 	add	r3, r3, #49152	; 0xc000
    1b30:	e2833014 	add	r3, r3, #20
    1b34:	e5933000 	ldr	r3, [r3]
    1b38:	e2033040 	and	r3, r3, #64	; 0x40
    1b3c:	e3530000 	cmp	r3, #0
    1b40:	0afffff8 	beq	1b28 <UART_SendBuffer+0x38>
    1b44:	e3a0320e 	mov	r3, #-536870912	; 0xe0000000
    1b48:	e2833903 	add	r3, r3, #49152	; 0xc000
    1b4c:	e51b200c 	ldr	r2, [fp, #-12]
    1b50:	e5d22000 	ldrb	r2, [r2]
    1b54:	e5832000 	str	r2, [r3]
    1b58:	e51b300c 	ldr	r3, [fp, #-12]
    1b5c:	e2833001 	add	r3, r3, #1
    1b60:	e50b300c 	str	r3, [fp, #-12]
    1b64:	e15b30be 	ldrh	r3, [fp, #-14]
    1b68:	e2433001 	sub	r3, r3, #1
    1b6c:	e14b30be 	strh	r3, [fp, #-14]
    1b70:	e15b30be 	ldrh	r3, [fp, #-14]
    1b74:	e3530000 	cmp	r3, #0
    1b78:	1affffe9 	bne	1b24 <UART_SendBuffer+0x34>
    1b7c:	e28bd000 	add	sp, fp, #0
    1b80:	e8bd0800 	pop	{fp}
    1b84:	e12fff1e 	bx	lr

00001b88 <UART_putc>:
    1b88:	e52db004 	push	{fp}		; (str fp, [sp, #-4]!)
    1b8c:	e28db000 	add	fp, sp, #0
    1b90:	e24dd00c 	sub	sp, sp, #12
    1b94:	e1a03000 	mov	r3, r0
    1b98:	e54b3005 	strb	r3, [fp, #-5]
    1b9c:	e1a00000 	nop			; (mov r0, r0)
    1ba0:	e3a0320e 	mov	r3, #-536870912	; 0xe0000000
    1ba4:	e2833903 	add	r3, r3, #49152	; 0xc000
    1ba8:	e2833014 	add	r3, r3, #20
    1bac:	e5933000 	ldr	r3, [r3]
    1bb0:	e2033040 	and	r3, r3, #64	; 0x40
    1bb4:	e3530000 	cmp	r3, #0
    1bb8:	0afffff8 	beq	1ba0 <UART_putc+0x18>
    1bbc:	e3a0320e 	mov	r3, #-536870912	; 0xe0000000
    1bc0:	e2833903 	add	r3, r3, #49152	; 0xc000
    1bc4:	e55b2005 	ldrb	r2, [fp, #-5]
    1bc8:	e5832000 	str	r2, [r3]
    1bcc:	e28bd000 	add	sp, fp, #0
    1bd0:	e8bd0800 	pop	{fp}
    1bd4:	e12fff1e 	bx	lr

00001bd8 <UART_ReceiveBuffer>:
    1bd8:	e52db004 	push	{fp}		; (str fp, [sp, #-4]!)
    1bdc:	e28db000 	add	fp, sp, #0
    1be0:	e24dd01c 	sub	sp, sp, #28
    1be4:	e50b1014 	str	r1, [fp, #-20]
    1be8:	e1a03002 	mov	r3, r2
    1bec:	e1a02000 	mov	r2, r0
    1bf0:	e54b200d 	strb	r2, [fp, #-13]
    1bf4:	e14b31b6 	strh	r3, [fp, #-22]	; 0xffffffea
    1bf8:	e3a03000 	mov	r3, #0
    1bfc:	e14b30b6 	strh	r3, [fp, #-6]
    1c00:	e3a0320e 	mov	r3, #-536870912	; 0xe0000000
    1c04:	e2833903 	add	r3, r3, #49152	; 0xc000
    1c08:	e2833014 	add	r3, r3, #20
    1c0c:	e5933000 	ldr	r3, [r3]
    1c10:	e2033001 	and	r3, r3, #1
    1c14:	e20330ff 	and	r3, r3, #255	; 0xff
    1c18:	e3530000 	cmp	r3, #0
    1c1c:	0a000012 	beq	1c6c <UART_ReceiveBuffer+0x94>
    1c20:	ea00000e 	b	1c60 <UART_ReceiveBuffer+0x88>
    1c24:	e3a0320e 	mov	r3, #-536870912	; 0xe0000000
    1c28:	e2833903 	add	r3, r3, #49152	; 0xc000
    1c2c:	e5933000 	ldr	r3, [r3]
    1c30:	e20320ff 	and	r2, r3, #255	; 0xff
    1c34:	e51b3014 	ldr	r3, [fp, #-20]
    1c38:	e5c32000 	strb	r2, [r3]
    1c3c:	e51b3014 	ldr	r3, [fp, #-20]
    1c40:	e2833001 	add	r3, r3, #1
    1c44:	e50b3014 	str	r3, [fp, #-20]
    1c48:	e15b31b6 	ldrh	r3, [fp, #-22]	; 0xffffffea
    1c4c:	e2433001 	sub	r3, r3, #1
    1c50:	e14b31b6 	strh	r3, [fp, #-22]	; 0xffffffea
    1c54:	e15b30b6 	ldrh	r3, [fp, #-6]
    1c58:	e2833001 	add	r3, r3, #1
    1c5c:	e14b30b6 	strh	r3, [fp, #-6]
    1c60:	e15b31b6 	ldrh	r3, [fp, #-22]	; 0xffffffea
    1c64:	e3530000 	cmp	r3, #0
    1c68:	1affffed 	bne	1c24 <UART_ReceiveBuffer+0x4c>
    1c6c:	e15b30b6 	ldrh	r3, [fp, #-6]
    1c70:	e1a00003 	mov	r0, r3
    1c74:	e28bd000 	add	sp, fp, #0
    1c78:	e8bd0800 	pop	{fp}
    1c7c:	e12fff1e 	bx	lr

00001c80 <robot_setconfig>:
    1c80:	e92d4800 	push	{fp, lr}
    1c84:	e28db004 	add	fp, sp, #4
    1c88:	e3a0093d 	mov	r0, #999424	; 0xf4000
    1c8c:	e2800d09 	add	r0, r0, #576	; 0x240
    1c90:	ebfffab9 	bl	77c <ADCInit>
    1c94:	ebfffd86 	bl	12b4 <PWMInit>
    1c98:	ebfffb9c 	bl	b10 <GPIOInit>
    1c9c:	e24bd004 	sub	sp, fp, #4
    1ca0:	e8bd4800 	pop	{fp, lr}
    1ca4:	e12fff1e 	bx	lr

00001ca8 <control_dof1>:
    1ca8:	e92d4800 	push	{fp, lr}
    1cac:	e28db004 	add	fp, sp, #4
    1cb0:	e24dd008 	sub	sp, sp, #8
    1cb4:	e50b0008 	str	r0, [fp, #-8]
    1cb8:	e3a00001 	mov	r0, #1
    1cbc:	ebfffb15 	bl	918 <ADC0Read>
    1cc0:	e1a02000 	mov	r2, r0
    1cc4:	e59f3080 	ldr	r3, [pc, #128]	; 1d4c <control_dof1+0xa4>
    1cc8:	e5832000 	str	r2, [r3]
    1ccc:	e59f3078 	ldr	r3, [pc, #120]	; 1d4c <control_dof1+0xa4>
    1cd0:	e5933000 	ldr	r3, [r3]
    1cd4:	e51b2008 	ldr	r2, [fp, #-8]
    1cd8:	e1520003 	cmp	r2, r3
    1cdc:	9a000007 	bls	1d00 <control_dof1+0x58>
    1ce0:	e3a032ce 	mov	r3, #-536870900	; 0xe000000c
    1ce4:	e283390a 	add	r3, r3, #163840	; 0x28000
    1ce8:	e3a02702 	mov	r2, #524288	; 0x80000
    1cec:	e5832000 	str	r2, [r3]
    1cf0:	e3a0324e 	mov	r3, #-536870908	; 0xe0000004
    1cf4:	e283390a 	add	r3, r3, #163840	; 0x28000
    1cf8:	e3a02701 	mov	r2, #262144	; 0x40000
    1cfc:	e5832000 	str	r2, [r3]
    1d00:	e59f3044 	ldr	r3, [pc, #68]	; 1d4c <control_dof1+0xa4>
    1d04:	e5932000 	ldr	r2, [r3]
    1d08:	e51b3008 	ldr	r3, [fp, #-8]
    1d0c:	e1520003 	cmp	r2, r3
    1d10:	9a000007 	bls	1d34 <control_dof1+0x8c>
    1d14:	e3a032ce 	mov	r3, #-536870900	; 0xe000000c
    1d18:	e283390a 	add	r3, r3, #163840	; 0x28000
    1d1c:	e3a02701 	mov	r2, #262144	; 0x40000
    1d20:	e5832000 	str	r2, [r3]
    1d24:	e3a0324e 	mov	r3, #-536870908	; 0xe0000004
    1d28:	e283390a 	add	r3, r3, #163840	; 0x28000
    1d2c:	e3a02702 	mov	r2, #524288	; 0x80000
    1d30:	e5832000 	str	r2, [r3]
    1d34:	e3a00002 	mov	r0, #2
    1d38:	e3a01055 	mov	r1, #85	; 0x55
    1d3c:	ebfffdba 	bl	142c <setDutyCycle>
    1d40:	e24bd004 	sub	sp, fp, #4
    1d44:	e8bd4800 	pop	{fp, lr}
    1d48:	e12fff1e 	bx	lr
    1d4c:	400000bc 	.word	0x400000bc

00001d50 <__aeabi_uidiv>:
    1d50:	e2512001 	subs	r2, r1, #1
    1d54:	012fff1e 	bxeq	lr
    1d58:	3a000036 	bcc	1e38 <__aeabi_uidiv+0xe8>
    1d5c:	e1500001 	cmp	r0, r1
    1d60:	9a000022 	bls	1df0 <__aeabi_uidiv+0xa0>
    1d64:	e1110002 	tst	r1, r2
    1d68:	0a000023 	beq	1dfc <__aeabi_uidiv+0xac>
    1d6c:	e311020e 	tst	r1, #-536870912	; 0xe0000000
    1d70:	01a01181 	lsleq	r1, r1, #3
    1d74:	03a03008 	moveq	r3, #8
    1d78:	13a03001 	movne	r3, #1
    1d7c:	e3510201 	cmp	r1, #268435456	; 0x10000000
    1d80:	31510000 	cmpcc	r1, r0
    1d84:	31a01201 	lslcc	r1, r1, #4
    1d88:	31a03203 	lslcc	r3, r3, #4
    1d8c:	3afffffa 	bcc	1d7c <__aeabi_uidiv+0x2c>
    1d90:	e3510102 	cmp	r1, #-2147483648	; 0x80000000
    1d94:	31510000 	cmpcc	r1, r0
    1d98:	31a01081 	lslcc	r1, r1, #1
    1d9c:	31a03083 	lslcc	r3, r3, #1
    1da0:	3afffffa 	bcc	1d90 <__aeabi_uidiv+0x40>
    1da4:	e3a02000 	mov	r2, #0
    1da8:	e1500001 	cmp	r0, r1
    1dac:	20400001 	subcs	r0, r0, r1
    1db0:	21822003 	orrcs	r2, r2, r3
    1db4:	e15000a1 	cmp	r0, r1, lsr #1
    1db8:	204000a1 	subcs	r0, r0, r1, lsr #1
    1dbc:	218220a3 	orrcs	r2, r2, r3, lsr #1
    1dc0:	e1500121 	cmp	r0, r1, lsr #2
    1dc4:	20400121 	subcs	r0, r0, r1, lsr #2
    1dc8:	21822123 	orrcs	r2, r2, r3, lsr #2
    1dcc:	e15001a1 	cmp	r0, r1, lsr #3
    1dd0:	204001a1 	subcs	r0, r0, r1, lsr #3
    1dd4:	218221a3 	orrcs	r2, r2, r3, lsr #3
    1dd8:	e3500000 	cmp	r0, #0
    1ddc:	11b03223 	lsrsne	r3, r3, #4
    1de0:	11a01221 	lsrne	r1, r1, #4
    1de4:	1affffef 	bne	1da8 <__aeabi_uidiv+0x58>
    1de8:	e1a00002 	mov	r0, r2
    1dec:	e12fff1e 	bx	lr
    1df0:	03a00001 	moveq	r0, #1
    1df4:	13a00000 	movne	r0, #0
    1df8:	e12fff1e 	bx	lr
    1dfc:	e3510801 	cmp	r1, #65536	; 0x10000
    1e00:	21a01821 	lsrcs	r1, r1, #16
    1e04:	23a02010 	movcs	r2, #16
    1e08:	33a02000 	movcc	r2, #0
    1e0c:	e3510c01 	cmp	r1, #256	; 0x100
    1e10:	21a01421 	lsrcs	r1, r1, #8
    1e14:	22822008 	addcs	r2, r2, #8
    1e18:	e3510010 	cmp	r1, #16
    1e1c:	21a01221 	lsrcs	r1, r1, #4
    1e20:	22822004 	addcs	r2, r2, #4
    1e24:	e3510004 	cmp	r1, #4
    1e28:	82822003 	addhi	r2, r2, #3
    1e2c:	908220a1 	addls	r2, r2, r1, lsr #1
    1e30:	e1a00230 	lsr	r0, r0, r2
    1e34:	e12fff1e 	bx	lr
    1e38:	e3500000 	cmp	r0, #0
    1e3c:	13e00000 	mvnne	r0, #0
    1e40:	ea000059 	b	1fac <__aeabi_idiv0>

00001e44 <__aeabi_uidivmod>:
    1e44:	e3510000 	cmp	r1, #0
    1e48:	0afffffa 	beq	1e38 <__aeabi_uidiv+0xe8>
    1e4c:	e92d4003 	push	{r0, r1, lr}
    1e50:	ebffffbe 	bl	1d50 <__aeabi_uidiv>
    1e54:	e8bd4006 	pop	{r1, r2, lr}
    1e58:	e0030092 	mul	r3, r2, r0
    1e5c:	e0411003 	sub	r1, r1, r3
    1e60:	e12fff1e 	bx	lr

00001e64 <__aeabi_idiv>:
    1e64:	e3510000 	cmp	r1, #0
    1e68:	0a000043 	beq	1f7c <.divsi3_skip_div0_test+0x110>

00001e6c <.divsi3_skip_div0_test>:
    1e6c:	e020c001 	eor	ip, r0, r1
    1e70:	42611000 	rsbmi	r1, r1, #0
    1e74:	e2512001 	subs	r2, r1, #1
    1e78:	0a000027 	beq	1f1c <.divsi3_skip_div0_test+0xb0>
    1e7c:	e1b03000 	movs	r3, r0
    1e80:	42603000 	rsbmi	r3, r0, #0
    1e84:	e1530001 	cmp	r3, r1
    1e88:	9a000026 	bls	1f28 <.divsi3_skip_div0_test+0xbc>
    1e8c:	e1110002 	tst	r1, r2
    1e90:	0a000028 	beq	1f38 <.divsi3_skip_div0_test+0xcc>
    1e94:	e311020e 	tst	r1, #-536870912	; 0xe0000000
    1e98:	01a01181 	lsleq	r1, r1, #3
    1e9c:	03a02008 	moveq	r2, #8
    1ea0:	13a02001 	movne	r2, #1
    1ea4:	e3510201 	cmp	r1, #268435456	; 0x10000000
    1ea8:	31510003 	cmpcc	r1, r3
    1eac:	31a01201 	lslcc	r1, r1, #4
    1eb0:	31a02202 	lslcc	r2, r2, #4
    1eb4:	3afffffa 	bcc	1ea4 <.divsi3_skip_div0_test+0x38>
    1eb8:	e3510102 	cmp	r1, #-2147483648	; 0x80000000
    1ebc:	31510003 	cmpcc	r1, r3
    1ec0:	31a01081 	lslcc	r1, r1, #1
    1ec4:	31a02082 	lslcc	r2, r2, #1
    1ec8:	3afffffa 	bcc	1eb8 <.divsi3_skip_div0_test+0x4c>
    1ecc:	e3a00000 	mov	r0, #0
    1ed0:	e1530001 	cmp	r3, r1
    1ed4:	20433001 	subcs	r3, r3, r1
    1ed8:	21800002 	orrcs	r0, r0, r2
    1edc:	e15300a1 	cmp	r3, r1, lsr #1
    1ee0:	204330a1 	subcs	r3, r3, r1, lsr #1
    1ee4:	218000a2 	orrcs	r0, r0, r2, lsr #1
    1ee8:	e1530121 	cmp	r3, r1, lsr #2
    1eec:	20433121 	subcs	r3, r3, r1, lsr #2
    1ef0:	21800122 	orrcs	r0, r0, r2, lsr #2
    1ef4:	e15301a1 	cmp	r3, r1, lsr #3
    1ef8:	204331a1 	subcs	r3, r3, r1, lsr #3
    1efc:	218001a2 	orrcs	r0, r0, r2, lsr #3
    1f00:	e3530000 	cmp	r3, #0
    1f04:	11b02222 	lsrsne	r2, r2, #4
    1f08:	11a01221 	lsrne	r1, r1, #4
    1f0c:	1affffef 	bne	1ed0 <.divsi3_skip_div0_test+0x64>
    1f10:	e35c0000 	cmp	ip, #0
    1f14:	42600000 	rsbmi	r0, r0, #0
    1f18:	e12fff1e 	bx	lr
    1f1c:	e13c0000 	teq	ip, r0
    1f20:	42600000 	rsbmi	r0, r0, #0
    1f24:	e12fff1e 	bx	lr
    1f28:	33a00000 	movcc	r0, #0
    1f2c:	01a00fcc 	asreq	r0, ip, #31
    1f30:	03800001 	orreq	r0, r0, #1
    1f34:	e12fff1e 	bx	lr
    1f38:	e3510801 	cmp	r1, #65536	; 0x10000
    1f3c:	21a01821 	lsrcs	r1, r1, #16
    1f40:	23a02010 	movcs	r2, #16
    1f44:	33a02000 	movcc	r2, #0
    1f48:	e3510c01 	cmp	r1, #256	; 0x100
    1f4c:	21a01421 	lsrcs	r1, r1, #8
    1f50:	22822008 	addcs	r2, r2, #8
    1f54:	e3510010 	cmp	r1, #16
    1f58:	21a01221 	lsrcs	r1, r1, #4
    1f5c:	22822004 	addcs	r2, r2, #4
    1f60:	e3510004 	cmp	r1, #4
    1f64:	82822003 	addhi	r2, r2, #3
    1f68:	908220a1 	addls	r2, r2, r1, lsr #1
    1f6c:	e35c0000 	cmp	ip, #0
    1f70:	e1a00233 	lsr	r0, r3, r2
    1f74:	42600000 	rsbmi	r0, r0, #0
    1f78:	e12fff1e 	bx	lr
    1f7c:	e3500000 	cmp	r0, #0
    1f80:	c3e00102 	mvngt	r0, #-2147483648	; 0x80000000
    1f84:	b3a00102 	movlt	r0, #-2147483648	; 0x80000000
    1f88:	ea000007 	b	1fac <__aeabi_idiv0>

00001f8c <__aeabi_idivmod>:
    1f8c:	e3510000 	cmp	r1, #0
    1f90:	0afffff9 	beq	1f7c <.divsi3_skip_div0_test+0x110>
    1f94:	e92d4003 	push	{r0, r1, lr}
    1f98:	ebffffb3 	bl	1e6c <.divsi3_skip_div0_test>
    1f9c:	e8bd4006 	pop	{r1, r2, lr}
    1fa0:	e0030092 	mul	r3, r2, r0
    1fa4:	e0411003 	sub	r1, r1, r3
    1fa8:	e12fff1e 	bx	lr

00001fac <__aeabi_idiv0>:
    1fac:	e12fff1e 	bx	lr
    1fb0:	31464f44 	.word	0x31464f44
    1fb4:	4344415f 	.word	0x4344415f
    1fb8:	544f505f 	.word	0x544f505f
    1fbc:	6425203a 	.word	0x6425203a
    1fc0:	3a6e4920 	.word	0x3a6e4920
    1fc4:	0d642520 	.word	0x0d642520
    1fc8:	0000000a 	.word	0x0000000a
    1fcc:	6c756e28 	.word	0x6c756e28
    1fd0:	0000296c 	.word	0x0000296c
