   1              		.cpu arm7tdmi
   2              		.fpu softvfp
   3              		.eabi_attribute 20, 1
   4              		.eabi_attribute 21, 1
   5              		.eabi_attribute 23, 3
   6              		.eabi_attribute 24, 1
   7              		.eabi_attribute 25, 1
   8              		.eabi_attribute 26, 1
   9              		.eabi_attribute 30, 6
  10              		.eabi_attribute 18, 4
  11              		.file	"ma2000main.c"
  21              	.Ltext0:
  22              		.file 1 "../ma2000main.c"
 2125              		.align	2
 2126              		.global	Config_P022_LED
 2128              	Config_P022_LED:
 2129              	.LFB0:
   1:../ma2000main.c **** /*
   2:../ma2000main.c ****  * ma2000main.c
   3:../ma2000main.c ****  *
   4:../ma2000main.c ****  *  Created on: 12/06/2012
   5:../ma2000main.c ****  *      Author: Daniel
   6:../ma2000main.c ****  */
   7:../ma2000main.c **** 
   8:../ma2000main.c **** #include "LPC214x.h"
   9:../ma2000main.c **** #include "cpu_init.h"
  10:../ma2000main.c **** #include "adc.h"
  11:../ma2000main.c **** #include "pwm.h"
  12:../ma2000main.c **** #include "uart.h"
  13:../ma2000main.c **** 
  14:../ma2000main.c **** #define rel 500000
  15:../ma2000main.c **** 
  16:../ma2000main.c **** void Config_P022_LED (void)
  17:../ma2000main.c **** {
 2130              		.loc 1 17 0
 2131              		.cfi_startproc
 2132              		@ Function supports interworking.
 2133              		@ args = 0, pretend = 0, frame = 0
 2134              		@ frame_needed = 1, uses_anonymous_args = 0
 2135              		@ link register save eliminated.
 2136 0000 04B02DE5 		str	fp, [sp, #-4]!
 2137              	.LCFI0:
 2138              		.cfi_def_cfa_offset 4
 2139 0004 00B08DE2 		add	fp, sp, #0
 2140              		.cfi_offset 11, -4
 2141              	.LCFI1:
 2142              		.cfi_def_cfa_register 11
  18:../ma2000main.c **** 	PINSEL1 &= ~((1<<12)|(1<<13)); // Configura o pino P0.22 como entrada/saída (I/O)
 2143              		.loc 1 18 0
 2144 0008 4E32A0E3 		mov	r3, #-536870908
 2145 000c 0B3983E2 		add	r3, r3, #180224
 2146 0010 4E22A0E3 		mov	r2, #-536870908
 2147 0014 0B2982E2 		add	r2, r2, #180224
 2148 0018 002092E5 		ldr	r2, [r2, #0]
 2149 001c 032AC2E3 		bic	r2, r2, #12288
 2150 0020 002083E5 		str	r2, [r3, #0]
  19:../ma2000main.c **** 	IODIR0 |= (1<<22); // Configura o pino correspondente ao bit 22 para saída
 2151              		.loc 1 19 0
 2152 0024 8E32A0E3 		mov	r3, #-536870904
 2153 0028 0A3983E2 		add	r3, r3, #163840
 2154 002c 8E22A0E3 		mov	r2, #-536870904
 2155 0030 0A2982E2 		add	r2, r2, #163840
 2156 0034 002092E5 		ldr	r2, [r2, #0]
 2157 0038 012582E3 		orr	r2, r2, #4194304
 2158 003c 002083E5 		str	r2, [r3, #0]
  20:../ma2000main.c **** }
 2159              		.loc 1 20 0
 2160 0040 00D08BE2 		add	sp, fp, #0
 2161 0044 0008BDE8 		ldmfd	sp!, {fp}
 2162 0048 1EFF2FE1 		bx	lr
 2163              		.cfi_endproc
 2164              	.LFE0:
 2166              		.align	2
 2167              		.global	Config_MCC_PINS
 2169              	Config_MCC_PINS:
 2170              	.LFB1:
  21:../ma2000main.c **** 
  22:../ma2000main.c **** void Config_MCC_PINS (void)
  23:../ma2000main.c **** {
 2171              		.loc 1 23 0
 2172              		.cfi_startproc
 2173              		@ Function supports interworking.
 2174              		@ args = 0, pretend = 0, frame = 0
 2175              		@ frame_needed = 1, uses_anonymous_args = 0
 2176              		@ link register save eliminated.
 2177 004c 04B02DE5 		str	fp, [sp, #-4]!
 2178              	.LCFI2:
 2179              		.cfi_def_cfa_offset 4
 2180 0050 00B08DE2 		add	fp, sp, #0
 2181              		.cfi_offset 11, -4
 2182              	.LCFI3:
 2183              		.cfi_def_cfa_register 11
  24:../ma2000main.c **** 	//P0.3 P0.5 P0.10 P0.12 P0.17 P0.19
  25:../ma2000main.c **** 
  26:../ma2000main.c **** 	PINSEL0 &= ~((1<<6)|(1<<7)|(1<<10)|(1<<11)|(1<<20)|(1<<21)|(1<<24)|(1<<25));
 2184              		.loc 1 26 0
 2185 0054 0E32A0E3 		mov	r3, #-536870912
 2186 0058 0B3983E2 		add	r3, r3, #180224
 2187 005c 0E22A0E3 		mov	r2, #-536870912
 2188 0060 0B2982E2 		add	r2, r2, #180224
 2189 0064 002092E5 		ldr	r2, [r2, #0]
 2190 0068 3326C2E3 		bic	r2, r2, #53477376
 2191 006c 332DC2E3 		bic	r2, r2, #3264
 2192 0070 002083E5 		str	r2, [r3, #0]
  27:../ma2000main.c **** 	PINSEL1 &= ~((1<<2)|(1<<3)|(1<<6)|(1<<7));
 2193              		.loc 1 27 0
 2194 0074 4E32A0E3 		mov	r3, #-536870908
 2195 0078 0B3983E2 		add	r3, r3, #180224
 2196 007c 4E22A0E3 		mov	r2, #-536870908
 2197 0080 0B2982E2 		add	r2, r2, #180224
 2198 0084 002092E5 		ldr	r2, [r2, #0]
 2199 0088 CC20C2E3 		bic	r2, r2, #204
 2200 008c 002083E5 		str	r2, [r3, #0]
  28:../ma2000main.c **** 	IODIR0 |= ((1<<3)|(1<<5)|(1<<10)|(1<<12)|(1<<17)|(1<<19));
 2201              		.loc 1 28 0
 2202 0090 8E22A0E3 		mov	r2, #-536870904
 2203 0094 0A2982E2 		add	r2, r2, #163840
 2204 0098 8E32A0E3 		mov	r3, #-536870904
 2205 009c 0A3983E2 		add	r3, r3, #163840
 2206 00a0 003093E5 		ldr	r3, [r3, #0]
 2207 00a4 A13A83E3 		orr	r3, r3, #659456
 2208 00a8 423E83E3 		orr	r3, r3, #1056
 2209 00ac 083083E3 		orr	r3, r3, #8
 2210 00b0 003082E5 		str	r3, [r2, #0]
  29:../ma2000main.c **** }
 2211              		.loc 1 29 0
 2212 00b4 00D08BE2 		add	sp, fp, #0
 2213 00b8 0008BDE8 		ldmfd	sp!, {fp}
 2214 00bc 1EFF2FE1 		bx	lr
 2215              		.cfi_endproc
 2216              	.LFE1:
 2218              		.section	.rodata
 2219              		.align	2
 2220              	.LC0:
 2221 0000 4144433A 		.ascii	"ADC: %d\015\012\000"
 2221      2025640D 
 2221      0A00
 2222 000a 0000     		.text
 2223              		.align	2
 2224              		.global	main
 2226              	main:
 2227              	.LFB2:
  30:../ma2000main.c **** 
  31:../ma2000main.c **** int main (void)
  32:../ma2000main.c **** {
 2228              		.loc 1 32 0
 2229              		.cfi_startproc
 2230              		@ Function supports interworking.
 2231              		@ args = 0, pretend = 0, frame = 24
 2232              		@ frame_needed = 1, uses_anonymous_args = 0
 2233 00c0 00482DE9 		stmfd	sp!, {fp, lr}
 2234              	.LCFI4:
 2235              		.cfi_def_cfa_offset 8
 2236 00c4 04B08DE2 		add	fp, sp, #4
 2237              		.cfi_offset 14, -4
 2238              		.cfi_offset 11, -8
 2239              	.LCFI5:
 2240              		.cfi_def_cfa 11, 4
 2241 00c8 18D04DE2 		sub	sp, sp, #24
  33:../ma2000main.c **** 	cpu_init();
 2242              		.loc 1 33 0
 2243 00cc FEFFFFEB 		bl	cpu_init
  34:../ma2000main.c **** 
  35:../ma2000main.c **** 	//ADCInit( ADC_CLK );
  36:../ma2000main.c **** 
  37:../ma2000main.c **** 	unsigned int resultado1 = 0;
 2244              		.loc 1 37 0
 2245 00d0 0030A0E3 		mov	r3, #0
 2246 00d4 0C300BE5 		str	r3, [fp, #-12]
  38:../ma2000main.c **** 	unsigned int resultado2 = 0;
 2247              		.loc 1 38 0
 2248 00d8 0030A0E3 		mov	r3, #0
 2249 00dc 10300BE5 		str	r3, [fp, #-16]
  39:../ma2000main.c **** 	unsigned int resultado3 = 0;
 2250              		.loc 1 39 0
 2251 00e0 0030A0E3 		mov	r3, #0
 2252 00e4 14300BE5 		str	r3, [fp, #-20]
  40:../ma2000main.c **** 	unsigned int resultado4 = 0;
 2253              		.loc 1 40 0
 2254 00e8 0030A0E3 		mov	r3, #0
 2255 00ec 18300BE5 		str	r3, [fp, #-24]
  41:../ma2000main.c **** 	unsigned int dif = 0;
 2256              		.loc 1 41 0
 2257 00f0 0030A0E3 		mov	r3, #0
 2258 00f4 08300BE5 		str	r3, [fp, #-8]
  42:../ma2000main.c **** 
  43:../ma2000main.c **** 	Config_MCC_PINS();
 2259              		.loc 1 43 0
 2260 00f8 FEFFFFEB 		bl	Config_MCC_PINS
  44:../ma2000main.c **** 
  45:../ma2000main.c **** 	pwm_init();
 2261              		.loc 1 45 0
 2262 00fc FEFFFFEB 		bl	pwm_init
  46:../ma2000main.c **** 	int j=0;
 2263              		.loc 1 46 0
 2264 0100 0030A0E3 		mov	r3, #0
 2265 0104 1C300BE5 		str	r3, [fp, #-28]
  47:../ma2000main.c **** 
  48:../ma2000main.c **** 	UART_Init(0,9600);
 2266              		.loc 1 48 0
 2267 0108 0000A0E3 		mov	r0, #0
 2268 010c 961DA0E3 		mov	r1, #9600
 2269 0110 FEFFFFEB 		bl	UART_Init
  49:../ma2000main.c **** 	ADCInit( ADC_CLK );
 2270              		.loc 1 49 0
 2271 0114 3D09A0E3 		mov	r0, #999424
 2272 0118 090D80E2 		add	r0, r0, #576
 2273 011c FEFFFFEB 		bl	ADCInit
  50:../ma2000main.c **** 	IOSET0 = ((1<<3)|(1<<5)|(1<<10)|(1<<12)|(1<<17)|(1<<19));
 2274              		.loc 1 50 0
 2275 0120 4E22A0E3 		mov	r2, #-536870908
 2276 0124 0A2982E2 		add	r2, r2, #163840
 2277 0128 A13AA0E3 		mov	r3, #659456
 2278 012c 423E83E2 		add	r3, r3, #1056
 2279 0130 083083E2 		add	r3, r3, #8
 2280 0134 003082E5 		str	r3, [r2, #0]
 2281              	.L6:
 2282              	.LBB2:
  51:../ma2000main.c **** 	//IOCLR0 = (1<<19);
  52:../ma2000main.c **** 	while (1)
  53:../ma2000main.c **** 	{
  54:../ma2000main.c **** 		/*IOSET0 = (1<<3);
  55:../ma2000main.c **** 		IOSET0 = (1<<5);
  56:../ma2000main.c **** 		IOSET0 = (1<<10);
  57:../ma2000main.c **** 		IOSET0 = (1<<12);
  58:../ma2000main.c **** 		IOSET0 = (1<<17);
  59:../ma2000main.c **** 		IOSET0 = (1<<19);
  60:../ma2000main.c **** 		for (j = 0; j < rel; j++ ) asm volatile ("NOP");
  61:../ma2000main.c **** 		IOCLR0 = (1<<3);
  62:../ma2000main.c **** 		IOCLR0 = (1<<5);
  63:../ma2000main.c **** 		IOCLR0 = (1<<10);
  64:../ma2000main.c **** 		IOCLR0 = (1<<12);
  65:../ma2000main.c **** 		IOCLR0 = (1<<17);
  66:../ma2000main.c **** 		IOCLR0 = (1<<19);
  67:../ma2000main.c **** 		for (j = 0; j < rel; j++ ) asm volatile ("NOP");*/
  68:../ma2000main.c **** 
  69:../ma2000main.c **** 		resultado1 = ADC0Read(1);
 2283              		.loc 1 69 0
 2284 0138 0100A0E3 		mov	r0, #1
 2285 013c FEFFFFEB 		bl	ADC0Read
 2286 0140 0C000BE5 		str	r0, [fp, #-12]
  70:../ma2000main.c **** 		resultado2 = ADC0Read(2);
 2287              		.loc 1 70 0
 2288 0144 0200A0E3 		mov	r0, #2
 2289 0148 FEFFFFEB 		bl	ADC0Read
 2290 014c 10000BE5 		str	r0, [fp, #-16]
  71:../ma2000main.c **** 		resultado3 = ADC0Read(3);
 2291              		.loc 1 71 0
 2292 0150 0300A0E3 		mov	r0, #3
 2293 0154 FEFFFFEB 		bl	ADC0Read
 2294 0158 14000BE5 		str	r0, [fp, #-20]
  72:../ma2000main.c **** 		resultado4 = ADC0Read(4);
 2295              		.loc 1 72 0
 2296 015c 0400A0E3 		mov	r0, #4
 2297 0160 FEFFFFEB 		bl	ADC0Read
 2298 0164 18000BE5 		str	r0, [fp, #-24]
  73:../ma2000main.c **** 		iprintf("ADC: %d\r\n", resultado1);
 2299              		.loc 1 73 0
 2300 0168 90009FE5 		ldr	r0, .L7
 2301 016c 0C101BE5 		ldr	r1, [fp, #-12]
 2302 0170 FEFFFFEB 		bl	iprintf
  74:../ma2000main.c **** 
  75:../ma2000main.c **** 		if(resultado1 > resultado4)
 2303              		.loc 1 75 0
 2304 0174 0C201BE5 		ldr	r2, [fp, #-12]
 2305 0178 18301BE5 		ldr	r3, [fp, #-24]
 2306 017c 030052E1 		cmp	r2, r3
 2307 0180 0B00009A 		bls	.L4
  76:../ma2000main.c **** 		{
  77:../ma2000main.c **** 			IOCLR0 = (1<<19);
 2308              		.loc 1 77 0
 2309 0184 CE32A0E3 		mov	r3, #-536870900
 2310 0188 0A3983E2 		add	r3, r3, #163840
 2311 018c 0227A0E3 		mov	r2, #524288
 2312 0190 002083E5 		str	r2, [r3, #0]
  78:../ma2000main.c **** 			IOSET0 = (1<<17);
 2313              		.loc 1 78 0
 2314 0194 4E32A0E3 		mov	r3, #-536870908
 2315 0198 0A3983E2 		add	r3, r3, #163840
 2316 019c 0228A0E3 		mov	r2, #131072
 2317 01a0 002083E5 		str	r2, [r3, #0]
  79:../ma2000main.c **** 			dif = resultado1 - resultado4;
 2318              		.loc 1 79 0
 2319 01a4 0C201BE5 		ldr	r2, [fp, #-12]
 2320 01a8 18301BE5 		ldr	r3, [fp, #-24]
 2321 01ac 023063E0 		rsb	r3, r3, r2
 2322 01b0 08300BE5 		str	r3, [fp, #-8]
 2323              	.L4:
  80:../ma2000main.c **** 		}
  81:../ma2000main.c **** 
  82:../ma2000main.c **** 		if(resultado1 < resultado4)
 2324              		.loc 1 82 0
 2325 01b4 0C201BE5 		ldr	r2, [fp, #-12]
 2326 01b8 18301BE5 		ldr	r3, [fp, #-24]
 2327 01bc 030052E1 		cmp	r2, r3
 2328 01c0 0B00002A 		bcs	.L5
  83:../ma2000main.c **** 		{
  84:../ma2000main.c **** 			IOCLR0 = (1<<17);
 2329              		.loc 1 84 0
 2330 01c4 CE32A0E3 		mov	r3, #-536870900
 2331 01c8 0A3983E2 		add	r3, r3, #163840
 2332 01cc 0228A0E3 		mov	r2, #131072
 2333 01d0 002083E5 		str	r2, [r3, #0]
  85:../ma2000main.c **** 			IOSET0 = (1<<19);
 2334              		.loc 1 85 0
 2335 01d4 4E32A0E3 		mov	r3, #-536870908
 2336 01d8 0A3983E2 		add	r3, r3, #163840
 2337 01dc 0227A0E3 		mov	r2, #524288
 2338 01e0 002083E5 		str	r2, [r3, #0]
  86:../ma2000main.c **** 			dif = resultado4 - resultado1;
 2339              		.loc 1 86 0
 2340 01e4 18201BE5 		ldr	r2, [fp, #-24]
 2341 01e8 0C301BE5 		ldr	r3, [fp, #-12]
 2342 01ec 023063E0 		rsb	r3, r3, r2
 2343 01f0 08300BE5 		str	r3, [fp, #-8]
 2344              	.L5:
  87:../ma2000main.c **** 		}
  88:../ma2000main.c **** 
  89:../ma2000main.c **** 		setpwm5cycle(dif);
 2345              		.loc 1 89 0
 2346 01f4 08001BE5 		ldr	r0, [fp, #-8]
 2347 01f8 FEFFFFEB 		bl	setpwm5cycle
 2348              	.LBE2:
  90:../ma2000main.c **** 
  91:../ma2000main.c **** 
  92:../ma2000main.c **** 
  93:../ma2000main.c **** 
  94:../ma2000main.c **** 		//setpwm5cycle(resultado4); //PWM5 referente ao Fullbridge do DOF1
  95:../ma2000main.c **** 		//setpwm2cycle(resultado4); //PWM2 referente ao Fullbridge do DOF2
  96:../ma2000main.c **** 		//setpwm4cycle(resultado4); //PWM4 referente ao Fullbridge do DOF3
  97:../ma2000main.c **** 
  98:../ma2000main.c **** 	}
 2349              		.loc 1 98 0
 2350 01fc CDFFFFEA 		b	.L6
 2351              	.L8:
 2352              		.align	2
 2353              	.L7:
 2354 0200 00000000 		.word	.LC0
 2355              		.cfi_endproc
 2356              	.LFE2:
 2358              	.Letext0:
DEFINED SYMBOLS
                            *ABS*:00000000 ma2000main.c
C:\Users\ufu\AppData\Local\Temp\ccUq74pw.s:2125   .text:00000000 $a
C:\Users\ufu\AppData\Local\Temp\ccUq74pw.s:2128   .text:00000000 Config_P022_LED
C:\Users\ufu\AppData\Local\Temp\ccUq74pw.s:2169   .text:0000004c Config_MCC_PINS
C:\Users\ufu\AppData\Local\Temp\ccUq74pw.s:2219   .rodata:00000000 $d
C:\Users\ufu\AppData\Local\Temp\ccUq74pw.s:2226   .text:000000c0 main
C:\Users\ufu\AppData\Local\Temp\ccUq74pw.s:2354   .text:00000200 $d
                     .debug_frame:00000010 $d

UNDEFINED SYMBOLS
cpu_init
pwm_init
UART_Init
ADCInit
ADC0Read
iprintf
setpwm5cycle
