
MA2000_ADC_PWM.elf:     file format elf32-littlearm

Sections:
Idx Name          Size      VMA       LMA       File off  Algn
  0 .reset        00000190  00000000  00000000  00008000  2**4
                  CONTENTS, ALLOC, LOAD, READONLY, CODE
  1 .ramvect      00000040  40000000  40000000  00010000  2**0
                  ALLOC
  2 .text         00000adc  00000190  00000190  00008190  2**2
                  CONTENTS, ALLOC, LOAD, READONLY, CODE
  3 .bss          00000048  40000040  00000c6c  00010040  2**2
                  ALLOC
  4 .stack        00000200  40000088  00000c6c  00010088  2**0
                  ALLOC
  5 .comment      00000011  00000000  00000000  00008c6c  2**0
                  CONTENTS, READONLY
  6 .debug_aranges 00000100  00000000  00000000  00008c80  2**3
                  CONTENTS, READONLY, DEBUGGING
  7 .debug_pubnames 00000156  00000000  00000000  00008d80  2**0
                  CONTENTS, READONLY, DEBUGGING
  8 .debug_info   00000633  00000000  00000000  00008ed6  2**0
                  CONTENTS, READONLY, DEBUGGING
  9 .debug_abbrev 0000025d  00000000  00000000  00009509  2**0
                  CONTENTS, READONLY, DEBUGGING
 10 .debug_line   000005b2  00000000  00000000  00009766  2**0
                  CONTENTS, READONLY, DEBUGGING
 11 .debug_frame  000001e8  00000000  00000000  00009d18  2**2
                  CONTENTS, READONLY, DEBUGGING
 12 .debug_str    00000211  00000000  00000000  00009f00  2**0
                  CONTENTS, READONLY, DEBUGGING
 13 .debug_loc    0000023c  00000000  00000000  0000a111  2**0
                  CONTENTS, READONLY, DEBUGGING
 14 .debug_macinfo 0001a87f  00000000  00000000  0000a34d  2**0
                  CONTENTS, READONLY, DEBUGGING
 15 .ARM.attributes 0000002e  00000000  00000000  00024bcc  2**0
                  CONTENTS, READONLY
 16 .debug_pubtypes 00000068  00000000  00000000  00024bfa  2**0
                  CONTENTS, READONLY, DEBUGGING

Disassembly of section .reset:

00000000 <_start>:
   0:	e59ff018 	ldr	pc, [pc, #24]	; 20 <ResetAddr>
   4:	e59ff018 	ldr	pc, [pc, #24]	; 24 <UndefAddr>
   8:	e59ff018 	ldr	pc, [pc, #24]	; 28 <SWIAddr>
   c:	e59ff018 	ldr	pc, [pc, #24]	; 2c <PAbortAddr>
  10:	e59ff018 	ldr	pc, [pc, #24]	; 30 <DAbortAddr>
  14:	e59ff018 	ldr	pc, [pc, #24]	; 34 <ReservedAddr>
  18:	e59ff018 	ldr	pc, [pc, #24]	; 38 <IRQAddr>
  1c:	e59ff018 	ldr	pc, [pc, #24]	; 3c <FIQAddr>

00000020 <ResetAddr>:
  20:	00000040 	.word	0x00000040

00000024 <UndefAddr>:
  24:	00000128 	.word	0x00000128

00000028 <SWIAddr>:
  28:	0000012c 	.word	0x0000012c

0000002c <PAbortAddr>:
  2c:	00000130 	.word	0x00000130

00000030 <DAbortAddr>:
  30:	00000134 	.word	0x00000134

00000034 <ReservedAddr>:
  34:	00000000 	.word	0x00000000

00000038 <IRQAddr>:
  38:	00000138 	.word	0x00000138

0000003c <FIQAddr>:
  3c:	0000013c 	.word	0x0000013c

00000040 <_reset>:
  40:	e1a00000 	nop			; (mov r0, r0)
  44:	e1a00000 	nop			; (mov r0, r0)
  48:	e1a00000 	nop			; (mov r0, r0)
  4c:	e1a00000 	nop			; (mov r0, r0)
  50:	e1a00000 	nop			; (mov r0, r0)
  54:	e1a00000 	nop			; (mov r0, r0)
  58:	e1a00000 	nop			; (mov r0, r0)
  5c:	e1a00000 	nop			; (mov r0, r0)
  60:	e59f00d8 	ldr	r0, [pc, #216]	; 140 <FIQHandler+0x4>
  64:	e59f10d8 	ldr	r1, [pc, #216]	; 144 <FIQHandler+0x8>
  68:	e1a0e001 	mov	lr, r1
  6c:	e59fd0d4 	ldr	sp, [pc, #212]	; 148 <FIQHandler+0xc>
  70:	ea000135 	b	54c <low_level_init>

00000074 <_cstartup>:
  74:	e59f00d0 	ldr	r0, [pc, #208]	; 14c <FIQHandler+0x10>
  78:	e59f10d0 	ldr	r1, [pc, #208]	; 150 <FIQHandler+0x14>
  7c:	e59f20d0 	ldr	r2, [pc, #208]	; 154 <FIQHandler+0x18>
  80:	e1510002 	cmp	r1, r2
  84:	b8b00008 	ldmlt	r0!, {r3}
  88:	b8a10008 	stmialt	r1!, {r3}
  8c:	bafffffb 	blt	80 <I_BIT>
  90:	e59f00c0 	ldr	r0, [pc, #192]	; 158 <FIQHandler+0x1c>
  94:	e59f10c0 	ldr	r1, [pc, #192]	; 15c <FIQHandler+0x20>
  98:	e59f20c0 	ldr	r2, [pc, #192]	; 160 <FIQHandler+0x24>
  9c:	e1510002 	cmp	r1, r2
  a0:	b8b00008 	ldmlt	r0!, {r3}
  a4:	b8a10008 	stmialt	r1!, {r3}
  a8:	bafffffb 	blt	9c <I_BIT+0x1c>
  ac:	e59f10b0 	ldr	r1, [pc, #176]	; 164 <FIQHandler+0x28>
  b0:	e59f20b0 	ldr	r2, [pc, #176]	; 168 <FIQHandler+0x2c>
  b4:	e3a03000 	mov	r3, #0
  b8:	e1510002 	cmp	r1, r2
  bc:	b8a10008 	stmialt	r1!, {r3}
  c0:	bafffffc 	blt	b8 <I_BIT+0x38>
  c4:	e59f10a0 	ldr	r1, [pc, #160]	; 16c <FIQHandler+0x30>
  c8:	e59f2078 	ldr	r2, [pc, #120]	; 148 <FIQHandler+0xc>
  cc:	e59f309c 	ldr	r3, [pc, #156]	; 170 <FIQHandler+0x34>
  d0:	e1520002 	cmp	r2, r2
  d4:	b8a10008 	stmialt	r1!, {r3}
  d8:	bafffffc 	blt	d0 <I_BIT+0x50>
  dc:	e321f0d2 	msr	CPSR_c, #210	; 0xd2
  e0:	e59fd08c 	ldr	sp, [pc, #140]	; 174 <FIQHandler+0x38>
  e4:	e321f0d1 	msr	CPSR_c, #209	; 0xd1
  e8:	e59fd088 	ldr	sp, [pc, #136]	; 178 <FIQHandler+0x3c>
  ec:	e321f0d3 	msr	CPSR_c, #211	; 0xd3
  f0:	e59fd084 	ldr	sp, [pc, #132]	; 17c <FIQHandler+0x40>
  f4:	e321f0d7 	msr	CPSR_c, #215	; 0xd7
  f8:	e59fd080 	ldr	sp, [pc, #128]	; 180 <FIQHandler+0x44>
  fc:	e321f0db 	msr	CPSR_c, #219	; 0xdb
 100:	e59fd07c 	ldr	sp, [pc, #124]	; 184 <FIQHandler+0x48>
 104:	e321f0df 	msr	CPSR_c, #223	; 0xdf
 108:	e59fd078 	ldr	sp, [pc, #120]	; 188 <FIQHandler+0x4c>
 10c:	e59fc078 	ldr	ip, [pc, #120]	; 18c <FIQHandler+0x50>
 110:	e1a0e00f 	mov	lr, pc
 114:	e12fff1c 	bx	ip

00000118 <ExitFunction>:
 118:	e1a00000 	nop			; (mov r0, r0)
 11c:	e1a00000 	nop			; (mov r0, r0)
 120:	e1a00000 	nop			; (mov r0, r0)
 124:	eafffffb 	b	118 <ExitFunction>

00000128 <UndefHandler>:
 128:	eafffffe 	b	128 <UndefHandler>

0000012c <SWIHandler>:
 12c:	eafffffe 	b	12c <SWIHandler>

00000130 <PAbortHandler>:
 130:	eafffffe 	b	130 <PAbortHandler>

00000134 <DAbortHandler>:
 134:	eafffffe 	b	134 <DAbortHandler>

00000138 <IRQHandler>:
 138:	eafffffe 	b	138 <IRQHandler>

0000013c <FIQHandler>:
 13c:	eafffffe 	b	13c <FIQHandler>
 140:	00000040 	.word	0x00000040
 144:	00000074 	.word	0x00000074
 148:	40000288 	.word	0x40000288
 14c:	00000190 	.word	0x00000190
 150:	40000040 	.word	0x40000040
 154:	40000040 	.word	0x40000040
 158:	00000c6c 	.word	0x00000c6c
 15c:	40000040 	.word	0x40000040
 160:	40000040 	.word	0x40000040
 164:	40000040 	.word	0x40000040
 168:	40000088 	.word	0x40000088
 16c:	40000088 	.word	0x40000088
 170:	aaaaaaaa 	.word	0xaaaaaaaa
 174:	40000088 	.word	0x40000088
 178:	40000088 	.word	0x40000088
 17c:	40000088 	.word	0x40000088
 180:	40000088 	.word	0x40000088
 184:	40000088 	.word	0x40000088
 188:	40000288 	.word	0x40000288
 18c:	00000798 	.word	0x00000798

Disassembly of section .text:

00000190 <ADCInit>:
 190:	e92d4810 	push	{r4, fp, lr}
 194:	e28db008 	add	fp, sp, #8
 198:	e24dd00c 	sub	sp, sp, #12
 19c:	e50b0010 	str	r0, [fp, #-16]
 1a0:	e3a0324e 	mov	r3, #-536870908	; 0xe0000004
 1a4:	e283390b 	add	r3, r3, #180224	; 0x2c000
 1a8:	e3a0224e 	mov	r2, #-536870908	; 0xe0000004
 1ac:	e282290b 	add	r2, r2, #180224	; 0x2c000
 1b0:	e5922000 	ldr	r2, [r2]
 1b4:	e3c2242a 	bic	r2, r2, #704643072	; 0x2a000000
 1b8:	e3c22702 	bic	r2, r2, #524288	; 0x80000
 1bc:	e5832000 	str	r2, [r3]
 1c0:	e3a0324e 	mov	r3, #-536870908	; 0xe0000004
 1c4:	e283390b 	add	r3, r3, #180224	; 0x2c000
 1c8:	e3a0224e 	mov	r2, #-536870908	; 0xe0000004
 1cc:	e282290b 	add	r2, r2, #180224	; 0x2c000
 1d0:	e5922000 	ldr	r2, [r2]
 1d4:	e3822415 	orr	r2, r2, #352321536	; 0x15000000
 1d8:	e3822701 	orr	r2, r2, #262144	; 0x40000
 1dc:	e5832000 	str	r2, [r3]
 1e0:	e3a0420e 	mov	r4, #-536870912	; 0xe0000000
 1e4:	e284490d 	add	r4, r4, #212992	; 0x34000
 1e8:	e3a007e5 	mov	r0, #60030976	; 0x3940000
 1ec:	e2400c79 	sub	r0, r0, #30976	; 0x7900
 1f0:	e51b1010 	ldr	r1, [fp, #-16]
 1f4:	eb000256 	bl	b54 <__aeabi_uidiv>
 1f8:	e1a03000 	mov	r3, r0
 1fc:	e2433001 	sub	r3, r3, #1
 200:	e1a03403 	lsl	r3, r3, #8
 204:	e3833602 	orr	r3, r3, #2097152	; 0x200000
 208:	e3833001 	orr	r3, r3, #1
 20c:	e5843000 	str	r3, [r4]
 210:	e3a0420e 	mov	r4, #-536870912	; 0xe0000000
 214:	e2844806 	add	r4, r4, #393216	; 0x60000
 218:	e3a007e5 	mov	r0, #60030976	; 0x3940000
 21c:	e2400c79 	sub	r0, r0, #30976	; 0x7900
 220:	e51b1010 	ldr	r1, [fp, #-16]
 224:	eb00024a 	bl	b54 <__aeabi_uidiv>
 228:	e1a03000 	mov	r3, r0
 22c:	e2433001 	sub	r3, r3, #1
 230:	e1a03403 	lsl	r3, r3, #8
 234:	e3833602 	orr	r3, r3, #2097152	; 0x200000
 238:	e3833001 	orr	r3, r3, #1
 23c:	e5843000 	str	r3, [r4]
 240:	e3a03001 	mov	r3, #1
 244:	e1a00003 	mov	r0, r3
 248:	e24bd008 	sub	sp, fp, #8
 24c:	e8bd4810 	pop	{r4, fp, lr}
 250:	e12fff1e 	bx	lr

00000254 <ADC0Read>:
 254:	e52db004 	push	{fp}		; (str fp, [sp, #-4]!)
 258:	e28db000 	add	fp, sp, #0
 25c:	e24dd014 	sub	sp, sp, #20
 260:	e1a03000 	mov	r3, r0
 264:	e54b300d 	strb	r3, [fp, #-13]
 268:	e55b300d 	ldrb	r3, [fp, #-13]
 26c:	e3530007 	cmp	r3, #7
 270:	9a000001 	bls	27c <ADC0Read+0x28>
 274:	e3a03000 	mov	r3, #0
 278:	e54b300d 	strb	r3, [fp, #-13]
 27c:	e3a0320e 	mov	r3, #-536870912	; 0xe0000000
 280:	e283390d 	add	r3, r3, #212992	; 0x34000
 284:	e3a0220e 	mov	r2, #-536870912	; 0xe0000000
 288:	e282290d 	add	r2, r2, #212992	; 0x34000
 28c:	e5922000 	ldr	r2, [r2]
 290:	e3c220ff 	bic	r2, r2, #255	; 0xff
 294:	e5832000 	str	r2, [r3]
 298:	e3a0320e 	mov	r3, #-536870912	; 0xe0000000
 29c:	e283390d 	add	r3, r3, #212992	; 0x34000
 2a0:	e3a0220e 	mov	r2, #-536870912	; 0xe0000000
 2a4:	e282290d 	add	r2, r2, #212992	; 0x34000
 2a8:	e5921000 	ldr	r1, [r2]
 2ac:	e55b200d 	ldrb	r2, [fp, #-13]
 2b0:	e3a00001 	mov	r0, #1
 2b4:	e1a02210 	lsl	r2, r0, r2
 2b8:	e1812002 	orr	r2, r1, r2
 2bc:	e3822401 	orr	r2, r2, #16777216	; 0x1000000
 2c0:	e5832000 	str	r2, [r3]
 2c4:	ea000000 	b	2cc <ADC0Read+0x78>
 2c8:	e1a00000 	nop			; (mov r0, r0)
 2cc:	e55b300d 	ldrb	r3, [fp, #-13]
 2d0:	e283330e 	add	r3, r3, #939524096	; 0x38000000
 2d4:	e2833a0d 	add	r3, r3, #53248	; 0xd000
 2d8:	e2833004 	add	r3, r3, #4
 2dc:	e1a03103 	lsl	r3, r3, #2
 2e0:	e5933000 	ldr	r3, [r3]
 2e4:	e50b3008 	str	r3, [fp, #-8]
 2e8:	e51b3008 	ldr	r3, [fp, #-8]
 2ec:	e3530000 	cmp	r3, #0
 2f0:	aafffff4 	bge	2c8 <ADC0Read+0x74>
 2f4:	e3a0320e 	mov	r3, #-536870912	; 0xe0000000
 2f8:	e283390d 	add	r3, r3, #212992	; 0x34000
 2fc:	e3a0220e 	mov	r2, #-536870912	; 0xe0000000
 300:	e282290d 	add	r2, r2, #212992	; 0x34000
 304:	e5922000 	ldr	r2, [r2]
 308:	e3c22407 	bic	r2, r2, #117440512	; 0x7000000
 30c:	e5832000 	str	r2, [r3]
 310:	e51b3008 	ldr	r3, [fp, #-8]
 314:	e2033101 	and	r3, r3, #1073741824	; 0x40000000
 318:	e3530000 	cmp	r3, #0
 31c:	0a000001 	beq	328 <ADC0Read+0xd4>
 320:	e3a03000 	mov	r3, #0
 324:	ea000005 	b	340 <ADC0Read+0xec>
 328:	e51b3008 	ldr	r3, [fp, #-8]
 32c:	e1a03323 	lsr	r3, r3, #6
 330:	e1a03b03 	lsl	r3, r3, #22
 334:	e1a03b23 	lsr	r3, r3, #22
 338:	e50b300c 	str	r3, [fp, #-12]
 33c:	e51b300c 	ldr	r3, [fp, #-12]
 340:	e1a00003 	mov	r0, r3
 344:	e28bd000 	add	sp, fp, #0
 348:	e8bd0800 	pop	{fp}
 34c:	e12fff1e 	bx	lr

00000350 <ADC1Read>:
 350:	e52db004 	push	{fp}		; (str fp, [sp, #-4]!)
 354:	e28db000 	add	fp, sp, #0
 358:	e24dd014 	sub	sp, sp, #20
 35c:	e1a03000 	mov	r3, r0
 360:	e54b300d 	strb	r3, [fp, #-13]
 364:	e55b300d 	ldrb	r3, [fp, #-13]
 368:	e3530007 	cmp	r3, #7
 36c:	9a000001 	bls	378 <ADC1Read+0x28>
 370:	e3a03000 	mov	r3, #0
 374:	e54b300d 	strb	r3, [fp, #-13]
 378:	e3a0320e 	mov	r3, #-536870912	; 0xe0000000
 37c:	e2833806 	add	r3, r3, #393216	; 0x60000
 380:	e3a0220e 	mov	r2, #-536870912	; 0xe0000000
 384:	e2822806 	add	r2, r2, #393216	; 0x60000
 388:	e5922000 	ldr	r2, [r2]
 38c:	e3c220ff 	bic	r2, r2, #255	; 0xff
 390:	e5832000 	str	r2, [r3]
 394:	e3a0320e 	mov	r3, #-536870912	; 0xe0000000
 398:	e2833806 	add	r3, r3, #393216	; 0x60000
 39c:	e3a0220e 	mov	r2, #-536870912	; 0xe0000000
 3a0:	e2822806 	add	r2, r2, #393216	; 0x60000
 3a4:	e5921000 	ldr	r1, [r2]
 3a8:	e55b200d 	ldrb	r2, [fp, #-13]
 3ac:	e3a00001 	mov	r0, #1
 3b0:	e1a02210 	lsl	r2, r0, r2
 3b4:	e1812002 	orr	r2, r1, r2
 3b8:	e3822401 	orr	r2, r2, #16777216	; 0x1000000
 3bc:	e5832000 	str	r2, [r3]
 3c0:	ea000000 	b	3c8 <ADC1Read+0x78>
 3c4:	e1a00000 	nop			; (mov r0, r0)
 3c8:	e55b300d 	ldrb	r3, [fp, #-13]
 3cc:	e283330e 	add	r3, r3, #939524096	; 0x38000000
 3d0:	e2833906 	add	r3, r3, #98304	; 0x18000
 3d4:	e2833004 	add	r3, r3, #4
 3d8:	e1a03103 	lsl	r3, r3, #2
 3dc:	e5933000 	ldr	r3, [r3]
 3e0:	e50b3008 	str	r3, [fp, #-8]
 3e4:	e51b3008 	ldr	r3, [fp, #-8]
 3e8:	e3530000 	cmp	r3, #0
 3ec:	aafffff4 	bge	3c4 <ADC1Read+0x74>
 3f0:	e3a0320e 	mov	r3, #-536870912	; 0xe0000000
 3f4:	e2833806 	add	r3, r3, #393216	; 0x60000
 3f8:	e3a0220e 	mov	r2, #-536870912	; 0xe0000000
 3fc:	e2822806 	add	r2, r2, #393216	; 0x60000
 400:	e5922000 	ldr	r2, [r2]
 404:	e3c22407 	bic	r2, r2, #117440512	; 0x7000000
 408:	e5832000 	str	r2, [r3]
 40c:	e51b3008 	ldr	r3, [fp, #-8]
 410:	e2033101 	and	r3, r3, #1073741824	; 0x40000000
 414:	e3530000 	cmp	r3, #0
 418:	0a000001 	beq	424 <ADC1Read+0xd4>
 41c:	e3a03000 	mov	r3, #0
 420:	ea000005 	b	43c <ADC1Read+0xec>
 424:	e51b3008 	ldr	r3, [fp, #-8]
 428:	e1a03323 	lsr	r3, r3, #6
 42c:	e1a03b03 	lsl	r3, r3, #22
 430:	e1a03b23 	lsr	r3, r3, #22
 434:	e50b300c 	str	r3, [fp, #-12]
 438:	e51b300c 	ldr	r3, [fp, #-12]
 43c:	e1a00003 	mov	r0, r3
 440:	e28bd000 	add	sp, fp, #0
 444:	e8bd0800 	pop	{fp}
 448:	e12fff1e 	bx	lr

0000044c <cpu_init>:
 44c:	e92d4800 	push	{fp, lr}
 450:	e28db004 	add	fp, sp, #4
 454:	e3a0320e 	mov	r3, #-536870912	; 0xe0000000
 458:	e283397f 	add	r3, r3, #2080768	; 0x1fc000
 45c:	e2833084 	add	r3, r3, #132	; 0x84
 460:	e3a02024 	mov	r2, #36	; 0x24
 464:	e5832000 	str	r2, [r3]
 468:	eb000028 	bl	510 <feed>
 46c:	e3a0320e 	mov	r3, #-536870912	; 0xe0000000
 470:	e283397f 	add	r3, r3, #2080768	; 0x1fc000
 474:	e2833080 	add	r3, r3, #128	; 0x80
 478:	e3a02001 	mov	r2, #1
 47c:	e5832000 	str	r2, [r3]
 480:	eb000022 	bl	510 <feed>
 484:	e1a00000 	nop			; (mov r0, r0)
 488:	e3a0320e 	mov	r3, #-536870912	; 0xe0000000
 48c:	e283397f 	add	r3, r3, #2080768	; 0x1fc000
 490:	e2833088 	add	r3, r3, #136	; 0x88
 494:	e5933000 	ldr	r3, [r3]
 498:	e2033b01 	and	r3, r3, #1024	; 0x400
 49c:	e3530000 	cmp	r3, #0
 4a0:	0afffff8 	beq	488 <cpu_init+0x3c>
 4a4:	e3a0320e 	mov	r3, #-536870912	; 0xe0000000
 4a8:	e283397f 	add	r3, r3, #2080768	; 0x1fc000
 4ac:	e2833080 	add	r3, r3, #128	; 0x80
 4b0:	e3a02003 	mov	r2, #3
 4b4:	e5832000 	str	r2, [r3]
 4b8:	eb000014 	bl	510 <feed>
 4bc:	e3a0320e 	mov	r3, #-536870912	; 0xe0000000
 4c0:	e283397f 	add	r3, r3, #2080768	; 0x1fc000
 4c4:	e3a02002 	mov	r2, #2
 4c8:	e5832000 	str	r2, [r3]
 4cc:	e3a0324e 	mov	r3, #-536870908	; 0xe0000004
 4d0:	e283397f 	add	r3, r3, #2080768	; 0x1fc000
 4d4:	e3a02004 	mov	r2, #4
 4d8:	e5832000 	str	r2, [r3]
 4dc:	e3a0320e 	mov	r3, #-536870912	; 0xe0000000
 4e0:	e283397f 	add	r3, r3, #2080768	; 0x1fc000
 4e4:	e2833c01 	add	r3, r3, #256	; 0x100
 4e8:	e3a02001 	mov	r2, #1
 4ec:	e5832000 	str	r2, [r3]
 4f0:	e3a0320e 	mov	r3, #-536870912	; 0xe0000000
 4f4:	e283397f 	add	r3, r3, #2080768	; 0x1fc000
 4f8:	e2833040 	add	r3, r3, #64	; 0x40
 4fc:	e3a02001 	mov	r2, #1
 500:	e5832000 	str	r2, [r3]
 504:	e24bd004 	sub	sp, fp, #4
 508:	e8bd4800 	pop	{fp, lr}
 50c:	e12fff1e 	bx	lr

00000510 <feed>:
 510:	e52db004 	push	{fp}		; (str fp, [sp, #-4]!)
 514:	e28db000 	add	fp, sp, #0
 518:	e3a0320e 	mov	r3, #-536870912	; 0xe0000000
 51c:	e283397f 	add	r3, r3, #2080768	; 0x1fc000
 520:	e283308c 	add	r3, r3, #140	; 0x8c
 524:	e3a020aa 	mov	r2, #170	; 0xaa
 528:	e5832000 	str	r2, [r3]
 52c:	e3a0320e 	mov	r3, #-536870912	; 0xe0000000
 530:	e283397f 	add	r3, r3, #2080768	; 0x1fc000
 534:	e283308c 	add	r3, r3, #140	; 0x8c
 538:	e3a02055 	mov	r2, #85	; 0x55
 53c:	e5832000 	str	r2, [r3]
 540:	e28bd000 	add	sp, fp, #0
 544:	e8bd0800 	pop	{fp}
 548:	e12fff1e 	bx	lr

0000054c <low_level_init>:
 54c:	e52db004 	push	{fp}		; (str fp, [sp, #-4]!)
 550:	e28db000 	add	fp, sp, #0
 554:	e24dd00c 	sub	sp, sp, #12
 558:	e50b0008 	str	r0, [fp, #-8]
 55c:	e50b100c 	str	r1, [fp, #-12]
 560:	e59f3154 	ldr	r3, [pc, #340]	; 6bc <low_level_init+0x170>
 564:	e3530101 	cmp	r3, #1073741824	; 0x40000000
 568:	1a000050 	bne	6b0 <low_level_init+0x164>
 56c:	e59f2148 	ldr	r2, [pc, #328]	; 6bc <low_level_init+0x170>
 570:	e3e03efe 	mvn	r3, #4064	; 0xfe0
 574:	e2433271 	sub	r3, r3, #268435463	; 0x10000007
 578:	e24336a6 	sub	r3, r3, #174063616	; 0xa600000
 57c:	e5823000 	str	r3, [r2]
 580:	e59f3134 	ldr	r3, [pc, #308]	; 6bc <low_level_init+0x170>
 584:	e2832004 	add	r2, r3, #4
 588:	e3e03efe 	mvn	r3, #4064	; 0xfe0
 58c:	e2433271 	sub	r3, r3, #268435463	; 0x10000007
 590:	e24336a6 	sub	r3, r3, #174063616	; 0xa600000
 594:	e5823000 	str	r3, [r2]
 598:	e59f311c 	ldr	r3, [pc, #284]	; 6bc <low_level_init+0x170>
 59c:	e2832008 	add	r2, r3, #8
 5a0:	e3e03efe 	mvn	r3, #4064	; 0xfe0
 5a4:	e2433271 	sub	r3, r3, #268435463	; 0x10000007
 5a8:	e24336a6 	sub	r3, r3, #174063616	; 0xa600000
 5ac:	e5823000 	str	r3, [r2]
 5b0:	e59f3104 	ldr	r3, [pc, #260]	; 6bc <low_level_init+0x170>
 5b4:	e283200c 	add	r2, r3, #12
 5b8:	e3e03efe 	mvn	r3, #4064	; 0xfe0
 5bc:	e2433271 	sub	r3, r3, #268435463	; 0x10000007
 5c0:	e24336a6 	sub	r3, r3, #174063616	; 0xa600000
 5c4:	e5823000 	str	r3, [r2]
 5c8:	e59f30ec 	ldr	r3, [pc, #236]	; 6bc <low_level_init+0x170>
 5cc:	e2832010 	add	r2, r3, #16
 5d0:	e3e03efe 	mvn	r3, #4064	; 0xfe0
 5d4:	e2433271 	sub	r3, r3, #268435463	; 0x10000007
 5d8:	e24336a6 	sub	r3, r3, #174063616	; 0xa600000
 5dc:	e5823000 	str	r3, [r2]
 5e0:	e59f30d4 	ldr	r3, [pc, #212]	; 6bc <low_level_init+0x170>
 5e4:	e2832014 	add	r2, r3, #20
 5e8:	e3e03585 	mvn	r3, #557842432	; 0x21400000
 5ec:	e2433949 	sub	r3, r3, #1196032	; 0x124000
 5f0:	e2433e11 	sub	r3, r3, #272	; 0x110
 5f4:	e5823000 	str	r3, [r2]
 5f8:	e59f30bc 	ldr	r3, [pc, #188]	; 6bc <low_level_init+0x170>
 5fc:	e2832018 	add	r2, r3, #24
 600:	e3e03efe 	mvn	r3, #4064	; 0xfe0
 604:	e2433271 	sub	r3, r3, #268435463	; 0x10000007
 608:	e24336a6 	sub	r3, r3, #174063616	; 0xa600000
 60c:	e5823000 	str	r3, [r2]
 610:	e59f30a4 	ldr	r3, [pc, #164]	; 6bc <low_level_init+0x170>
 614:	e283201c 	add	r2, r3, #28
 618:	e3e03efe 	mvn	r3, #4064	; 0xfe0
 61c:	e2433271 	sub	r3, r3, #268435463	; 0x10000007
 620:	e24336a6 	sub	r3, r3, #174063616	; 0xa600000
 624:	e5823000 	str	r3, [r2]
 628:	e59f308c 	ldr	r3, [pc, #140]	; 6bc <low_level_init+0x170>
 62c:	e2833020 	add	r3, r3, #32
 630:	e51b2008 	ldr	r2, [fp, #-8]
 634:	e5832000 	str	r2, [r3]
 638:	e59f307c 	ldr	r3, [pc, #124]	; 6bc <low_level_init+0x170>
 63c:	e2833024 	add	r3, r3, #36	; 0x24
 640:	e59f2078 	ldr	r2, [pc, #120]	; 6c0 <low_level_init+0x174>
 644:	e5832000 	str	r2, [r3]
 648:	e59f306c 	ldr	r3, [pc, #108]	; 6bc <low_level_init+0x170>
 64c:	e2833028 	add	r3, r3, #40	; 0x28
 650:	e59f206c 	ldr	r2, [pc, #108]	; 6c4 <low_level_init+0x178>
 654:	e5832000 	str	r2, [r3]
 658:	e59f305c 	ldr	r3, [pc, #92]	; 6bc <low_level_init+0x170>
 65c:	e283302c 	add	r3, r3, #44	; 0x2c
 660:	e59f2060 	ldr	r2, [pc, #96]	; 6c8 <low_level_init+0x17c>
 664:	e5832000 	str	r2, [r3]
 668:	e59f304c 	ldr	r3, [pc, #76]	; 6bc <low_level_init+0x170>
 66c:	e2833030 	add	r3, r3, #48	; 0x30
 670:	e59f2054 	ldr	r2, [pc, #84]	; 6cc <low_level_init+0x180>
 674:	e5832000 	str	r2, [r3]
 678:	e59f303c 	ldr	r3, [pc, #60]	; 6bc <low_level_init+0x170>
 67c:	e2833034 	add	r3, r3, #52	; 0x34
 680:	e3a02000 	mov	r2, #0
 684:	e5832000 	str	r2, [r3]
 688:	e59f302c 	ldr	r3, [pc, #44]	; 6bc <low_level_init+0x170>
 68c:	e2833038 	add	r3, r3, #56	; 0x38
 690:	e59f2038 	ldr	r2, [pc, #56]	; 6d0 <low_level_init+0x184>
 694:	e5832000 	str	r2, [r3]
 698:	e59f301c 	ldr	r3, [pc, #28]	; 6bc <low_level_init+0x170>
 69c:	e283303c 	add	r3, r3, #60	; 0x3c
 6a0:	e59f202c 	ldr	r2, [pc, #44]	; 6d4 <low_level_init+0x188>
 6a4:	e5832000 	str	r2, [r3]
 6a8:	e3a03014 	mov	r3, #20
 6ac:	e5933000 	ldr	r3, [r3]
 6b0:	e28bd000 	add	sp, fp, #0
 6b4:	e8bd0800 	pop	{fp}
 6b8:	e12fff1e 	bx	lr
 6bc:	40000000 	.word	0x40000000
 6c0:	00000128 	.word	0x00000128
 6c4:	0000012c 	.word	0x0000012c
 6c8:	00000130 	.word	0x00000130
 6cc:	00000134 	.word	0x00000134
 6d0:	00000138 	.word	0x00000138
 6d4:	0000013c 	.word	0x0000013c

000006d8 <Config_P022_LED>:
 6d8:	e52db004 	push	{fp}		; (str fp, [sp, #-4]!)
 6dc:	e28db000 	add	fp, sp, #0
 6e0:	e3a0324e 	mov	r3, #-536870908	; 0xe0000004
 6e4:	e283390b 	add	r3, r3, #180224	; 0x2c000
 6e8:	e3a0224e 	mov	r2, #-536870908	; 0xe0000004
 6ec:	e282290b 	add	r2, r2, #180224	; 0x2c000
 6f0:	e5922000 	ldr	r2, [r2]
 6f4:	e3c22a03 	bic	r2, r2, #12288	; 0x3000
 6f8:	e5832000 	str	r2, [r3]
 6fc:	e3a0328e 	mov	r3, #-536870904	; 0xe0000008
 700:	e283390a 	add	r3, r3, #163840	; 0x28000
 704:	e3a0228e 	mov	r2, #-536870904	; 0xe0000008
 708:	e282290a 	add	r2, r2, #163840	; 0x28000
 70c:	e5922000 	ldr	r2, [r2]
 710:	e3822501 	orr	r2, r2, #4194304	; 0x400000
 714:	e5832000 	str	r2, [r3]
 718:	e28bd000 	add	sp, fp, #0
 71c:	e8bd0800 	pop	{fp}
 720:	e12fff1e 	bx	lr

00000724 <Config_MCC_PINS>:
 724:	e52db004 	push	{fp}		; (str fp, [sp, #-4]!)
 728:	e28db000 	add	fp, sp, #0
 72c:	e3a0320e 	mov	r3, #-536870912	; 0xe0000000
 730:	e283390b 	add	r3, r3, #180224	; 0x2c000
 734:	e3a0220e 	mov	r2, #-536870912	; 0xe0000000
 738:	e282290b 	add	r2, r2, #180224	; 0x2c000
 73c:	e5922000 	ldr	r2, [r2]
 740:	e3c22633 	bic	r2, r2, #53477376	; 0x3300000
 744:	e3c22d33 	bic	r2, r2, #3264	; 0xcc0
 748:	e5832000 	str	r2, [r3]
 74c:	e3a0324e 	mov	r3, #-536870908	; 0xe0000004
 750:	e283390b 	add	r3, r3, #180224	; 0x2c000
 754:	e3a0224e 	mov	r2, #-536870908	; 0xe0000004
 758:	e282290b 	add	r2, r2, #180224	; 0x2c000
 75c:	e5922000 	ldr	r2, [r2]
 760:	e3c220cc 	bic	r2, r2, #204	; 0xcc
 764:	e5832000 	str	r2, [r3]
 768:	e3a0228e 	mov	r2, #-536870904	; 0xe0000008
 76c:	e282290a 	add	r2, r2, #163840	; 0x28000
 770:	e3a0328e 	mov	r3, #-536870904	; 0xe0000008
 774:	e283390a 	add	r3, r3, #163840	; 0x28000
 778:	e5933000 	ldr	r3, [r3]
 77c:	e3833aa1 	orr	r3, r3, #659456	; 0xa1000
 780:	e3833e42 	orr	r3, r3, #1056	; 0x420
 784:	e3833008 	orr	r3, r3, #8
 788:	e5823000 	str	r3, [r2]
 78c:	e28bd000 	add	sp, fp, #0
 790:	e8bd0800 	pop	{fp}
 794:	e12fff1e 	bx	lr

00000798 <main>:
 798:	e92d4800 	push	{fp, lr}
 79c:	e28db004 	add	fp, sp, #4
 7a0:	e24dd018 	sub	sp, sp, #24
 7a4:	ebffff28 	bl	44c <cpu_init>
 7a8:	e3a03000 	mov	r3, #0
 7ac:	e50b300c 	str	r3, [fp, #-12]
 7b0:	e3a03000 	mov	r3, #0
 7b4:	e50b3010 	str	r3, [fp, #-16]
 7b8:	e3a03000 	mov	r3, #0
 7bc:	e50b3014 	str	r3, [fp, #-20]
 7c0:	e3a03000 	mov	r3, #0
 7c4:	e50b3018 	str	r3, [fp, #-24]
 7c8:	e3a03000 	mov	r3, #0
 7cc:	e50b3008 	str	r3, [fp, #-8]
 7d0:	ebffffd3 	bl	724 <Config_MCC_PINS>
 7d4:	eb000039 	bl	8c0 <pwm_init>
 7d8:	e3a03000 	mov	r3, #0
 7dc:	e50b301c 	str	r3, [fp, #-28]
 7e0:	e3a0093d 	mov	r0, #999424	; 0xf4000
 7e4:	e2800d09 	add	r0, r0, #576	; 0x240
 7e8:	ebfffe68 	bl	190 <ADCInit>
 7ec:	e3a0224e 	mov	r2, #-536870908	; 0xe0000004
 7f0:	e282290a 	add	r2, r2, #163840	; 0x28000
 7f4:	e3a03aa1 	mov	r3, #659456	; 0xa1000
 7f8:	e2833e42 	add	r3, r3, #1056	; 0x420
 7fc:	e2833008 	add	r3, r3, #8
 800:	e5823000 	str	r3, [r2]
 804:	e3a00001 	mov	r0, #1
 808:	ebfffe91 	bl	254 <ADC0Read>
 80c:	e50b000c 	str	r0, [fp, #-12]
 810:	e3a00002 	mov	r0, #2
 814:	ebfffe8e 	bl	254 <ADC0Read>
 818:	e50b0010 	str	r0, [fp, #-16]
 81c:	e3a00003 	mov	r0, #3
 820:	ebfffe8b 	bl	254 <ADC0Read>
 824:	e50b0014 	str	r0, [fp, #-20]
 828:	e3a00004 	mov	r0, #4
 82c:	ebfffe88 	bl	254 <ADC0Read>
 830:	e50b0018 	str	r0, [fp, #-24]
 834:	e51b200c 	ldr	r2, [fp, #-12]
 838:	e51b3018 	ldr	r3, [fp, #-24]
 83c:	e1520003 	cmp	r2, r3
 840:	9a00000b 	bls	874 <main+0xdc>
 844:	e3a032ce 	mov	r3, #-536870900	; 0xe000000c
 848:	e283390a 	add	r3, r3, #163840	; 0x28000
 84c:	e3a02702 	mov	r2, #524288	; 0x80000
 850:	e5832000 	str	r2, [r3]
 854:	e3a0324e 	mov	r3, #-536870908	; 0xe0000004
 858:	e283390a 	add	r3, r3, #163840	; 0x28000
 85c:	e3a02802 	mov	r2, #131072	; 0x20000
 860:	e5832000 	str	r2, [r3]
 864:	e51b200c 	ldr	r2, [fp, #-12]
 868:	e51b3018 	ldr	r3, [fp, #-24]
 86c:	e0633002 	rsb	r3, r3, r2
 870:	e50b3008 	str	r3, [fp, #-8]
 874:	e51b200c 	ldr	r2, [fp, #-12]
 878:	e51b3018 	ldr	r3, [fp, #-24]
 87c:	e1520003 	cmp	r2, r3
 880:	2a00000b 	bcs	8b4 <main+0x11c>
 884:	e3a032ce 	mov	r3, #-536870900	; 0xe000000c
 888:	e283390a 	add	r3, r3, #163840	; 0x28000
 88c:	e3a02802 	mov	r2, #131072	; 0x20000
 890:	e5832000 	str	r2, [r3]
 894:	e3a0324e 	mov	r3, #-536870908	; 0xe0000004
 898:	e283390a 	add	r3, r3, #163840	; 0x28000
 89c:	e3a02702 	mov	r2, #524288	; 0x80000
 8a0:	e5832000 	str	r2, [r3]
 8a4:	e51b2018 	ldr	r2, [fp, #-24]
 8a8:	e51b300c 	ldr	r3, [fp, #-12]
 8ac:	e0633002 	rsb	r3, r3, r2
 8b0:	e50b3008 	str	r3, [fp, #-8]
 8b4:	e51b0008 	ldr	r0, [fp, #-8]
 8b8:	eb00008a 	bl	ae8 <setpwm5cycle>
 8bc:	eaffffd0 	b	804 <main+0x6c>

000008c0 <pwm_init>:
 8c0:	e52db004 	push	{fp}		; (str fp, [sp, #-4]!)
 8c4:	e28db000 	add	fp, sp, #0
 8c8:	e3a0320e 	mov	r3, #-536870912	; 0xe0000000
 8cc:	e283390b 	add	r3, r3, #180224	; 0x2c000
 8d0:	e3a0220e 	mov	r2, #-536870912	; 0xe0000000
 8d4:	e282290b 	add	r2, r2, #180224	; 0x2c000
 8d8:	e5922000 	ldr	r2, [r2]
 8dc:	e3c22905 	bic	r2, r2, #81920	; 0x14000
 8e0:	e5832000 	str	r2, [r3]
 8e4:	e3a0320e 	mov	r3, #-536870912	; 0xe0000000
 8e8:	e283390b 	add	r3, r3, #180224	; 0x2c000
 8ec:	e3a0220e 	mov	r2, #-536870912	; 0xe0000000
 8f0:	e282290b 	add	r2, r2, #180224	; 0x2c000
 8f4:	e5922000 	ldr	r2, [r2]
 8f8:	e382290a 	orr	r2, r2, #163840	; 0x28000
 8fc:	e5832000 	str	r2, [r3]
 900:	e3a0324e 	mov	r3, #-536870908	; 0xe0000004
 904:	e283390b 	add	r3, r3, #180224	; 0x2c000
 908:	e3a0224e 	mov	r2, #-536870908	; 0xe0000004
 90c:	e282290b 	add	r2, r2, #180224	; 0x2c000
 910:	e5922000 	ldr	r2, [r2]
 914:	e3c22b02 	bic	r2, r2, #2048	; 0x800
 918:	e5832000 	str	r2, [r3]
 91c:	e3a0324e 	mov	r3, #-536870908	; 0xe0000004
 920:	e283390b 	add	r3, r3, #180224	; 0x2c000
 924:	e3a0224e 	mov	r2, #-536870908	; 0xe0000004
 928:	e282290b 	add	r2, r2, #180224	; 0x2c000
 92c:	e5922000 	ldr	r2, [r2]
 930:	e3822b01 	orr	r2, r2, #1024	; 0x400
 934:	e5832000 	str	r2, [r3]
 938:	e3a0324e 	mov	r3, #-536870908	; 0xe0000004
 93c:	e2833905 	add	r3, r3, #81920	; 0x14000
 940:	e3a02002 	mov	r2, #2
 944:	e5832000 	str	r2, [r3]
 948:	e3a0320e 	mov	r3, #-536870912	; 0xe0000000
 94c:	e2833905 	add	r3, r3, #81920	; 0x14000
 950:	e2833018 	add	r3, r3, #24
 954:	e3a02cbb 	mov	r2, #47872	; 0xbb00
 958:	e2822080 	add	r2, r2, #128	; 0x80
 95c:	e5832000 	str	r2, [r3]
 960:	e3a032ce 	mov	r3, #-536870900	; 0xe000000c
 964:	e2833905 	add	r3, r3, #81920	; 0x14000
 968:	e3a02000 	mov	r2, #0
 96c:	e5832000 	str	r2, [r3]
 970:	e3a0320e 	mov	r3, #-536870912	; 0xe0000000
 974:	e2833905 	add	r3, r3, #81920	; 0x14000
 978:	e283304c 	add	r3, r3, #76	; 0x4c
 97c:	e3a0220e 	mov	r2, #-536870912	; 0xe0000000
 980:	e2822905 	add	r2, r2, #81920	; 0x14000
 984:	e282204c 	add	r2, r2, #76	; 0x4c
 988:	e5922000 	ldr	r2, [r2]
 98c:	e3822b0d 	orr	r2, r2, #13312	; 0x3400
 990:	e5832000 	str	r2, [r3]
 994:	e3a0324e 	mov	r3, #-536870908	; 0xe0000004
 998:	e2833905 	add	r3, r3, #81920	; 0x14000
 99c:	e3a02c02 	mov	r2, #512	; 0x200
 9a0:	e2822001 	add	r2, r2, #1
 9a4:	e5832000 	str	r2, [r3]
 9a8:	e3a0320e 	mov	r3, #-536870912	; 0xe0000000
 9ac:	e2833905 	add	r3, r3, #81920	; 0x14000
 9b0:	e2833020 	add	r3, r3, #32
 9b4:	e3a02dbb 	mov	r2, #11968	; 0x2ec0
 9b8:	e2822020 	add	r2, r2, #32
 9bc:	e5832000 	str	r2, [r3]
 9c0:	e3a0320e 	mov	r3, #-536870912	; 0xe0000000
 9c4:	e2833905 	add	r3, r3, #81920	; 0x14000
 9c8:	e2833040 	add	r3, r3, #64	; 0x40
 9cc:	e3a02c5d 	mov	r2, #23808	; 0x5d00
 9d0:	e28220c0 	add	r2, r2, #192	; 0xc0
 9d4:	e5832000 	str	r2, [r3]
 9d8:	e3a0320e 	mov	r3, #-536870912	; 0xe0000000
 9dc:	e2833905 	add	r3, r3, #81920	; 0x14000
 9e0:	e2833044 	add	r3, r3, #68	; 0x44
 9e4:	e3a02b23 	mov	r2, #35840	; 0x8c00
 9e8:	e28220a0 	add	r2, r2, #160	; 0xa0
 9ec:	e5832000 	str	r2, [r3]
 9f0:	e3a0320e 	mov	r3, #-536870912	; 0xe0000000
 9f4:	e2833905 	add	r3, r3, #81920	; 0x14000
 9f8:	e2833014 	add	r3, r3, #20
 9fc:	e3a02003 	mov	r2, #3
 a00:	e5832000 	str	r2, [r3]
 a04:	e28bd000 	add	sp, fp, #0
 a08:	e8bd0800 	pop	{fp}
 a0c:	e12fff1e 	bx	lr

00000a10 <setpwm2cycle>:
 a10:	e52db004 	push	{fp}		; (str fp, [sp, #-4]!)
 a14:	e28db000 	add	fp, sp, #0
 a18:	e24dd00c 	sub	sp, sp, #12
 a1c:	e50b0008 	str	r0, [fp, #-8]
 a20:	e3a0220e 	mov	r2, #-536870912	; 0xe0000000
 a24:	e2822905 	add	r2, r2, #81920	; 0x14000
 a28:	e2822020 	add	r2, r2, #32
 a2c:	e51b1008 	ldr	r1, [fp, #-8]
 a30:	e1a03001 	mov	r3, r1
 a34:	e1a03083 	lsl	r3, r3, #1
 a38:	e0833001 	add	r3, r3, r1
 a3c:	e1a03183 	lsl	r3, r3, #3
 a40:	e0613003 	rsb	r3, r1, r3
 a44:	e1a03083 	lsl	r3, r3, #1
 a48:	e5823000 	str	r3, [r2]
 a4c:	e3a0320e 	mov	r3, #-536870912	; 0xe0000000
 a50:	e2833905 	add	r3, r3, #81920	; 0x14000
 a54:	e2833050 	add	r3, r3, #80	; 0x50
 a58:	e3a0220e 	mov	r2, #-536870912	; 0xe0000000
 a5c:	e2822905 	add	r2, r2, #81920	; 0x14000
 a60:	e2822050 	add	r2, r2, #80	; 0x50
 a64:	e5922000 	ldr	r2, [r2]
 a68:	e3822034 	orr	r2, r2, #52	; 0x34
 a6c:	e5832000 	str	r2, [r3]
 a70:	e28bd000 	add	sp, fp, #0
 a74:	e8bd0800 	pop	{fp}
 a78:	e12fff1e 	bx	lr

00000a7c <setpwm4cycle>:
 a7c:	e52db004 	push	{fp}		; (str fp, [sp, #-4]!)
 a80:	e28db000 	add	fp, sp, #0
 a84:	e24dd00c 	sub	sp, sp, #12
 a88:	e50b0008 	str	r0, [fp, #-8]
 a8c:	e3a0220e 	mov	r2, #-536870912	; 0xe0000000
 a90:	e2822905 	add	r2, r2, #81920	; 0x14000
 a94:	e2822040 	add	r2, r2, #64	; 0x40
 a98:	e51b1008 	ldr	r1, [fp, #-8]
 a9c:	e1a03001 	mov	r3, r1
 aa0:	e1a03083 	lsl	r3, r3, #1
 aa4:	e0833001 	add	r3, r3, r1
 aa8:	e1a03183 	lsl	r3, r3, #3
 aac:	e0613003 	rsb	r3, r1, r3
 ab0:	e1a03083 	lsl	r3, r3, #1
 ab4:	e5823000 	str	r3, [r2]
 ab8:	e3a0320e 	mov	r3, #-536870912	; 0xe0000000
 abc:	e2833905 	add	r3, r3, #81920	; 0x14000
 ac0:	e2833050 	add	r3, r3, #80	; 0x50
 ac4:	e3a0220e 	mov	r2, #-536870912	; 0xe0000000
 ac8:	e2822905 	add	r2, r2, #81920	; 0x14000
 acc:	e2822050 	add	r2, r2, #80	; 0x50
 ad0:	e5922000 	ldr	r2, [r2]
 ad4:	e3822034 	orr	r2, r2, #52	; 0x34
 ad8:	e5832000 	str	r2, [r3]
 adc:	e28bd000 	add	sp, fp, #0
 ae0:	e8bd0800 	pop	{fp}
 ae4:	e12fff1e 	bx	lr

00000ae8 <setpwm5cycle>:
 ae8:	e52db004 	push	{fp}		; (str fp, [sp, #-4]!)
 aec:	e28db000 	add	fp, sp, #0
 af0:	e24dd00c 	sub	sp, sp, #12
 af4:	e50b0008 	str	r0, [fp, #-8]
 af8:	e3a0220e 	mov	r2, #-536870912	; 0xe0000000
 afc:	e2822905 	add	r2, r2, #81920	; 0x14000
 b00:	e2822044 	add	r2, r2, #68	; 0x44
 b04:	e51b1008 	ldr	r1, [fp, #-8]
 b08:	e1a03001 	mov	r3, r1
 b0c:	e1a03083 	lsl	r3, r3, #1
 b10:	e0833001 	add	r3, r3, r1
 b14:	e1a03183 	lsl	r3, r3, #3
 b18:	e0613003 	rsb	r3, r1, r3
 b1c:	e1a03083 	lsl	r3, r3, #1
 b20:	e5823000 	str	r3, [r2]
 b24:	e3a0320e 	mov	r3, #-536870912	; 0xe0000000
 b28:	e2833905 	add	r3, r3, #81920	; 0x14000
 b2c:	e2833050 	add	r3, r3, #80	; 0x50
 b30:	e3a0220e 	mov	r2, #-536870912	; 0xe0000000
 b34:	e2822905 	add	r2, r2, #81920	; 0x14000
 b38:	e2822050 	add	r2, r2, #80	; 0x50
 b3c:	e5922000 	ldr	r2, [r2]
 b40:	e3822034 	orr	r2, r2, #52	; 0x34
 b44:	e5832000 	str	r2, [r3]
 b48:	e28bd000 	add	sp, fp, #0
 b4c:	e8bd0800 	pop	{fp}
 b50:	e12fff1e 	bx	lr

00000b54 <__aeabi_uidiv>:
 b54:	e2512001 	subs	r2, r1, #1
 b58:	012fff1e 	bxeq	lr
 b5c:	3a000036 	bcc	c3c <__aeabi_uidiv+0xe8>
 b60:	e1500001 	cmp	r0, r1
 b64:	9a000022 	bls	bf4 <__aeabi_uidiv+0xa0>
 b68:	e1110002 	tst	r1, r2
 b6c:	0a000023 	beq	c00 <__aeabi_uidiv+0xac>
 b70:	e311020e 	tst	r1, #-536870912	; 0xe0000000
 b74:	01a01181 	lsleq	r1, r1, #3
 b78:	03a03008 	moveq	r3, #8
 b7c:	13a03001 	movne	r3, #1
 b80:	e3510201 	cmp	r1, #268435456	; 0x10000000
 b84:	31510000 	cmpcc	r1, r0
 b88:	31a01201 	lslcc	r1, r1, #4
 b8c:	31a03203 	lslcc	r3, r3, #4
 b90:	3afffffa 	bcc	b80 <__aeabi_uidiv+0x2c>
 b94:	e3510102 	cmp	r1, #-2147483648	; 0x80000000
 b98:	31510000 	cmpcc	r1, r0
 b9c:	31a01081 	lslcc	r1, r1, #1
 ba0:	31a03083 	lslcc	r3, r3, #1
 ba4:	3afffffa 	bcc	b94 <__aeabi_uidiv+0x40>
 ba8:	e3a02000 	mov	r2, #0
 bac:	e1500001 	cmp	r0, r1
 bb0:	20400001 	subcs	r0, r0, r1
 bb4:	21822003 	orrcs	r2, r2, r3
 bb8:	e15000a1 	cmp	r0, r1, lsr #1
 bbc:	204000a1 	subcs	r0, r0, r1, lsr #1
 bc0:	218220a3 	orrcs	r2, r2, r3, lsr #1
 bc4:	e1500121 	cmp	r0, r1, lsr #2
 bc8:	20400121 	subcs	r0, r0, r1, lsr #2
 bcc:	21822123 	orrcs	r2, r2, r3, lsr #2
 bd0:	e15001a1 	cmp	r0, r1, lsr #3
 bd4:	204001a1 	subcs	r0, r0, r1, lsr #3
 bd8:	218221a3 	orrcs	r2, r2, r3, lsr #3
 bdc:	e3500000 	cmp	r0, #0
 be0:	11b03223 	lsrsne	r3, r3, #4
 be4:	11a01221 	lsrne	r1, r1, #4
 be8:	1affffef 	bne	bac <__aeabi_uidiv+0x58>
 bec:	e1a00002 	mov	r0, r2
 bf0:	e12fff1e 	bx	lr
 bf4:	03a00001 	moveq	r0, #1
 bf8:	13a00000 	movne	r0, #0
 bfc:	e12fff1e 	bx	lr
 c00:	e3510801 	cmp	r1, #65536	; 0x10000
 c04:	21a01821 	lsrcs	r1, r1, #16
 c08:	23a02010 	movcs	r2, #16
 c0c:	33a02000 	movcc	r2, #0
 c10:	e3510c01 	cmp	r1, #256	; 0x100
 c14:	21a01421 	lsrcs	r1, r1, #8
 c18:	22822008 	addcs	r2, r2, #8
 c1c:	e3510010 	cmp	r1, #16
 c20:	21a01221 	lsrcs	r1, r1, #4
 c24:	22822004 	addcs	r2, r2, #4
 c28:	e3510004 	cmp	r1, #4
 c2c:	82822003 	addhi	r2, r2, #3
 c30:	908220a1 	addls	r2, r2, r1, lsr #1
 c34:	e1a00230 	lsr	r0, r0, r2
 c38:	e12fff1e 	bx	lr
 c3c:	e3500000 	cmp	r0, #0
 c40:	13e00000 	mvnne	r0, #0
 c44:	ea000007 	b	c68 <__aeabi_idiv0>

00000c48 <__aeabi_uidivmod>:
 c48:	e3510000 	cmp	r1, #0
 c4c:	0afffffa 	beq	c3c <__aeabi_uidiv+0xe8>
 c50:	e92d4003 	push	{r0, r1, lr}
 c54:	ebffffbe 	bl	b54 <__aeabi_uidiv>
 c58:	e8bd4006 	pop	{r1, r2, lr}
 c5c:	e0030092 	mul	r3, r2, r0
 c60:	e0411003 	sub	r1, r1, r3
 c64:	e12fff1e 	bx	lr

00000c68 <__aeabi_idiv0>:
 c68:	e12fff1e 	bx	lr
