   1              		.cpu arm7tdmi
   2              		.fpu softvfp
   3              		.eabi_attribute 20, 1
   4              		.eabi_attribute 21, 1
   5              		.eabi_attribute 23, 3
   6              		.eabi_attribute 24, 1
   7              		.eabi_attribute 25, 1
   8              		.eabi_attribute 26, 1
   9              		.eabi_attribute 30, 6
  10              		.eabi_attribute 18, 4
  11              		.file	"gpio.c"
  21              	.Ltext0:
  22              		.file 1 "../Modules/gpio.c"
 1790              		.align	2
 1791              		.global	GPIOInit
 1793              	GPIOInit:
 1794              	.LFB0:
   1:../Modules/gpio.c **** /*------------------------------------------------------------------------------------*/
   2:../Modules/gpio.c **** /*                                       HEADER                                       */
   3:../Modules/gpio.c **** /*------------------------------------------------------------------------------------*/
   4:../Modules/gpio.c **** 
   5:../Modules/gpio.c **** /***************************************************************************************
   6:../Modules/gpio.c ****  *Project Name: MA2000 Firmware
   7:../Modules/gpio.c ****  *	   Version: 0.24
   8:../Modules/gpio.c ****  *   File Name: gpio.c
   9:../Modules/gpio.c ****  *  Created on: 19/03/2013
  10:../Modules/gpio.c ****  *      Author: Daniel Teodoro G. Mariano
  11:../Modules/gpio.c ****  *       Email: dtgm@uol.com.br
  12:../Modules/gpio.c ****  * Description: GPIO Module with the purpose of setting the output pins
  13:../Modules/gpio.c **** ***************************************************************************************/
  14:../Modules/gpio.c **** 
  15:../Modules/gpio.c **** /*------------------------------------------------------------------------------------*/
  16:../Modules/gpio.c **** /*                                 	   INCLUDES                                       */
  17:../Modules/gpio.c **** /*------------------------------------------------------------------------------------*/
  18:../Modules/gpio.c **** #include "LPC214x.h"
  19:../Modules/gpio.c **** #include "gpio.h"
  20:../Modules/gpio.c **** 
  21:../Modules/gpio.c **** /*------------------------------------------------------------------------------------*/
  22:../Modules/gpio.c **** /*                               FUNCTIONS  IMPLEMENTATION                            */
  23:../Modules/gpio.c **** /*------------------------------------------------------------------------------------*/
  24:../Modules/gpio.c **** 
  25:../Modules/gpio.c **** /***************************************************************************************
  26:../Modules/gpio.c ****  * Function Name: GPIOInit()
  27:../Modules/gpio.c ****  * 		 	Type: Void
  28:../Modules/gpio.c ****  *	  Parameters: None
  29:../Modules/gpio.c ****  * 	 	 Returns: Void
  30:../Modules/gpio.c ****  * 	 Description: Sets P0.18, P0.19 as GPIO
  31:../Modules/gpio.c **** ***************************************************************************************/
  32:../Modules/gpio.c **** 
  33:../Modules/gpio.c **** void GPIOInit()
  34:../Modules/gpio.c **** {
 1795              		.loc 1 34 0
 1796              		.cfi_startproc
 1797              		@ Function supports interworking.
 1798              		@ args = 0, pretend = 0, frame = 0
 1799              		@ frame_needed = 1, uses_anonymous_args = 0
 1800              		@ link register save eliminated.
 1801 0000 04B02DE5 		str	fp, [sp, #-4]!
 1802              	.LCFI0:
 1803              		.cfi_def_cfa_offset 4
 1804 0004 00B08DE2 		add	fp, sp, #0
 1805              		.cfi_offset 11, -4
 1806              	.LCFI1:
 1807              		.cfi_def_cfa_register 11
  35:../Modules/gpio.c **** 	//Setting GPIO Port 0.18 function: Sets P0.18 with value 00 for Bits 5 and 4 (PINSEL1)
  36:../Modules/gpio.c **** 	//P0.18       EXT1-19		EXT1 7
  37:../Modules/gpio.c **** 	PINSEL1 &= ~((1<<4)|(1<<5));
 1808              		.loc 1 37 0
 1809 0008 4E32A0E3 		mov	r3, #-536870908
 1810 000c 0B3983E2 		add	r3, r3, #180224
 1811 0010 4E22A0E3 		mov	r2, #-536870908
 1812 0014 0B2982E2 		add	r2, r2, #180224
 1813 0018 002092E5 		ldr	r2, [r2, #0]
 1814 001c 3020C2E3 		bic	r2, r2, #48
 1815 0020 002083E5 		str	r2, [r3, #0]
  38:../Modules/gpio.c **** 	IODIR0 |= (1<<18);	//Setting P0.18 as output
 1816              		.loc 1 38 0
 1817 0024 8E32A0E3 		mov	r3, #-536870904
 1818 0028 0A3983E2 		add	r3, r3, #163840
 1819 002c 8E22A0E3 		mov	r2, #-536870904
 1820 0030 0A2982E2 		add	r2, r2, #163840
 1821 0034 002092E5 		ldr	r2, [r2, #0]
 1822 0038 012782E3 		orr	r2, r2, #262144
 1823 003c 002083E5 		str	r2, [r3, #0]
  39:../Modules/gpio.c **** 
  40:../Modules/gpio.c **** 	//Setting GPIO Port 0.19 function: Sets P0.19 with value 00 for Bits 7 and 6 (PINSEL1)
  41:../Modules/gpio.c **** 	//P0.19      EXT1-20		EXT1 8
  42:../Modules/gpio.c **** 	PINSEL1 &= ~((1<<6)|(1<<7));
 1824              		.loc 1 42 0
 1825 0040 4E32A0E3 		mov	r3, #-536870908
 1826 0044 0B3983E2 		add	r3, r3, #180224
 1827 0048 4E22A0E3 		mov	r2, #-536870908
 1828 004c 0B2982E2 		add	r2, r2, #180224
 1829 0050 002092E5 		ldr	r2, [r2, #0]
 1830 0054 C020C2E3 		bic	r2, r2, #192
 1831 0058 002083E5 		str	r2, [r3, #0]
  43:../Modules/gpio.c **** 	IODIR0 |= (1<<19);	//Setting P0.19 as output
 1832              		.loc 1 43 0
 1833 005c 8E32A0E3 		mov	r3, #-536870904
 1834 0060 0A3983E2 		add	r3, r3, #163840
 1835 0064 8E22A0E3 		mov	r2, #-536870904
 1836 0068 0A2982E2 		add	r2, r2, #163840
 1837 006c 002092E5 		ldr	r2, [r2, #0]
 1838 0070 022782E3 		orr	r2, r2, #524288
 1839 0074 002083E5 		str	r2, [r3, #0]
  44:../Modules/gpio.c **** }
 1840              		.loc 1 44 0
 1841 0078 00D08BE2 		add	sp, fp, #0
 1842 007c 0008BDE8 		ldmfd	sp!, {fp}
 1843 0080 1EFF2FE1 		bx	lr
 1844              		.cfi_endproc
 1845              	.LFE0:
 1847              	.Letext0:
DEFINED SYMBOLS
                            *ABS*:00000000 gpio.c
C:\Users\Daniel\AppData\Local\Temp\ccToxB9b.s:1790   .text:00000000 $a
C:\Users\Daniel\AppData\Local\Temp\ccToxB9b.s:1793   .text:00000000 GPIOInit
                     .debug_frame:00000010 $d

NO UNDEFINED SYMBOLS
