
**** Build of configuration Debug for project MA2000 Firmware v0.2 ****

make all 
Building file: ../adc.c
Invoking: ARM Yagarto Windows GCC C Compiler
arm-none-eabi-gcc -I"C:\ARM\PROGRAMAS\LPC2148\MA2000 Firmware v0.2" -O0 -Wall -Wa,-adhlns="adc.o.lst" -c -fmessage-length=0 -MMD -MP -MF"adc.d" -MT"adc.d" -mcpu=arm7tdmi -g3 -gdwarf-2 -o"adc.o" "../adc.c"
Finished building: ../adc.c
 
Building file: ../cpu_init.c
Invoking: ARM Yagarto Windows GCC C Compiler
arm-none-eabi-gcc -I"C:\ARM\PROGRAMAS\LPC2148\MA2000 Firmware v0.2" -O0 -Wall -Wa,-adhlns="cpu_init.o.lst" -c -fmessage-length=0 -MMD -MP -MF"cpu_init.d" -MT"cpu_init.d" -mcpu=arm7tdmi -g3 -gdwarf-2 -o"cpu_init.o" "../cpu_init.c"
Finished building: ../cpu_init.c
 
Building file: ../low_level_init.c
Invoking: ARM Yagarto Windows GCC C Compiler
arm-none-eabi-gcc -I"C:\ARM\PROGRAMAS\LPC2148\MA2000 Firmware v0.2" -O0 -Wall -Wa,-adhlns="low_level_init.o.lst" -c -fmessage-length=0 -MMD -MP -MF"low_level_init.d" -MT"low_level_init.d" -mcpu=arm7tdmi -g3 -gdwarf-2 -o"low_level_init.o" "../low_level_init.c"
Finished building: ../low_level_init.c
 
Building file: ../ma2000main.c
Invoking: ARM Yagarto Windows GCC C Compiler
arm-none-eabi-gcc -I"C:\ARM\PROGRAMAS\LPC2148\MA2000 Firmware v0.2" -O0 -Wall -Wa,-adhlns="ma2000main.o.lst" -c -fmessage-length=0 -MMD -MP -MF"ma2000main.d" -MT"ma2000main.d" -mcpu=arm7tdmi -g3 -gdwarf-2 -o"ma2000main.o" "../ma2000main.c"
../ma2000main.c: In function 'main':
../ma2000main.c:45:6: warning: unused variable 'j'
Finished building: ../ma2000main.c
 
Building file: ../pwm.c
Invoking: ARM Yagarto Windows GCC C Compiler
arm-none-eabi-gcc -I"C:\ARM\PROGRAMAS\LPC2148\MA2000 Firmware v0.2" -O0 -Wall -Wa,-adhlns="pwm.o.lst" -c -fmessage-length=0 -MMD -MP -MF"pwm.d" -MT"pwm.d" -mcpu=arm7tdmi -g3 -gdwarf-2 -o"pwm.o" "../pwm.c"
Finished building: ../pwm.c
 
Building file: ../startup.S
Invoking: ARM Yagarto Windows GCC Assembler
arm-none-eabi-gcc -x assembler-with-cpp -I"C:\ARM\PROGRAMAS\LPC2148\MA2000 Firmware v0.2" -Wall -Wa,-adhlns="startup.o.lst" -c -fmessage-length=0 -MMD -MP -MF"startup.d" -MT"startup.d" -mcpu=arm7tdmi -g3 -gdwarf-2 -o"startup.o" "../startup.S"
Finished building: ../startup.S
 
Building target: MA2000 Firmware v0.2.elf
Invoking: ARM Yagarto Windows GCC C Linker
arm-none-eabi-gcc -T"C:\ARM\PROGRAMAS\LPC2148\MA2000 Firmware v0.2\lpc2148_rom.ld" -nostartfiles -Wl,-Map,MA2000 Firmware v0.2.map -mcpu=arm7tdmi -g3 -gdwarf-2 -o"MA2000 Firmware v0.2.elf"  ./adc.o ./cpu_init.o ./low_level_init.o ./ma2000main.o ./pwm.o ./startup.o   
arm-none-eabi-gcc.exe: Firmware: No such file or directory
arm-none-eabi-gcc.exe: v0.2.map: No such file or directory
make: *** [MA2000 Firmware v0.2.elf] Error 1
